ATTENTION: default value of option vblank_mode overridden by environment.
2023-12-12 22:19:11: WARNING[Main]: [Client] m_server_ser_ser not set yet
2023-12-12 22:19:11: WARNING[Main]: [Client] m_server_ser_ser not set yet
2023-12-12 22:19:11: WARNING[Main]: Client::ReceiveAll(): Packet processing budget exceeded.
2023-12-12 22:19:11: WARNING[Main]: Try to connect to agent address: tcp://localhost:5555
2023-12-12 22:19:11: WARNING[Main]: [Client] Reading out INFO = | 2023-12-12 22:19:11.590883258
2023-12-12 22:19:11: WARNING[Main]: [Client] Reading out REWARD = 0.000000| 2023-12-12 22:19:11.591005608
2023-12-12 22:19:11: WARNING[Main]: [Client] Reading out INFO = | 2023-12-12 22:19:11.626934123
2023-12-12 22:19:11: WARNING[Main]: [Client] Reading out REWARD = 0.000000| 2023-12-12 22:19:11.627029377
2023-12-12 22:19:11: WARNING[Main]: [Client] Reading out INFO = | 2023-12-12 22:19:11.649228587
2023-12-12 22:19:11: WARNING[Main]: [Client] Reading out REWARD = 0.000000| 2023-12-12 22:19:11.649344145
2023-12-12 22:19:11: WARNING[Main]: [Client] Reading out INFO = | 2023-12-12 22:19:11.671888194
2023-12-12 22:19:11: WARNING[Main]: [Client] Reading out REWARD = 0.000000| 2023-12-12 22:19:11.672001356
2023-12-12 22:19:11: WARNING[Main]: [Client] Reading out INFO = | 2023-12-12 22:19:11.693470058
2023-12-12 22:19:11: WARNING[Main]: [Client] Reading out REWARD = 0.000000| 2023-12-12 22:19:11.693584261
2023-12-12 22:19:11: WARNING[Main]: [Client] Reading out INFO = | 2023-12-12 22:19:11.714755754
2023-12-12 22:19:11: WARNING[Main]: [Client] Reading out REWARD = 0.000000| 2023-12-12 22:19:11.714892846
2023-12-12 22:19:11: WARNING[Main]: [Client] Reading out INFO = | 2023-12-12 22:19:11.735507150
2023-12-12 22:19:11: WARNING[Main]: [Client] Reading out REWARD = 0.000000| 2023-12-12 22:19:11.735668266
2023-12-12 22:19:11: WARNING[Main]: [Client] Reading out INFO = | 2023-12-12 22:19:11.756283062
2023-12-12 22:19:11: WARNING[Main]: [Client] Reading out REWARD = 0.000000| 2023-12-12 22:19:11.756402126
2023-12-12 22:19:11: WARNING[Main]: [Client] Reading out INFO = | 2023-12-12 22:19:11.779142613
2023-12-12 22:19:11: WARNING[Main]: [Client] Reading out REWARD = 0.000000| 2023-12-12 22:19:11.779288245
2023-12-12 22:19:11: WARNING[Main]: [Client] Reading out INFO = | 2023-12-12 22:19:11.800213065
2023-12-12 22:19:11: WARNING[Main]: [Client] Reading out REWARD = 0.000000| 2023-12-12 22:19:11.800338191
2023-12-12 22:19:11: WARNING[Main]: [Client] Reading out INFO = | 2023-12-12 22:19:11.822442741
2023-12-12 22:19:11: WARNING[Main]: [Client] Reading out REWARD = 0.000000| 2023-12-12 22:19:11.822596062
2023-12-12 22:19:11: WARNING[Main]: [Client] Reading out INFO = | 2023-12-12 22:19:11.842483653
2023-12-12 22:19:11: WARNING[Main]: [Client] Reading out REWARD = 0.000000| 2023-12-12 22:19:11.842573532
2023-12-12 22:19:11: WARNING[Main]: [Client] Reading out INFO = | 2023-12-12 22:19:11.866233773
2023-12-12 22:19:11: WARNING[Main]: [Client] Reading out REWARD = 0.000000| 2023-12-12 22:19:11.866320731
2023-12-12 22:19:11: WARNING[Main]: [Client] Reading out INFO = | 2023-12-12 22:19:11.887284229
2023-12-12 22:19:11: WARNING[Main]: [Client] Reading out REWARD = 0.000000| 2023-12-12 22:19:11.887413806
2023-12-12 22:19:11: WARNING[Main]: [Client] Reading out INFO = | 2023-12-12 22:19:11.910237657
2023-12-12 22:19:11: WARNING[Main]: [Client] Reading out REWARD = 0.000000| 2023-12-12 22:19:11.910335946
2023-12-12 22:19:11: WARNING[Main]: [Client] Reading out INFO = | 2023-12-12 22:19:11.931265053
2023-12-12 22:19:11: WARNING[Main]: [Client] Reading out REWARD = 0.000000| 2023-12-12 22:19:11.931357223
2023-12-12 22:19:11: WARNING[Main]: [Client] Reading out INFO = | 2023-12-12 22:19:11.953810517
2023-12-12 22:19:11: WARNING[Main]: [Client] Reading out REWARD = 0.000000| 2023-12-12 22:19:11.953894961
2023-12-12 22:19:11: WARNING[Main]: [Client] Reading out INFO = | 2023-12-12 22:19:11.976205487
2023-12-12 22:19:11: WARNING[Main]: [Client] Reading out REWARD = 0.000000| 2023-12-12 22:19:11.976300657
2023-12-12 22:19:11: WARNING[Main]: [Client] Reading out INFO = | 2023-12-12 22:19:11.998283423
2023-12-12 22:19:11: WARNING[Main]: [Client] Reading out REWARD = 0.000000| 2023-12-12 22:19:11.998410444
2023-12-12 22:19:12: WARNING[Main]: [Client] Reading out INFO = | 2023-12-12 22:19:12.022318046
2023-12-12 22:19:12: WARNING[Main]: [Client] Reading out REWARD = 0.000000| 2023-12-12 22:19:12.022392202
2023-12-12 22:19:12: WARNING[Main]: [Client] Reading out INFO = | 2023-12-12 22:19:12.042419772
2023-12-12 22:19:12: WARNING[Main]: [Client] Reading out REWARD = 0.000000| 2023-12-12 22:19:12.042562986
2023-12-12 22:19:12: WARNING[Main]: [Client] Reading out INFO = | 2023-12-12 22:19:12.064742266
2023-12-12 22:19:12: WARNING[Main]: [Client] Reading out REWARD = 0.000000| 2023-12-12 22:19:12.064840834
2023-12-12 22:19:12: WARNING[Main]: [Client] Reading out INFO = | 2023-12-12 22:19:12.083660110
2023-12-12 22:19:12: WARNING[Main]: [Client] Reading out REWARD = 0.000000| 2023-12-12 22:19:12.083751571
2023-12-12 22:19:12: WARNING[Main]: [Client] Reading out INFO = | 2023-12-12 22:19:12.126338920
2023-12-12 22:19:12: WARNING[Main]: [Client] Reading out REWARD = 0.000000| 2023-12-12 22:19:12.126476942
2023-12-12 22:19:12: WARNING[Main]: [Client] Reading out INFO = | 2023-12-12 22:19:12.158116174
2023-12-12 22:19:12: WARNING[Main]: [Client] Reading out REWARD = 0.000000| 2023-12-12 22:19:12.158284725
2023-12-12 22:19:12: WARNING[Main]: [Client] Reading out INFO = | 2023-12-12 22:19:12.192939162
2023-12-12 22:19:12: WARNING[Main]: [Client] Reading out REWARD = 0.000000| 2023-12-12 22:19:12.193042587
2023-12-12 22:19:12: WARNING[Main]: [Client] Reading out INFO = | 2023-12-12 22:19:12.256584215
2023-12-12 22:19:12: WARNING[Main]: [Client] Reading out REWARD = 0.000000| 2023-12-12 22:19:12.256703540
2023-12-12 22:19:12: WARNING[Main]: [Client] Reading out INFO = | 2023-12-12 22:19:12.298481398
2023-12-12 22:19:12: WARNING[Main]: [Client] Reading out REWARD = 0.000000| 2023-12-12 22:19:12.298587255
2023-12-12 22:19:12: WARNING[Main]: [Client] Reading out INFO = | 2023-12-12 22:19:12.331706255
2023-12-12 22:19:12: WARNING[Main]: [Client] Reading out REWARD = 0.000000| 2023-12-12 22:19:12.331796726
2023-12-12 22:19:12: WARNING[Main]: [Client] Reading out INFO = | 2023-12-12 22:19:12.358477326
2023-12-12 22:19:12: WARNING[Main]: [Client] Reading out REWARD = 0.000000| 2023-12-12 22:19:12.358573085
2023-12-12 22:19:12: WARNING[Main]: [Client] Reading out INFO = | 2023-12-12 22:19:12.387799175
2023-12-12 22:19:12: WARNING[Main]: [Client] Reading out REWARD = 0.000000| 2023-12-12 22:19:12.387880645
2023-12-12 22:19:12: WARNING[Main]: [Client] Reading out INFO = | 2023-12-12 22:19:12.420432352
2023-12-12 22:19:12: WARNING[Main]: [Client] Reading out REWARD = 0.000000| 2023-12-12 22:19:12.420546362
2023-12-12 22:19:12: WARNING[Main]: [Client] Reading out INFO = | 2023-12-12 22:19:12.454786341
2023-12-12 22:19:12: WARNING[Main]: [Client] Reading out REWARD = 0.000000| 2023-12-12 22:19:12.454882189
2023-12-12 22:19:12: WARNING[Main]: [Client] Reading out INFO = | 2023-12-12 22:19:12.489174859
2023-12-12 22:19:12: WARNING[Main]: [Client] Reading out REWARD = 0.000000| 2023-12-12 22:19:12.489261113
2023-12-12 22:19:12: WARNING[Main]: [Client] Reading out INFO = | 2023-12-12 22:19:12.515734660
2023-12-12 22:19:12: WARNING[Main]: [Client] Reading out REWARD = 0.000000| 2023-12-12 22:19:12.515816903
2023-12-12 22:19:12: WARNING[Main]: [Client] Reading out INFO = | 2023-12-12 22:19:12.544376551
2023-12-12 22:19:12: WARNING[Main]: [Client] Reading out REWARD = 0.000000| 2023-12-12 22:19:12.544523699
2023-12-12 22:19:12: WARNING[Main]: [Client] Reading out INFO = | 2023-12-12 22:19:12.584864219
2023-12-12 22:19:12: WARNING[Main]: [Client] Reading out REWARD = 0.000000| 2023-12-12 22:19:12.584949450
2023-12-12 22:19:12: WARNING[Main]: [Client] Reading out INFO = | 2023-12-12 22:19:12.622006858
2023-12-12 22:19:12: WARNING[Main]: [Client] Reading out REWARD = 0.000000| 2023-12-12 22:19:12.622106763
2023-12-12 22:19:12: WARNING[Main]: [Client] Reading out INFO = | 2023-12-12 22:19:12.651024798
2023-12-12 22:19:12: WARNING[Main]: [Client] Reading out REWARD = 0.000000| 2023-12-12 22:19:12.651113263
2023-12-12 22:19:12: WARNING[Main]: [Client] Reading out INFO = | 2023-12-12 22:19:12.697271725
2023-12-12 22:19:12: WARNING[Main]: [Client] Reading out REWARD = 0.000000| 2023-12-12 22:19:12.697394463
2023-12-12 22:19:12: WARNING[Main]: [Client] Reading out INFO = | 2023-12-12 22:19:12.740090822
2023-12-12 22:19:12: WARNING[Main]: [Client] Reading out REWARD = 0.000000| 2023-12-12 22:19:12.740180271
2023-12-12 22:19:12: WARNING[Main]: [Client] Reading out INFO = | 2023-12-12 22:19:12.790235643
2023-12-12 22:19:12: WARNING[Main]: [Client] Reading out REWARD = 0.000000| 2023-12-12 22:19:12.790428985
2023-12-12 22:19:12: WARNING[Main]: [Client] Reading out INFO = | 2023-12-12 22:19:12.835719279
2023-12-12 22:19:12: WARNING[Main]: [Client] Reading out REWARD = 0.000000| 2023-12-12 22:19:12.835828815
2023-12-12 22:19:12: WARNING[Main]: [Client] Reading out INFO = | 2023-12-12 22:19:12.876519590
2023-12-12 22:19:12: WARNING[Main]: [Client] Reading out REWARD = 0.000000| 2023-12-12 22:19:12.876616561
2023-12-12 22:19:12: WARNING[Main]: [Client] Reading out INFO = | 2023-12-12 22:19:12.920992466
2023-12-12 22:19:12: WARNING[Main]: [Client] Reading out REWARD = 0.000000| 2023-12-12 22:19:12.921120928
2023-12-12 22:19:12: WARNING[Main]: [Client] Reading out INFO = | 2023-12-12 22:19:12.999317891
2023-12-12 22:19:12: WARNING[Main]: [Client] Reading out REWARD = 0.000000| 2023-12-12 22:19:12.999463729
2023-12-12 22:19:13: WARNING[Main]: [Client] Reading out INFO = | 2023-12-12 22:19:13.047953499
2023-12-12 22:19:13: WARNING[Main]: [Client] Reading out REWARD = 0.000000| 2023-12-12 22:19:13.048025966
2023-12-12 22:19:13: WARNING[Main]: [Client] Reading out INFO = | 2023-12-12 22:19:13.083457956
2023-12-12 22:19:13: WARNING[Main]: [Client] Reading out REWARD = 0.000000| 2023-12-12 22:19:13.083531413
2023-12-12 22:19:13: WARNING[Main]: [Client] Reading out INFO = | 2023-12-12 22:19:13.117068961
2023-12-12 22:19:13: WARNING[Main]: [Client] Reading out REWARD = 0.000000| 2023-12-12 22:19:13.117148446
2023-12-12 22:19:13: WARNING[Main]: [Client] Reading out INFO = | 2023-12-12 22:19:13.149019553
2023-12-12 22:19:13: WARNING[Main]: [Client] Reading out REWARD = 0.000000| 2023-12-12 22:19:13.149099056
2023-12-12 22:19:13: WARNING[Main]: [Client] Reading out INFO = | 2023-12-12 22:19:13.182890675
2023-12-12 22:19:13: WARNING[Main]: [Client] Reading out REWARD = 0.000000| 2023-12-12 22:19:13.182979607
2023-12-12 22:19:13: WARNING[Main]: [Client] Reading out INFO = | 2023-12-12 22:19:13.214749029
2023-12-12 22:19:13: WARNING[Main]: [Client] Reading out REWARD = 0.000000| 2023-12-12 22:19:13.214835777
2023-12-12 22:19:13: WARNING[Main]: [Client] Reading out INFO = | 2023-12-12 22:19:13.246579710
2023-12-12 22:19:13: WARNING[Main]: [Client] Reading out REWARD = 0.000000| 2023-12-12 22:19:13.246660322
2023-12-12 22:19:13: WARNING[Main]: [Client] Reading out INFO = | 2023-12-12 22:19:13.276041884
2023-12-12 22:19:13: WARNING[Main]: [Client] Reading out REWARD = 0.000000| 2023-12-12 22:19:13.276150095
2023-12-12 22:19:13: WARNING[Main]: [Client] Reading out INFO = | 2023-12-12 22:19:13.308350584
2023-12-12 22:19:13: WARNING[Main]: [Client] Reading out REWARD = 0.000000| 2023-12-12 22:19:13.308477158
2023-12-12 22:19:13: WARNING[Main]: [Client] Reading out INFO = | 2023-12-12 22:19:13.350535707
2023-12-12 22:19:13: WARNING[Main]: [Client] Reading out REWARD = 0.000000| 2023-12-12 22:19:13.350727664
2023-12-12 22:19:13: WARNING[Main]: [Client] Reading out INFO = | 2023-12-12 22:19:13.390927365
2023-12-12 22:19:13: WARNING[Main]: [Client] Reading out REWARD = 0.000000| 2023-12-12 22:19:13.391023546
2023-12-12 22:19:13: WARNING[Main]: [Client] Reading out INFO = | 2023-12-12 22:19:13.428638164
2023-12-12 22:19:13: WARNING[Main]: [Client] Reading out REWARD = 0.000000| 2023-12-12 22:19:13.428733057
2023-12-12 22:19:13: WARNING[Main]: [Client] Reading out INFO = | 2023-12-12 22:19:13.459393133
2023-12-12 22:19:13: WARNING[Main]: [Client] Reading out REWARD = 0.000000| 2023-12-12 22:19:13.459468570
2023-12-12 22:19:13: WARNING[Main]: [Client] Reading out INFO = | 2023-12-12 22:19:13.503694709
2023-12-12 22:19:13: WARNING[Main]: [Client] Reading out REWARD = 0.000000| 2023-12-12 22:19:13.503773645
2023-12-12 22:19:13: WARNING[Main]: [Client] Reading out INFO = | 2023-12-12 22:19:13.527670606
2023-12-12 22:19:13: WARNING[Main]: [Client] Reading out REWARD = 0.000000| 2023-12-12 22:19:13.527744807
2023-12-12 22:19:13: WARNING[Main]: [Client] Reading out INFO = | 2023-12-12 22:19:13.553372961
2023-12-12 22:19:13: WARNING[Main]: [Client] Reading out REWARD = 0.000000| 2023-12-12 22:19:13.553490564
2023-12-12 22:19:13: WARNING[Main]: [Client] Reading out INFO = | 2023-12-12 22:19:13.600055257
2023-12-12 22:19:13: WARNING[Main]: [Client] Reading out REWARD = 0.000000| 2023-12-12 22:19:13.600192858
2023-12-12 22:19:13: WARNING[Main]: [Client] Reading out INFO = | 2023-12-12 22:19:13.650140292
2023-12-12 22:19:13: WARNING[Main]: [Client] Reading out REWARD = 0.000000| 2023-12-12 22:19:13.650342912
2023-12-12 22:19:13: WARNING[Main]: [Client] Reading out INFO = | 2023-12-12 22:19:13.702659616
2023-12-12 22:19:13: WARNING[Main]: [Client] Reading out REWARD = 0.000000| 2023-12-12 22:19:13.702855983
2023-12-12 22:19:13: WARNING[Main]: [Client] Reading out INFO = | 2023-12-12 22:19:13.741006794
2023-12-12 22:19:13: WARNING[Main]: [Client] Reading out REWARD = 0.000000| 2023-12-12 22:19:13.741158281
2023-12-12 22:19:13: WARNING[Main]: [Client] Reading out INFO = | 2023-12-12 22:19:13.786620949
2023-12-12 22:19:13: WARNING[Main]: [Client] Reading out REWARD = 0.000000| 2023-12-12 22:19:13.786778445
2023-12-12 22:19:13: WARNING[Main]: [Client] Reading out INFO = | 2023-12-12 22:19:13.843257349
2023-12-12 22:19:13: WARNING[Main]: [Client] Reading out REWARD = 0.000000| 2023-12-12 22:19:13.843337502
2023-12-12 22:19:13: WARNING[Main]: [Client] Reading out INFO = | 2023-12-12 22:19:13.879413827
2023-12-12 22:19:13: WARNING[Main]: [Client] Reading out REWARD = 0.000000| 2023-12-12 22:19:13.879542162
2023-12-12 22:19:13: WARNING[Main]: [Client] Reading out INFO = | 2023-12-12 22:19:13.930134705
2023-12-12 22:19:13: WARNING[Main]: [Client] Reading out REWARD = 0.000000| 2023-12-12 22:19:13.930225470
2023-12-12 22:19:13: WARNING[Main]: [Client] Reading out INFO = | 2023-12-12 22:19:13.961141888
2023-12-12 22:19:13: WARNING[Main]: [Client] Reading out REWARD = 0.000000| 2023-12-12 22:19:13.961240665
2023-12-12 22:19:13: WARNING[Main]: [Client] Reading out INFO = | 2023-12-12 22:19:13.989592218
2023-12-12 22:19:13: WARNING[Main]: [Client] Reading out REWARD = 0.000000| 2023-12-12 22:19:13.989678684
2023-12-12 22:19:14: WARNING[Main]: [Client] Reading out INFO = | 2023-12-12 22:19:14.026735381
2023-12-12 22:19:14: WARNING[Main]: [Client] Reading out REWARD = 0.000000| 2023-12-12 22:19:14.026839667
2023-12-12 22:19:14: WARNING[Main]: [Client] Reading out INFO = | 2023-12-12 22:19:14.055230497
2023-12-12 22:19:14: WARNING[Main]: [Client] Reading out REWARD = 0.000000| 2023-12-12 22:19:14.055321483
2023-12-12 22:19:14: WARNING[Main]: [Client] Reading out INFO = | 2023-12-12 22:19:14.088296067
2023-12-12 22:19:14: WARNING[Main]: [Client] Reading out REWARD = 0.000000| 2023-12-12 22:19:14.088410206
2023-12-12 22:19:14: WARNING[Main]: [Client] Reading out INFO = | 2023-12-12 22:19:14.125981769
2023-12-12 22:19:14: WARNING[Main]: [Client] Reading out REWARD = 0.000000| 2023-12-12 22:19:14.126112386
2023-12-12 22:19:14: WARNING[Main]: [Client] Reading out INFO = | 2023-12-12 22:19:14.167316750
2023-12-12 22:19:14: WARNING[Main]: [Client] Reading out REWARD = 0.000000| 2023-12-12 22:19:14.167411730
2023-12-12 22:19:14: WARNING[Main]: [Client] Reading out INFO = | 2023-12-12 22:19:14.211007883
2023-12-12 22:19:14: WARNING[Main]: [Client] Reading out REWARD = 0.000000| 2023-12-12 22:19:14.211107675
2023-12-12 22:19:14: WARNING[Main]: [Client] Reading out INFO = | 2023-12-12 22:19:14.247913833
2023-12-12 22:19:14: WARNING[Main]: [Client] Reading out REWARD = 0.000000| 2023-12-12 22:19:14.248001406
2023-12-12 22:19:14: WARNING[Main]: [Client] Reading out INFO = | 2023-12-12 22:19:14.279531304
2023-12-12 22:19:14: WARNING[Main]: [Client] Reading out REWARD = 0.000000| 2023-12-12 22:19:14.279643928
2023-12-12 22:19:14: WARNING[Main]: [Client] Reading out INFO = | 2023-12-12 22:19:14.310741729
2023-12-12 22:19:14: WARNING[Main]: [Client] Reading out REWARD = 0.000000| 2023-12-12 22:19:14.310826333
2023-12-12 22:19:14: WARNING[Main]: [Client] Reading out INFO = | 2023-12-12 22:19:14.346799351
2023-12-12 22:19:14: WARNING[Main]: [Client] Reading out REWARD = 0.000000| 2023-12-12 22:19:14.346916726
2023-12-12 22:19:14: WARNING[Main]: [Client] Reading out INFO = | 2023-12-12 22:19:14.395108252
2023-12-12 22:19:14: WARNING[Main]: [Client] Reading out REWARD = 0.000000| 2023-12-12 22:19:14.395222977
2023-12-12 22:19:14: WARNING[Main]: [Client] Reading out INFO = | 2023-12-12 22:19:14.464534611
2023-12-12 22:19:14: WARNING[Main]: [Client] Reading out REWARD = 0.000000| 2023-12-12 22:19:14.464644041
2023-12-12 22:19:14: WARNING[Main]: [Client] Reading out INFO = | 2023-12-12 22:19:14.525313116
2023-12-12 22:19:14: WARNING[Main]: [Client] Reading out REWARD = 0.000000| 2023-12-12 22:19:14.525441636
2023-12-12 22:19:14: WARNING[Main]: [Client] Reading out INFO = | 2023-12-12 22:19:14.583238923
2023-12-12 22:19:14: WARNING[Main]: [Client] Reading out REWARD = 0.000000| 2023-12-12 22:19:14.583469020
2023-12-12 22:19:14: WARNING[Main]: [Client] Reading out INFO = | 2023-12-12 22:19:14.639789706
2023-12-12 22:19:14: WARNING[Main]: [Client] Reading out REWARD = 0.000000| 2023-12-12 22:19:14.639977354
2023-12-12 22:19:14: WARNING[Main]: [Client] Reading out INFO = | 2023-12-12 22:19:14.698262557
2023-12-12 22:19:14: WARNING[Main]: [Client] Reading out REWARD = 0.000000| 2023-12-12 22:19:14.698434113
2023-12-12 22:19:14: WARNING[Main]: [Client] Reading out INFO = | 2023-12-12 22:19:14.783451713
2023-12-12 22:19:14: WARNING[Main]: [Client] Reading out REWARD = 0.000000| 2023-12-12 22:19:14.783561519
2023-12-12 22:19:14: WARNING[Main]: [Client] Reading out INFO = | 2023-12-12 22:19:14.889902967
2023-12-12 22:19:14: WARNING[Main]: [Client] Reading out REWARD = 0.000000| 2023-12-12 22:19:14.890088832
2023-12-12 22:19:14: WARNING[Main]: [Client] Reading out INFO = | 2023-12-12 22:19:14.974011891
2023-12-12 22:19:14: WARNING[Main]: [Client] Reading out REWARD = 0.000000| 2023-12-12 22:19:14.974274684
2023-12-12 22:19:15: WARNING[Main]: [Client] Reading out INFO = | 2023-12-12 22:19:15.091429256
2023-12-12 22:19:15: WARNING[Main]: [Client] Reading out REWARD = 0.000000| 2023-12-12 22:19:15.091686323
2023-12-12 22:19:15: WARNING[Main]: [Client] Reading out INFO = | 2023-12-12 22:19:15.164623775
2023-12-12 22:19:15: WARNING[Main]: [Client] Reading out REWARD = 0.000000| 2023-12-12 22:19:15.164745800
2023-12-12 22:19:15: WARNING[Main]: [Client] Reading out INFO = | 2023-12-12 22:19:15.241708775
2023-12-12 22:19:15: WARNING[Main]: [Client] Reading out REWARD = 0.000000| 2023-12-12 22:19:15.241887867
2023-12-12 22:19:15: WARNING[Main]: [Client] Reading out INFO = | 2023-12-12 22:19:15.306474265
2023-12-12 22:19:15: WARNING[Main]: [Client] Reading out REWARD = 0.000000| 2023-12-12 22:19:15.306593714
2023-12-12 22:19:15: WARNING[Main]: [Client] Reading out INFO = | 2023-12-12 22:19:15.364971038
2023-12-12 22:19:15: WARNING[Main]: [Client] Reading out REWARD = 0.000000| 2023-12-12 22:19:15.365122383
2023-12-12 22:19:15: WARNING[Main]: [Client] Reading out INFO = | 2023-12-12 22:19:15.416135851
2023-12-12 22:19:15: WARNING[Main]: [Client] Reading out REWARD = 0.000000| 2023-12-12 22:19:15.416295262
2023-12-12 22:19:15: WARNING[Main]: [Client] Reading out INFO = | 2023-12-12 22:19:15.458432402
2023-12-12 22:19:15: WARNING[Main]: [Client] Reading out REWARD = 0.000000| 2023-12-12 22:19:15.458544279
2023-12-12 22:19:15: WARNING[Main]: [Client] Reading out INFO = | 2023-12-12 22:19:15.490596937
2023-12-12 22:19:15: WARNING[Main]: [Client] Reading out REWARD = 0.000000| 2023-12-12 22:19:15.490674523
2023-12-12 22:19:15: WARNING[Main]: [Client] Reading out INFO = | 2023-12-12 22:19:15.523261427
2023-12-12 22:19:15: WARNING[Main]: [Client] Reading out REWARD = 0.000000| 2023-12-12 22:19:15.523373005
2023-12-12 22:19:15: WARNING[Main]: [Client] Reading out INFO = | 2023-12-12 22:19:15.557841012
2023-12-12 22:19:15: WARNING[Main]: [Client] Reading out REWARD = 0.000000| 2023-12-12 22:19:15.557931606
2023-12-12 22:19:15: [Main]: INFO: signal_handler(): Ctrl-C pressed, shutting down.
