ATTENTION: default value of option vblank_mode overridden by environment.
2023-12-12 22:05:04: WARNING[Main]: [Client] m_server_ser_ser not set yet
2023-12-12 22:05:04: WARNING[Main]: [Client] m_server_ser_ser not set yet
2023-12-12 22:05:04: WARNING[Main]: Client::ReceiveAll(): Packet processing budget exceeded.
2023-12-12 22:05:04: WARNING[Main]: Try to connect to agent address: tcp://localhost:5555
2023-12-12 22:05:04: WARNING[Main]: [Client] Reading out INFO = | 2023-12-12 22:05:04.611921127
2023-12-12 22:05:04: WARNING[Main]: [Client] Reading out REWARD = 0.000000| 2023-12-12 22:05:04.612063785
2023-12-12 22:05:04: WARNING[Main]: [Client] Reading out INFO = | 2023-12-12 22:05:04.649119134
2023-12-12 22:05:04: WARNING[Main]: [Client] Reading out REWARD = 0.000000| 2023-12-12 22:05:04.649266522
2023-12-12 22:05:04: WARNING[Main]: [Client] Reading out INFO = | 2023-12-12 22:05:04.670813886
2023-12-12 22:05:04: WARNING[Main]: [Client] Reading out REWARD = 0.000000| 2023-12-12 22:05:04.670961927
2023-12-12 22:05:04: WARNING[Main]: [Client] Reading out INFO = | 2023-12-12 22:05:04.693326579
2023-12-12 22:05:04: WARNING[Main]: [Client] Reading out REWARD = 0.000000| 2023-12-12 22:05:04.693447118
2023-12-12 22:05:04: WARNING[Main]: [Client] Reading out INFO = | 2023-12-12 22:05:04.715116924
2023-12-12 22:05:04: WARNING[Main]: [Client] Reading out REWARD = 0.000000| 2023-12-12 22:05:04.715304364
2023-12-12 22:05:04: WARNING[Main]: [Client] Reading out INFO = | 2023-12-12 22:05:04.739950424
2023-12-12 22:05:04: WARNING[Main]: [Client] Reading out REWARD = 0.000000| 2023-12-12 22:05:04.740078805
2023-12-12 22:05:04: WARNING[Main]: [Client] Reading out INFO = | 2023-12-12 22:05:04.765237190
2023-12-12 22:05:04: WARNING[Main]: [Client] Reading out REWARD = 0.000000| 2023-12-12 22:05:04.765406980
2023-12-12 22:05:04: WARNING[Main]: [Client] Reading out INFO = | 2023-12-12 22:05:04.794008087
2023-12-12 22:05:04: WARNING[Main]: [Client] Reading out REWARD = 0.000000| 2023-12-12 22:05:04.794156524
2023-12-12 22:05:04: WARNING[Main]: [Client] Reading out INFO = | 2023-12-12 22:05:04.828516512
2023-12-12 22:05:04: WARNING[Main]: [Client] Reading out REWARD = 0.000000| 2023-12-12 22:05:04.828644093
2023-12-12 22:05:04: WARNING[Main]: [Client] Reading out INFO = | 2023-12-12 22:05:04.864535557
2023-12-12 22:05:04: WARNING[Main]: [Client] Reading out REWARD = 0.000000| 2023-12-12 22:05:04.864624830
2023-12-12 22:05:04: WARNING[Main]: [Client] Reading out INFO = | 2023-12-12 22:05:04.889212487
2023-12-12 22:05:04: WARNING[Main]: [Client] Reading out REWARD = 0.000000| 2023-12-12 22:05:04.889357393
2023-12-12 22:05:04: WARNING[Main]: [Client] Reading out INFO = | 2023-12-12 22:05:04.916019646
2023-12-12 22:05:04: WARNING[Main]: [Client] Reading out REWARD = 0.000000| 2023-12-12 22:05:04.916133617
2023-12-12 22:05:04: WARNING[Main]: [Client] Reading out INFO = | 2023-12-12 22:05:04.940894071
2023-12-12 22:05:04: WARNING[Main]: [Client] Reading out REWARD = 0.000000| 2023-12-12 22:05:04.940998803
2023-12-12 22:05:04: WARNING[Main]: [Client] Reading out INFO = | 2023-12-12 22:05:04.965216984
2023-12-12 22:05:04: WARNING[Main]: [Client] Reading out REWARD = 0.000000| 2023-12-12 22:05:04.965317196
2023-12-12 22:05:04: WARNING[Main]: [Client] Reading out INFO = | 2023-12-12 22:05:04.988639722
2023-12-12 22:05:04: WARNING[Main]: [Client] Reading out REWARD = 0.000000| 2023-12-12 22:05:04.988723813
2023-12-12 22:05:05: WARNING[Main]: [Client] Reading out INFO = | 2023-12-12 22:05:05.020643656
2023-12-12 22:05:05: WARNING[Main]: [Client] Reading out REWARD = 0.000000| 2023-12-12 22:05:05.020780115
2023-12-12 22:05:05: WARNING[Main]: [Client] Reading out INFO = | 2023-12-12 22:05:05.066515134
2023-12-12 22:05:05: WARNING[Main]: [Client] Reading out REWARD = 0.000000| 2023-12-12 22:05:05.066613315
2023-12-12 22:05:05: WARNING[Main]: [Client] Reading out INFO = | 2023-12-12 22:05:05.098516855
2023-12-12 22:05:05: WARNING[Main]: [Client] Reading out REWARD = 0.000000| 2023-12-12 22:05:05.098644375
2023-12-12 22:05:05: WARNING[Main]: [Client] Reading out INFO = | 2023-12-12 22:05:05.127330339
2023-12-12 22:05:05: WARNING[Main]: [Client] Reading out REWARD = 0.000000| 2023-12-12 22:05:05.127458298
2023-12-12 22:05:05: WARNING[Main]: [Client] Reading out INFO = | 2023-12-12 22:05:05.162538131
2023-12-12 22:05:05: WARNING[Main]: [Client] Reading out REWARD = 0.000000| 2023-12-12 22:05:05.162623171
2023-12-12 22:05:05: WARNING[Main]: [Client] Reading out INFO = | 2023-12-12 22:05:05.188257948
2023-12-12 22:05:05: WARNING[Main]: [Client] Reading out REWARD = 0.000000| 2023-12-12 22:05:05.188377184
2023-12-12 22:05:05: WARNING[Main]: [Client] Reading out INFO = | 2023-12-12 22:05:05.219710033
2023-12-12 22:05:05: WARNING[Main]: [Client] Reading out REWARD = 0.000000| 2023-12-12 22:05:05.219885810
2023-12-12 22:05:05: WARNING[Main]: [Client] Reading out INFO = | 2023-12-12 22:05:05.263258570
2023-12-12 22:05:05: WARNING[Main]: [Client] Reading out REWARD = 0.000000| 2023-12-12 22:05:05.263395226
2023-12-12 22:05:05: WARNING[Main]: [Client] Reading out INFO = | 2023-12-12 22:05:05.297539591
2023-12-12 22:05:05: WARNING[Main]: [Client] Reading out REWARD = 0.000000| 2023-12-12 22:05:05.297634964
2023-12-12 22:05:05: WARNING[Main]: [Client] Reading out INFO = | 2023-12-12 22:05:05.359355125
2023-12-12 22:05:05: WARNING[Main]: [Client] Reading out REWARD = 0.000000| 2023-12-12 22:05:05.359482763
2023-12-12 22:05:05: WARNING[Main]: [Client] Reading out INFO = | 2023-12-12 22:05:05.424997277
2023-12-12 22:05:05: WARNING[Main]: [Client] Reading out REWARD = 0.000000| 2023-12-12 22:05:05.425143989
2023-12-12 22:05:05: WARNING[Main]: [Client] Reading out INFO = | 2023-12-12 22:05:05.505131725
2023-12-12 22:05:05: WARNING[Main]: [Client] Reading out REWARD = 0.000000| 2023-12-12 22:05:05.505230591
2023-12-12 22:05:05: WARNING[Main]: [Client] Reading out INFO = | 2023-12-12 22:05:05.595911728
2023-12-12 22:05:05: WARNING[Main]: [Client] Reading out REWARD = 0.000000| 2023-12-12 22:05:05.595983490
2023-12-12 22:05:05: WARNING[Main]: [Client] Reading out INFO = | 2023-12-12 22:05:05.661478092
2023-12-12 22:05:05: WARNING[Main]: [Client] Reading out REWARD = 0.000000| 2023-12-12 22:05:05.661555304
2023-12-12 22:05:05: WARNING[Main]: [Client] Reading out INFO = | 2023-12-12 22:05:05.708405058
2023-12-12 22:05:05: WARNING[Main]: [Client] Reading out REWARD = 0.000000| 2023-12-12 22:05:05.708532925
2023-12-12 22:05:05: WARNING[Main]: [Client] Reading out INFO = | 2023-12-12 22:05:05.761714223
2023-12-12 22:05:05: WARNING[Main]: [Client] Reading out REWARD = 0.000000| 2023-12-12 22:05:05.761805706
2023-12-12 22:05:05: WARNING[Main]: [Client] Reading out INFO = | 2023-12-12 22:05:05.815381021
2023-12-12 22:05:05: WARNING[Main]: [Client] Reading out REWARD = 0.000000| 2023-12-12 22:05:05.815471846
2023-12-12 22:05:05: WARNING[Main]: [Client] Reading out INFO = | 2023-12-12 22:05:05.871903966
2023-12-12 22:05:05: WARNING[Main]: [Client] Reading out REWARD = 0.000000| 2023-12-12 22:05:05.872006144
2023-12-12 22:05:05: WARNING[Main]: [Client] Reading out INFO = | 2023-12-12 22:05:05.981829970
2023-12-12 22:05:05: WARNING[Main]: [Client] Reading out REWARD = 0.000000| 2023-12-12 22:05:05.982001862
2023-12-12 22:05:06: WARNING[Main]: [Client] Reading out INFO = | 2023-12-12 22:05:06.044234296
2023-12-12 22:05:06: WARNING[Main]: [Client] Reading out REWARD = 0.000000| 2023-12-12 22:05:06.044352705
2023-12-12 22:05:06: WARNING[Main]: [Client] Reading out INFO = | 2023-12-12 22:05:06.094391124
2023-12-12 22:05:06: WARNING[Main]: [Client] Reading out REWARD = 0.000000| 2023-12-12 22:05:06.094500463
2023-12-12 22:05:06: WARNING[Main]: [Client] Reading out INFO = | 2023-12-12 22:05:06.128130118
2023-12-12 22:05:06: WARNING[Main]: [Client] Reading out REWARD = 0.000000| 2023-12-12 22:05:06.128237848
2023-12-12 22:05:06: WARNING[Main]: [Client] Reading out INFO = | 2023-12-12 22:05:06.167869066
2023-12-12 22:05:06: WARNING[Main]: [Client] Reading out REWARD = 0.000000| 2023-12-12 22:05:06.167953573
2023-12-12 22:05:06: WARNING[Main]: [Client] Reading out INFO = | 2023-12-12 22:05:06.287343230
2023-12-12 22:05:06: WARNING[Main]: [Client] Reading out REWARD = 0.000000| 2023-12-12 22:05:06.287492683
2023-12-12 22:05:06: WARNING[Main]: [Client] Reading out INFO = | 2023-12-12 22:05:06.349422172
2023-12-12 22:05:06: WARNING[Main]: [Client] Reading out REWARD = 0.000000| 2023-12-12 22:05:06.349490204
2023-12-12 22:05:06: WARNING[Main]: [Client] Reading out INFO = | 2023-12-12 22:05:06.412017672
2023-12-12 22:05:06: WARNING[Main]: [Client] Reading out REWARD = 0.000000| 2023-12-12 22:05:06.412087196
2023-12-12 22:05:06: WARNING[Main]: [Client] Reading out INFO = | 2023-12-12 22:05:06.466530520
2023-12-12 22:05:06: WARNING[Main]: [Client] Reading out REWARD = 0.000000| 2023-12-12 22:05:06.466601520
2023-12-12 22:05:06: WARNING[Main]: [Client] Reading out INFO = | 2023-12-12 22:05:06.508356119
2023-12-12 22:05:06: WARNING[Main]: [Client] Reading out REWARD = 0.000000| 2023-12-12 22:05:06.508440170
2023-12-12 22:05:06: WARNING[Main]: [Client] Reading out INFO = | 2023-12-12 22:05:06.554601877
2023-12-12 22:05:06: WARNING[Main]: [Client] Reading out REWARD = 0.000000| 2023-12-12 22:05:06.554961282
2023-12-12 22:05:06: WARNING[Main]: [Client] Reading out INFO = | 2023-12-12 22:05:06.626148731
2023-12-12 22:05:06: WARNING[Main]: [Client] Reading out REWARD = 0.000000| 2023-12-12 22:05:06.626242773
2023-12-12 22:05:06: WARNING[Main]: [Client] Reading out INFO = | 2023-12-12 22:05:06.715194495
2023-12-12 22:05:06: WARNING[Main]: [Client] Reading out REWARD = 0.000000| 2023-12-12 22:05:06.715294882
2023-12-12 22:05:06: WARNING[Main]: [Client] Reading out INFO = | 2023-12-12 22:05:06.790292909
2023-12-12 22:05:06: WARNING[Main]: [Client] Reading out REWARD = 0.000000| 2023-12-12 22:05:06.790425865
2023-12-12 22:05:06: WARNING[Main]: [Client] Reading out INFO = | 2023-12-12 22:05:06.856432501
2023-12-12 22:05:06: WARNING[Main]: [Client] Reading out REWARD = 0.000000| 2023-12-12 22:05:06.856514769
2023-12-12 22:05:06: WARNING[Main]: [Client] Reading out INFO = | 2023-12-12 22:05:06.907622456
2023-12-12 22:05:06: WARNING[Main]: [Client] Reading out REWARD = 0.000000| 2023-12-12 22:05:06.907719694
2023-12-12 22:05:06: WARNING[Main]: [Client] Reading out INFO = | 2023-12-12 22:05:06.962968042
2023-12-12 22:05:06: WARNING[Main]: [Client] Reading out REWARD = 0.000000| 2023-12-12 22:05:06.963041990
2023-12-12 22:05:07: WARNING[Main]: [Client] Reading out INFO = | 2023-12-12 22:05:07.027384481
2023-12-12 22:05:07: WARNING[Main]: [Client] Reading out REWARD = 0.000000| 2023-12-12 22:05:07.027469145
2023-12-12 22:05:07: WARNING[Main]: [Client] Reading out INFO = | 2023-12-12 22:05:07.081200344
2023-12-12 22:05:07: WARNING[Main]: [Client] Reading out REWARD = 0.000000| 2023-12-12 22:05:07.081287662
2023-12-12 22:05:07: WARNING[Main]: [Client] Reading out INFO = | 2023-12-12 22:05:07.141817284
2023-12-12 22:05:07: WARNING[Main]: [Client] Reading out REWARD = 0.000000| 2023-12-12 22:05:07.141914321
2023-12-12 22:05:07: WARNING[Main]: [Client] Reading out INFO = | 2023-12-12 22:05:07.214160864
2023-12-12 22:05:07: WARNING[Main]: [Client] Reading out REWARD = 0.000000| 2023-12-12 22:05:07.214323124
2023-12-12 22:05:07: WARNING[Main]: [Client] Reading out INFO = | 2023-12-12 22:05:07.325747607
2023-12-12 22:05:07: WARNING[Main]: [Client] Reading out REWARD = 0.000000| 2023-12-12 22:05:07.326007247
2023-12-12 22:05:07: WARNING[Main]: [Client] Reading out INFO = | 2023-12-12 22:05:07.402483322
2023-12-12 22:05:07: WARNING[Main]: [Client] Reading out REWARD = 0.000000| 2023-12-12 22:05:07.402569164
2023-12-12 22:05:07: WARNING[Main]: [Client] Reading out INFO = | 2023-12-12 22:05:07.477939069
2023-12-12 22:05:07: WARNING[Main]: [Client] Reading out REWARD = 0.000000| 2023-12-12 22:05:07.478033311
2023-12-12 22:05:07: WARNING[Main]: [Client] Reading out INFO = | 2023-12-12 22:05:07.546064043
2023-12-12 22:05:07: WARNING[Main]: [Client] Reading out REWARD = 0.000000| 2023-12-12 22:05:07.546164788
2023-12-12 22:05:07: WARNING[Main]: [Client] Reading out INFO = | 2023-12-12 22:05:07.609119656
2023-12-12 22:05:07: WARNING[Main]: [Client] Reading out REWARD = 0.000000| 2023-12-12 22:05:07.609220217
2023-12-12 22:05:07: WARNING[Main]: [Client] Reading out INFO = | 2023-12-12 22:05:07.684743257
2023-12-12 22:05:07: WARNING[Main]: [Client] Reading out REWARD = 0.000000| 2023-12-12 22:05:07.684823587
2023-12-12 22:05:07: WARNING[Main]: [Client] Reading out INFO = | 2023-12-12 22:05:07.753272885
2023-12-12 22:05:07: WARNING[Main]: [Client] Reading out REWARD = 0.000000| 2023-12-12 22:05:07.753355818
2023-12-12 22:05:07: WARNING[Main]: [Client] Reading out INFO = | 2023-12-12 22:05:07.823859766
2023-12-12 22:05:07: WARNING[Main]: [Client] Reading out REWARD = 0.000000| 2023-12-12 22:05:07.823988856
2023-12-12 22:05:07: WARNING[Main]: [Client] Reading out INFO = | 2023-12-12 22:05:07.930828228
2023-12-12 22:05:07: WARNING[Main]: [Client] Reading out REWARD = 0.000000| 2023-12-12 22:05:07.933819198
2023-12-12 22:05:08: WARNING[Main]: [Client] Reading out INFO = | 2023-12-12 22:05:08.119585025
2023-12-12 22:05:08: WARNING[Main]: [Client] Reading out REWARD = 0.000000| 2023-12-12 22:05:08.119725917
2023-12-12 22:05:08: WARNING[Main]: [Client] Reading out INFO = | 2023-12-12 22:05:08.266169733
2023-12-12 22:05:08: WARNING[Main]: [Client] Reading out REWARD = 0.000000| 2023-12-12 22:05:08.266355216
2023-12-12 22:05:08: WARNING[Main]: [Client] Reading out INFO = | 2023-12-12 22:05:08.432666288
2023-12-12 22:05:08: WARNING[Main]: [Client] Reading out REWARD = 0.000000| 2023-12-12 22:05:08.432754084
2023-12-12 22:05:08: WARNING[Main]: [Client] Reading out INFO = | 2023-12-12 22:05:08.584696805
2023-12-12 22:05:08: WARNING[Main]: [Client] Reading out REWARD = 0.000000| 2023-12-12 22:05:08.584822854
2023-12-12 22:05:08: WARNING[Main]: [Client] Reading out INFO = | 2023-12-12 22:05:08.723169139
2023-12-12 22:05:08: WARNING[Main]: [Client] Reading out REWARD = 0.000000| 2023-12-12 22:05:08.723420224
2023-12-12 22:05:08: WARNING[Main]: [Client] Reading out INFO = | 2023-12-12 22:05:08.881629386
2023-12-12 22:05:08: WARNING[Main]: [Client] Reading out REWARD = 0.000000| 2023-12-12 22:05:08.881819339
2023-12-12 22:05:09: WARNING[Main]: [Client] Reading out INFO = | 2023-12-12 22:05:09.035110774
2023-12-12 22:05:09: WARNING[Main]: [Client] Reading out REWARD = 0.000000| 2023-12-12 22:05:09.035270614
2023-12-12 22:05:09: WARNING[Main]: [Client] Reading out INFO = | 2023-12-12 22:05:09.145720808
2023-12-12 22:05:09: WARNING[Main]: [Client] Reading out REWARD = 0.000000| 2023-12-12 22:05:09.145857814
2023-12-12 22:05:09: [Main]: INFO: signal_handler(): Ctrl-C pressed, shutting down.
