ATTENTION: default value of option vblank_mode overridden by environment.
2023-12-12 22:04:24: WARNING[Main]: [Client] m_server_ser_ser not set yet
2023-12-12 22:04:24: WARNING[Main]: [Client] m_server_ser_ser not set yet
2023-12-12 22:04:25: WARNING[Main]: Client::ReceiveAll(): Packet processing budget exceeded.
2023-12-12 22:04:25: WARNING[Main]: Try to connect to agent address: tcp://localhost:5555
2023-12-12 22:04:25: WARNING[Main]: Client::ReceiveAll(): Packet processing budget exceeded.
2023-12-12 22:04:26: WARNING[Main]: [Client] Reading out INFO = | 2023-12-12 22:04:26.042682750
2023-12-12 22:04:26: WARNING[Main]: [Client] Reading out REWARD = 0.000000| 2023-12-12 22:04:26.042977708
2023-12-12 22:04:26: WARNING[Main]: [Client] Reading out INFO = | 2023-12-12 22:04:26.110240479
2023-12-12 22:04:26: WARNING[Main]: [Client] Reading out REWARD = 0.000000| 2023-12-12 22:04:26.110391925
2023-12-12 22:04:26: WARNING[Main]: [Client] Reading out INFO = | 2023-12-12 22:04:26.140655341
2023-12-12 22:04:26: WARNING[Main]: [Client] Reading out REWARD = 0.000000| 2023-12-12 22:04:26.140822357
2023-12-12 22:04:26: WARNING[Main]: [Client] Reading out INFO = | 2023-12-12 22:04:26.170419452
2023-12-12 22:04:26: WARNING[Main]: [Client] Reading out REWARD = 0.000000| 2023-12-12 22:04:26.170595732
2023-12-12 22:04:26: WARNING[Main]: [Client] Reading out INFO = | 2023-12-12 22:04:26.197193950
2023-12-12 22:04:26: WARNING[Main]: [Client] Reading out REWARD = 0.000000| 2023-12-12 22:04:26.197316385
2023-12-12 22:04:26: WARNING[Main]: [Client] Reading out INFO = | 2023-12-12 22:04:26.254209925
2023-12-12 22:04:26: WARNING[Main]: [Client] Reading out REWARD = 0.000000| 2023-12-12 22:04:26.254362953
2023-12-12 22:04:26: WARNING[Main]: [Client] Reading out INFO = | 2023-12-12 22:04:26.309560828
2023-12-12 22:04:26: WARNING[Main]: [Client] Reading out REWARD = 0.000000| 2023-12-12 22:04:26.309671265
2023-12-12 22:04:26: WARNING[Main]: [Client] Reading out INFO = | 2023-12-12 22:04:26.364909009
2023-12-12 22:04:26: WARNING[Main]: [Client] Reading out REWARD = 0.000000| 2023-12-12 22:04:26.365032150
2023-12-12 22:04:26: WARNING[Main]: [Client] Reading out INFO = | 2023-12-12 22:04:26.430941597
2023-12-12 22:04:26: WARNING[Main]: [Client] Reading out REWARD = 0.000000| 2023-12-12 22:04:26.431232649
2023-12-12 22:04:26: WARNING[Main]: [Client] Reading out INFO = | 2023-12-12 22:04:26.510017089
2023-12-12 22:04:26: WARNING[Main]: [Client] Reading out REWARD = 0.000000| 2023-12-12 22:04:26.510247855
2023-12-12 22:04:26: WARNING[Main]: [Client] Reading out INFO = | 2023-12-12 22:04:26.598876933
2023-12-12 22:04:26: WARNING[Main]: [Client] Reading out REWARD = 0.000000| 2023-12-12 22:04:26.598963241
2023-12-12 22:04:26: WARNING[Main]: [Client] Reading out INFO = | 2023-12-12 22:04:26.658625913
2023-12-12 22:04:26: WARNING[Main]: [Client] Reading out REWARD = 0.000000| 2023-12-12 22:04:26.658725058
2023-12-12 22:04:26: WARNING[Main]: [Client] Reading out INFO = | 2023-12-12 22:04:26.737835332
2023-12-12 22:04:26: WARNING[Main]: [Client] Reading out REWARD = 0.000000| 2023-12-12 22:04:26.738170961
2023-12-12 22:04:26: WARNING[Main]: [Client] Reading out INFO = | 2023-12-12 22:04:26.825604491
2023-12-12 22:04:26: WARNING[Main]: [Client] Reading out REWARD = 0.000000| 2023-12-12 22:04:26.825727936
2023-12-12 22:04:26: WARNING[Main]: [Client] Reading out INFO = | 2023-12-12 22:04:26.893238467
2023-12-12 22:04:26: WARNING[Main]: [Client] Reading out REWARD = 0.000000| 2023-12-12 22:04:26.893367831
2023-12-12 22:04:26: WARNING[Main]: [Client] Reading out INFO = | 2023-12-12 22:04:26.955345745
2023-12-12 22:04:26: WARNING[Main]: [Client] Reading out REWARD = 0.000000| 2023-12-12 22:04:26.955568996
2023-12-12 22:04:27: WARNING[Main]: [Client] Reading out INFO = | 2023-12-12 22:04:27.027603718
2023-12-12 22:04:27: WARNING[Main]: [Client] Reading out REWARD = 0.000000| 2023-12-12 22:04:27.027691108
2023-12-12 22:04:27: WARNING[Main]: [Client] Reading out INFO = | 2023-12-12 22:04:27.082258561
2023-12-12 22:04:27: WARNING[Main]: [Client] Reading out REWARD = 0.000000| 2023-12-12 22:04:27.082371524
2023-12-12 22:04:27: WARNING[Main]: [Client] Reading out INFO = | 2023-12-12 22:04:27.113398888
2023-12-12 22:04:27: WARNING[Main]: [Client] Reading out REWARD = 0.000000| 2023-12-12 22:04:27.113554536
2023-12-12 22:04:27: WARNING[Main]: [Client] Reading out INFO = | 2023-12-12 22:04:27.160800474
2023-12-12 22:04:27: WARNING[Main]: [Client] Reading out REWARD = 0.000000| 2023-12-12 22:04:27.161011403
2023-12-12 22:04:27: WARNING[Main]: [Client] Reading out INFO = | 2023-12-12 22:04:27.211318185
2023-12-12 22:04:27: WARNING[Main]: [Client] Reading out REWARD = 0.000000| 2023-12-12 22:04:27.211429756
2023-12-12 22:04:27: WARNING[Main]: [Client] Reading out INFO = | 2023-12-12 22:04:27.258191249
2023-12-12 22:04:27: WARNING[Main]: [Client] Reading out REWARD = 0.000000| 2023-12-12 22:04:27.258306193
2023-12-12 22:04:27: WARNING[Main]: [Client] Reading out INFO = | 2023-12-12 22:04:27.299778531
2023-12-12 22:04:27: WARNING[Main]: [Client] Reading out REWARD = 0.000000| 2023-12-12 22:04:27.299914446
2023-12-12 22:04:27: WARNING[Main]: [Client] Reading out INFO = | 2023-12-12 22:04:27.338022914
2023-12-12 22:04:27: WARNING[Main]: [Client] Reading out REWARD = 0.000000| 2023-12-12 22:04:27.338212333
2023-12-12 22:04:27: WARNING[Main]: [Client] Reading out INFO = | 2023-12-12 22:04:27.407580905
2023-12-12 22:04:27: WARNING[Main]: [Client] Reading out REWARD = 0.000000| 2023-12-12 22:04:27.407770041
2023-12-12 22:04:27: WARNING[Main]: [Client] Reading out INFO = | 2023-12-12 22:04:27.443641337
2023-12-12 22:04:27: WARNING[Main]: [Client] Reading out REWARD = 0.000000| 2023-12-12 22:04:27.443753579
2023-12-12 22:04:27: WARNING[Main]: [Client] Reading out INFO = | 2023-12-12 22:04:27.469303184
2023-12-12 22:04:27: WARNING[Main]: [Client] Reading out REWARD = 0.000000| 2023-12-12 22:04:27.469386529
2023-12-12 22:04:27: WARNING[Main]: [Client] Reading out INFO = | 2023-12-12 22:04:27.493453753
2023-12-12 22:04:27: WARNING[Main]: [Client] Reading out REWARD = 0.000000| 2023-12-12 22:04:27.493548035
2023-12-12 22:04:27: WARNING[Main]: [Client] Reading out INFO = | 2023-12-12 22:04:27.516508880
2023-12-12 22:04:27: WARNING[Main]: [Client] Reading out REWARD = 0.000000| 2023-12-12 22:04:27.516590718
2023-12-12 22:04:27: WARNING[Main]: [Client] Reading out INFO = | 2023-12-12 22:04:27.557448129
2023-12-12 22:04:27: WARNING[Main]: [Client] Reading out REWARD = 0.000000| 2023-12-12 22:04:27.557562412
2023-12-12 22:04:27: WARNING[Main]: [Client] Reading out INFO = | 2023-12-12 22:04:27.597445031
2023-12-12 22:04:27: WARNING[Main]: [Client] Reading out REWARD = 0.000000| 2023-12-12 22:04:27.597565751
2023-12-12 22:04:27: WARNING[Main]: [Client] Reading out INFO = | 2023-12-12 22:04:27.625411079
2023-12-12 22:04:27: WARNING[Main]: [Client] Reading out REWARD = 0.000000| 2023-12-12 22:04:27.625538735
2023-12-12 22:04:27: WARNING[Main]: [Client] Reading out INFO = | 2023-12-12 22:04:27.652496630
2023-12-12 22:04:27: WARNING[Main]: [Client] Reading out REWARD = 0.000000| 2023-12-12 22:04:27.652617612
2023-12-12 22:04:27: WARNING[Main]: [Client] Reading out INFO = | 2023-12-12 22:04:27.684783278
2023-12-12 22:04:27: WARNING[Main]: [Client] Reading out REWARD = 0.000000| 2023-12-12 22:04:27.684878530
2023-12-12 22:04:27: WARNING[Main]: [Client] Reading out INFO = | 2023-12-12 22:04:27.714886539
2023-12-12 22:04:27: WARNING[Main]: [Client] Reading out REWARD = 0.000000| 2023-12-12 22:04:27.714976345
2023-12-12 22:04:27: WARNING[Main]: [Client] Reading out INFO = | 2023-12-12 22:04:27.744828114
2023-12-12 22:04:27: WARNING[Main]: [Client] Reading out REWARD = 0.000000| 2023-12-12 22:04:27.744929557
2023-12-12 22:04:27: WARNING[Main]: [Client] Reading out INFO = | 2023-12-12 22:04:27.773932299
2023-12-12 22:04:27: WARNING[Main]: [Client] Reading out REWARD = 0.000000| 2023-12-12 22:04:27.774019442
2023-12-12 22:04:27: WARNING[Main]: [Client] Reading out INFO = | 2023-12-12 22:04:27.805934699
2023-12-12 22:04:27: WARNING[Main]: [Client] Reading out REWARD = 0.000000| 2023-12-12 22:04:27.806091822
2023-12-12 22:04:27: WARNING[Main]: [Client] Reading out INFO = | 2023-12-12 22:04:27.830338204
2023-12-12 22:04:27: WARNING[Main]: [Client] Reading out REWARD = 0.000000| 2023-12-12 22:04:27.830444906
2023-12-12 22:04:27: WARNING[Main]: [Client] Reading out INFO = | 2023-12-12 22:04:27.853126291
2023-12-12 22:04:27: WARNING[Main]: [Client] Reading out REWARD = 0.000000| 2023-12-12 22:04:27.853224606
2023-12-12 22:04:27: WARNING[Main]: [Client] Reading out INFO = | 2023-12-12 22:04:27.880061806
2023-12-12 22:04:27: WARNING[Main]: [Client] Reading out REWARD = 0.000000| 2023-12-12 22:04:27.880151791
2023-12-12 22:04:27: WARNING[Main]: [Client] Reading out INFO = | 2023-12-12 22:04:27.966354762
2023-12-12 22:04:27: WARNING[Main]: [Client] Reading out REWARD = 0.000000| 2023-12-12 22:04:27.966442145
2023-12-12 22:04:28: WARNING[Main]: [Client] Reading out INFO = | 2023-12-12 22:04:28.012234694
2023-12-12 22:04:28: WARNING[Main]: [Client] Reading out REWARD = 0.000000| 2023-12-12 22:04:28.012328048
2023-12-12 22:04:28: WARNING[Main]: [Client] Reading out INFO = | 2023-12-12 22:04:28.041599395
2023-12-12 22:04:28: WARNING[Main]: [Client] Reading out REWARD = 0.000000| 2023-12-12 22:04:28.041688525
2023-12-12 22:04:28: WARNING[Main]: [Client] Reading out INFO = | 2023-12-12 22:04:28.070037652
2023-12-12 22:04:28: WARNING[Main]: [Client] Reading out REWARD = 0.000000| 2023-12-12 22:04:28.070171492
2023-12-12 22:04:28: WARNING[Main]: [Client] Reading out INFO = | 2023-12-12 22:04:28.094476656
2023-12-12 22:04:28: WARNING[Main]: [Client] Reading out REWARD = 0.000000| 2023-12-12 22:04:28.094623975
2023-12-12 22:04:28: WARNING[Main]: [Client] Reading out INFO = | 2023-12-12 22:04:28.115696711
2023-12-12 22:04:28: WARNING[Main]: [Client] Reading out REWARD = 0.000000| 2023-12-12 22:04:28.115785927
2023-12-12 22:04:28: WARNING[Main]: [Client] Reading out INFO = | 2023-12-12 22:04:28.138359220
2023-12-12 22:04:28: WARNING[Main]: [Client] Reading out REWARD = 0.000000| 2023-12-12 22:04:28.138457533
2023-12-12 22:04:28: WARNING[Main]: [Client] Reading out INFO = | 2023-12-12 22:04:28.160143430
2023-12-12 22:04:28: WARNING[Main]: [Client] Reading out REWARD = 0.000000| 2023-12-12 22:04:28.160232320
2023-12-12 22:04:28: WARNING[Main]: [Client] Reading out INFO = | 2023-12-12 22:04:28.180848381
2023-12-12 22:04:28: WARNING[Main]: [Client] Reading out REWARD = 0.000000| 2023-12-12 22:04:28.180952147
2023-12-12 22:04:28: WARNING[Main]: [Client] Reading out INFO = | 2023-12-12 22:04:28.205047248
2023-12-12 22:04:28: WARNING[Main]: [Client] Reading out REWARD = 0.000000| 2023-12-12 22:04:28.205171064
2023-12-12 22:04:28: WARNING[Main]: [Client] Reading out INFO = | 2023-12-12 22:04:28.239315845
2023-12-12 22:04:28: WARNING[Main]: [Client] Reading out REWARD = 0.000000| 2023-12-12 22:04:28.239479676
2023-12-12 22:04:28: WARNING[Main]: [Client] Reading out INFO = | 2023-12-12 22:04:28.299462406
2023-12-12 22:04:28: WARNING[Main]: [Client] Reading out REWARD = 0.000000| 2023-12-12 22:04:28.299553024
2023-12-12 22:04:28: WARNING[Main]: [Client] Reading out INFO = | 2023-12-12 22:04:28.350890306
2023-12-12 22:04:28: WARNING[Main]: [Client] Reading out REWARD = 0.000000| 2023-12-12 22:04:28.350983654
2023-12-12 22:04:28: WARNING[Main]: [Client] Reading out INFO = | 2023-12-12 22:04:28.396886393
2023-12-12 22:04:28: WARNING[Main]: [Client] Reading out REWARD = 0.000000| 2023-12-12 22:04:28.396997571
2023-12-12 22:04:28: WARNING[Main]: [Client] Reading out INFO = | 2023-12-12 22:04:28.433596999
2023-12-12 22:04:28: WARNING[Main]: [Client] Reading out REWARD = 0.000000| 2023-12-12 22:04:28.433736877
2023-12-12 22:04:28: WARNING[Main]: [Client] Reading out INFO = | 2023-12-12 22:04:28.475169705
2023-12-12 22:04:28: WARNING[Main]: [Client] Reading out REWARD = 0.000000| 2023-12-12 22:04:28.475395040
2023-12-12 22:04:28: WARNING[Main]: [Client] Reading out INFO = | 2023-12-12 22:04:28.517862954
2023-12-12 22:04:28: WARNING[Main]: [Client] Reading out REWARD = 0.000000| 2023-12-12 22:04:28.518018995
2023-12-12 22:04:28: WARNING[Main]: [Client] Reading out INFO = | 2023-12-12 22:04:28.577932412
2023-12-12 22:04:28: WARNING[Main]: [Client] Reading out REWARD = 0.000000| 2023-12-12 22:04:28.578105924
2023-12-12 22:04:28: WARNING[Main]: [Client] Reading out INFO = | 2023-12-12 22:04:28.617027351
2023-12-12 22:04:28: WARNING[Main]: [Client] Reading out REWARD = 0.000000| 2023-12-12 22:04:28.617152474
2023-12-12 22:04:28: WARNING[Main]: [Client] Reading out INFO = | 2023-12-12 22:04:28.648216980
2023-12-12 22:04:28: WARNING[Main]: [Client] Reading out REWARD = 0.000000| 2023-12-12 22:04:28.648355596
2023-12-12 22:04:28: WARNING[Main]: [Client] Reading out INFO = | 2023-12-12 22:04:28.695604583
2023-12-12 22:04:28: WARNING[Main]: [Client] Reading out REWARD = 0.000000| 2023-12-12 22:04:28.695852621
2023-12-12 22:04:28: WARNING[Main]: [Client] Reading out INFO = | 2023-12-12 22:04:28.743894457
2023-12-12 22:04:28: WARNING[Main]: [Client] Reading out REWARD = 0.000000| 2023-12-12 22:04:28.744185011
2023-12-12 22:04:28: WARNING[Main]: [Client] Reading out INFO = | 2023-12-12 22:04:28.837122129
2023-12-12 22:04:28: WARNING[Main]: [Client] Reading out REWARD = 0.000000| 2023-12-12 22:04:28.837331210
2023-12-12 22:04:28: WARNING[Main]: [Client] Reading out INFO = | 2023-12-12 22:04:28.926066486
2023-12-12 22:04:28: WARNING[Main]: [Client] Reading out REWARD = 0.000000| 2023-12-12 22:04:28.926232847
2023-12-12 22:04:28: WARNING[Main]: [Client] Reading out INFO = | 2023-12-12 22:04:28.975262200
2023-12-12 22:04:28: WARNING[Main]: [Client] Reading out REWARD = 0.000000| 2023-12-12 22:04:28.975344441
2023-12-12 22:04:29: WARNING[Main]: [Client] Reading out INFO = | 2023-12-12 22:04:29.027758064
2023-12-12 22:04:29: WARNING[Main]: [Client] Reading out REWARD = 0.000000| 2023-12-12 22:04:29.028016224
2023-12-12 22:04:29: WARNING[Main]: [Client] Reading out INFO = | 2023-12-12 22:04:29.090319707
2023-12-12 22:04:29: WARNING[Main]: [Client] Reading out REWARD = 0.000000| 2023-12-12 22:04:29.090404779
2023-12-12 22:04:29: WARNING[Main]: [Client] Reading out INFO = | 2023-12-12 22:04:29.112679023
2023-12-12 22:04:29: WARNING[Main]: [Client] Reading out REWARD = 0.000000| 2023-12-12 22:04:29.112767235
2023-12-12 22:04:29: WARNING[Main]: [Client] Reading out INFO = | 2023-12-12 22:04:29.159619151
2023-12-12 22:04:29: WARNING[Main]: [Client] Reading out REWARD = 0.000000| 2023-12-12 22:04:29.159700448
2023-12-12 22:04:29: WARNING[Main]: [Client] Reading out INFO = | 2023-12-12 22:04:29.189707704
2023-12-12 22:04:29: WARNING[Main]: [Client] Reading out REWARD = 0.000000| 2023-12-12 22:04:29.189784805
2023-12-12 22:04:29: WARNING[Main]: [Client] Reading out INFO = | 2023-12-12 22:04:29.224903210
2023-12-12 22:04:29: WARNING[Main]: [Client] Reading out REWARD = 0.000000| 2023-12-12 22:04:29.224974783
2023-12-12 22:04:29: WARNING[Main]: [Client] Reading out INFO = | 2023-12-12 22:04:29.260727764
2023-12-12 22:04:29: WARNING[Main]: [Client] Reading out REWARD = 0.000000| 2023-12-12 22:04:29.260835832
2023-12-12 22:04:29: WARNING[Main]: [Client] Reading out INFO = | 2023-12-12 22:04:29.311065431
2023-12-12 22:04:29: WARNING[Main]: [Client] Reading out REWARD = 0.000000| 2023-12-12 22:04:29.311157307
2023-12-12 22:04:29: WARNING[Main]: [Client] Reading out INFO = | 2023-12-12 22:04:29.367159031
2023-12-12 22:04:29: WARNING[Main]: [Client] Reading out REWARD = 0.000000| 2023-12-12 22:04:29.367269192
2023-12-12 22:04:29: WARNING[Main]: [Client] Reading out INFO = | 2023-12-12 22:04:29.429826912
2023-12-12 22:04:29: WARNING[Main]: [Client] Reading out REWARD = 0.000000| 2023-12-12 22:04:29.429973345
2023-12-12 22:04:29: WARNING[Main]: [Client] Reading out INFO = | 2023-12-12 22:04:29.491909839
2023-12-12 22:04:29: WARNING[Main]: [Client] Reading out REWARD = 0.000000| 2023-12-12 22:04:29.492005716
2023-12-12 22:04:29: WARNING[Main]: [Client] Reading out INFO = | 2023-12-12 22:04:29.555722555
2023-12-12 22:04:29: WARNING[Main]: [Client] Reading out REWARD = 0.000000| 2023-12-12 22:04:29.555812839
2023-12-12 22:04:29: WARNING[Main]: [Client] Reading out INFO = | 2023-12-12 22:04:29.620824023
2023-12-12 22:04:29: WARNING[Main]: [Client] Reading out REWARD = 0.000000| 2023-12-12 22:04:29.620928398
2023-12-12 22:04:29: WARNING[Main]: [Client] Reading out INFO = | 2023-12-12 22:04:29.683459344
2023-12-12 22:04:29: WARNING[Main]: [Client] Reading out REWARD = 0.000000| 2023-12-12 22:04:29.683545036
2023-12-12 22:04:29: WARNING[Main]: [Client] Reading out INFO = | 2023-12-12 22:04:29.763699285
2023-12-12 22:04:29: WARNING[Main]: [Client] Reading out REWARD = 0.000000| 2023-12-12 22:04:29.763807722
2023-12-12 22:04:29: WARNING[Main]: [Client] Reading out INFO = | 2023-12-12 22:04:29.852930942
2023-12-12 22:04:29: WARNING[Main]: [Client] Reading out REWARD = 0.000000| 2023-12-12 22:04:29.853072212
2023-12-12 22:04:29: WARNING[Main]: [Client] Reading out INFO = | 2023-12-12 22:04:29.906522746
2023-12-12 22:04:29: WARNING[Main]: [Client] Reading out REWARD = 0.000000| 2023-12-12 22:04:29.906643465
2023-12-12 22:04:30: WARNING[Main]: [Client] Reading out INFO = | 2023-12-12 22:04:30.019446843
2023-12-12 22:04:30: WARNING[Main]: [Client] Reading out REWARD = 0.000000| 2023-12-12 22:04:30.019574948
2023-12-12 22:04:30: WARNING[Main]: [Client] Reading out INFO = | 2023-12-12 22:04:30.094643967
2023-12-12 22:04:30: WARNING[Main]: [Client] Reading out REWARD = 0.000000| 2023-12-12 22:04:30.094836783
2023-12-12 22:04:30: WARNING[Main]: [Client] Reading out INFO = | 2023-12-12 22:04:30.156701745
2023-12-12 22:04:30: WARNING[Main]: [Client] Reading out REWARD = 0.000000| 2023-12-12 22:04:30.156859768
2023-12-12 22:04:30: WARNING[Main]: [Client] Reading out INFO = | 2023-12-12 22:04:30.201696928
2023-12-12 22:04:30: WARNING[Main]: [Client] Reading out REWARD = 0.000000| 2023-12-12 22:04:30.201787807
2023-12-12 22:04:30: WARNING[Main]: [Client] Reading out INFO = | 2023-12-12 22:04:30.248851646
2023-12-12 22:04:30: WARNING[Main]: [Client] Reading out REWARD = 0.000000| 2023-12-12 22:04:30.248937860
2023-12-12 22:04:30: WARNING[Main]: [Client] Reading out INFO = | 2023-12-12 22:04:30.285959710
2023-12-12 22:04:30: WARNING[Main]: [Client] Reading out REWARD = 0.000000| 2023-12-12 22:04:30.286067905
2023-12-12 22:04:30: WARNING[Main]: [Client] Reading out INFO = | 2023-12-12 22:04:30.320849963
2023-12-12 22:04:30: WARNING[Main]: [Client] Reading out REWARD = 0.000000| 2023-12-12 22:04:30.320919291
2023-12-12 22:04:30: WARNING[Main]: [Client] Reading out INFO = | 2023-12-12 22:04:30.359763463
2023-12-12 22:04:30: WARNING[Main]: [Client] Reading out REWARD = 0.000000| 2023-12-12 22:04:30.359856851
2023-12-12 22:04:30: WARNING[Main]: [Client] Reading out INFO = | 2023-12-12 22:04:30.389498619
2023-12-12 22:04:30: WARNING[Main]: [Client] Reading out REWARD = 0.000000| 2023-12-12 22:04:30.389568415
2023-12-12 22:04:30: WARNING[Main]: [Client] Reading out INFO = | 2023-12-12 22:04:30.413607013
2023-12-12 22:04:30: WARNING[Main]: [Client] Reading out REWARD = 0.000000| 2023-12-12 22:04:30.413684355
2023-12-12 22:04:30: WARNING[Main]: [Client] Reading out INFO = | 2023-12-12 22:04:30.437254328
2023-12-12 22:04:30: WARNING[Main]: [Client] Reading out REWARD = 0.000000| 2023-12-12 22:04:30.437334893
2023-12-12 22:04:30: WARNING[Main]: [Client] Reading out INFO = | 2023-12-12 22:04:30.462845777
2023-12-12 22:04:30: WARNING[Main]: [Client] Reading out REWARD = 0.000000| 2023-12-12 22:04:30.462947346
2023-12-12 22:04:30: WARNING[Main]: [Client] Reading out INFO = | 2023-12-12 22:04:30.503090681
2023-12-12 22:04:30: WARNING[Main]: [Client] Reading out REWARD = 0.000000| 2023-12-12 22:04:30.503266882
2023-12-12 22:04:30: WARNING[Main]: [Client] Reading out INFO = | 2023-12-12 22:04:30.549271492
2023-12-12 22:04:30: WARNING[Main]: [Client] Reading out REWARD = 0.000000| 2023-12-12 22:04:30.549512248
2023-12-12 22:04:30: WARNING[Main]: [Client] Reading out INFO = | 2023-12-12 22:04:30.630228745
2023-12-12 22:04:30: WARNING[Main]: [Client] Reading out REWARD = 0.000000| 2023-12-12 22:04:30.630306612
2023-12-12 22:04:30: WARNING[Main]: [Client] Reading out INFO = | 2023-12-12 22:04:30.654907253
2023-12-12 22:04:30: WARNING[Main]: [Client] Reading out REWARD = 0.000000| 2023-12-12 22:04:30.654993528
2023-12-12 22:04:30: WARNING[Main]: [Client] Reading out INFO = | 2023-12-12 22:04:30.703147111
2023-12-12 22:04:30: WARNING[Main]: [Client] Reading out REWARD = 0.000000| 2023-12-12 22:04:30.703231155
2023-12-12 22:04:30: WARNING[Main]: [Client] Reading out INFO = | 2023-12-12 22:04:30.727586038
2023-12-12 22:04:30: WARNING[Main]: [Client] Reading out REWARD = 0.000000| 2023-12-12 22:04:30.727662946
2023-12-12 22:04:30: WARNING[Main]: [Client] Reading out INFO = | 2023-12-12 22:04:30.749281327
2023-12-12 22:04:30: WARNING[Main]: [Client] Reading out REWARD = 0.000000| 2023-12-12 22:04:30.749348942
2023-12-12 22:04:30: WARNING[Main]: [Client] Reading out INFO = | 2023-12-12 22:04:30.776932884
2023-12-12 22:04:30: WARNING[Main]: [Client] Reading out REWARD = 0.000000| 2023-12-12 22:04:30.777012255
2023-12-12 22:04:30: WARNING[Main]: [Client] Reading out INFO = | 2023-12-12 22:04:30.801675401
2023-12-12 22:04:30: WARNING[Main]: [Client] Reading out REWARD = 0.000000| 2023-12-12 22:04:30.801756151
2023-12-12 22:04:30: WARNING[Main]: [Client] Reading out INFO = | 2023-12-12 22:04:30.827413616
2023-12-12 22:04:30: WARNING[Main]: [Client] Reading out REWARD = 0.000000| 2023-12-12 22:04:30.827501421
2023-12-12 22:04:30: WARNING[Main]: [Client] Reading out INFO = | 2023-12-12 22:04:30.851939773
2023-12-12 22:04:30: WARNING[Main]: [Client] Reading out REWARD = 0.000000| 2023-12-12 22:04:30.852048781
2023-12-12 22:04:30: WARNING[Main]: [Client] Reading out INFO = | 2023-12-12 22:04:30.877142546
2023-12-12 22:04:30: WARNING[Main]: [Client] Reading out REWARD = 0.000000| 2023-12-12 22:04:30.877241765
2023-12-12 22:04:30: WARNING[Main]: [Client] Reading out INFO = | 2023-12-12 22:04:30.909376313
2023-12-12 22:04:30: WARNING[Main]: [Client] Reading out REWARD = 0.000000| 2023-12-12 22:04:30.909516072
2023-12-12 22:04:30: WARNING[Main]: [Client] Reading out INFO = | 2023-12-12 22:04:30.950404543
2023-12-12 22:04:30: WARNING[Main]: [Client] Reading out REWARD = 0.000000| 2023-12-12 22:04:30.950521818
2023-12-12 22:04:31: WARNING[Main]: [Client] Reading out INFO = | 2023-12-12 22:04:31.010695967
2023-12-12 22:04:31: WARNING[Main]: [Client] Reading out REWARD = 0.000000| 2023-12-12 22:04:31.010844586
2023-12-12 22:04:31: WARNING[Main]: [Client] Reading out INFO = | 2023-12-12 22:04:31.058456686
2023-12-12 22:04:31: WARNING[Main]: [Client] Reading out REWARD = 0.000000| 2023-12-12 22:04:31.058605062
2023-12-12 22:04:31: WARNING[Main]: [Client] Reading out INFO = | 2023-12-12 22:04:31.094155442
2023-12-12 22:04:31: WARNING[Main]: [Client] Reading out REWARD = 0.000000| 2023-12-12 22:04:31.094257123
2023-12-12 22:04:31: WARNING[Main]: [Client] Reading out INFO = | 2023-12-12 22:04:31.125124748
2023-12-12 22:04:31: WARNING[Main]: [Client] Reading out REWARD = 0.000000| 2023-12-12 22:04:31.125211413
2023-12-12 22:04:31: WARNING[Main]: [Client] Reading out INFO = | 2023-12-12 22:04:31.177296994
2023-12-12 22:04:31: WARNING[Main]: [Client] Reading out REWARD = 0.000000| 2023-12-12 22:04:31.177404065
2023-12-12 22:04:31: WARNING[Main]: [Client] Reading out INFO = | 2023-12-12 22:04:31.258388162
2023-12-12 22:04:31: WARNING[Main]: [Client] Reading out REWARD = 0.000000| 2023-12-12 22:04:31.258477918
2023-12-12 22:04:31: WARNING[Main]: [Client] Reading out INFO = | 2023-12-12 22:04:31.335362374
2023-12-12 22:04:31: WARNING[Main]: [Client] Reading out REWARD = 0.000000| 2023-12-12 22:04:31.335457807
2023-12-12 22:04:31: WARNING[Main]: [Client] Reading out INFO = | 2023-12-12 22:04:31.413571256
2023-12-12 22:04:31: WARNING[Main]: [Client] Reading out REWARD = 0.000000| 2023-12-12 22:04:31.413648995
2023-12-12 22:04:31: WARNING[Main]: [Client] Reading out INFO = | 2023-12-12 22:04:31.521942647
2023-12-12 22:04:31: WARNING[Main]: [Client] Reading out REWARD = 0.000000| 2023-12-12 22:04:31.522142754
2023-12-12 22:04:31: WARNING[Main]: [Client] Reading out INFO = | 2023-12-12 22:04:31.695474891
2023-12-12 22:04:31: WARNING[Main]: [Client] Reading out REWARD = 0.000000| 2023-12-12 22:04:31.695672332
2023-12-12 22:04:31: WARNING[Main]: [Client] Reading out INFO = | 2023-12-12 22:04:31.847786757
2023-12-12 22:04:31: WARNING[Main]: [Client] Reading out REWARD = 0.000000| 2023-12-12 22:04:31.847907014
2023-12-12 22:04:31: WARNING[Main]: [Client] Reading out INFO = | 2023-12-12 22:04:31.955943545
2023-12-12 22:04:31: WARNING[Main]: [Client] Reading out REWARD = 0.000000| 2023-12-12 22:04:31.956038376
2023-12-12 22:04:32: WARNING[Main]: [Client] Reading out INFO = | 2023-12-12 22:04:32.054032697
2023-12-12 22:04:32: WARNING[Main]: [Client] Reading out REWARD = 0.000000| 2023-12-12 22:04:32.054139877
2023-12-12 22:04:32: WARNING[Main]: [Client] Reading out INFO = | 2023-12-12 22:04:32.147916006
2023-12-12 22:04:32: WARNING[Main]: [Client] Reading out REWARD = 0.000000| 2023-12-12 22:04:32.148011929
2023-12-12 22:04:32: WARNING[Main]: [Client] Reading out INFO = | 2023-12-12 22:04:32.226583731
2023-12-12 22:04:32: WARNING[Main]: [Client] Reading out REWARD = 0.000000| 2023-12-12 22:04:32.226676354
2023-12-12 22:04:32: WARNING[Main]: [Client] Reading out INFO = | 2023-12-12 22:04:32.300967103
2023-12-12 22:04:32: WARNING[Main]: [Client] Reading out REWARD = 0.000000| 2023-12-12 22:04:32.301063363
2023-12-12 22:04:32: WARNING[Main]: [Client] Reading out INFO = | 2023-12-12 22:04:32.386169971
2023-12-12 22:04:32: WARNING[Main]: [Client] Reading out REWARD = 0.000000| 2023-12-12 22:04:32.386335485
2023-12-12 22:04:32: WARNING[Main]: [Client] Reading out INFO = | 2023-12-12 22:04:32.554373776
2023-12-12 22:04:32: WARNING[Main]: [Client] Reading out REWARD = 0.000000| 2023-12-12 22:04:32.554468576
2023-12-12 22:04:32: WARNING[Main]: [Client] Reading out INFO = | 2023-12-12 22:04:32.643185530
2023-12-12 22:04:32: WARNING[Main]: [Client] Reading out REWARD = 0.000000| 2023-12-12 22:04:32.643305118
2023-12-12 22:04:32: WARNING[Main]: [Client] Reading out INFO = | 2023-12-12 22:04:32.733971414
2023-12-12 22:04:32: WARNING[Main]: [Client] Reading out REWARD = 0.000000| 2023-12-12 22:04:32.734074967
2023-12-12 22:04:32: WARNING[Main]: [Client] Reading out INFO = | 2023-12-12 22:04:32.815096753
2023-12-12 22:04:32: WARNING[Main]: [Client] Reading out REWARD = 0.000000| 2023-12-12 22:04:32.815178419
2023-12-12 22:04:32: WARNING[Main]: [Client] Reading out INFO = | 2023-12-12 22:04:32.869162628
2023-12-12 22:04:32: WARNING[Main]: [Client] Reading out REWARD = 0.000000| 2023-12-12 22:04:32.869285128
2023-12-12 22:04:32: WARNING[Main]: [Client] Reading out INFO = | 2023-12-12 22:04:32.906663875
2023-12-12 22:04:32: WARNING[Main]: [Client] Reading out REWARD = 0.000000| 2023-12-12 22:04:32.906750647
2023-12-12 22:04:32: WARNING[Main]: [Client] Reading out INFO = | 2023-12-12 22:04:32.931486104
2023-12-12 22:04:32: WARNING[Main]: [Client] Reading out REWARD = 0.000000| 2023-12-12 22:04:32.931574515
2023-12-12 22:04:32: WARNING[Main]: [Client] Reading out INFO = | 2023-12-12 22:04:33.001380495
2023-12-12 22:04:32: WARNING[Main]: [Client] Reading out REWARD = 0.000000| 2023-12-12 22:04:33.001462714
2023-12-12 22:04:33: WARNING[Main]: [Client] Reading out INFO = | 2023-12-12 22:04:33.028853354
2023-12-12 22:04:33: WARNING[Main]: [Client] Reading out REWARD = 0.000000| 2023-12-12 22:04:33.028945534
2023-12-12 22:04:33: WARNING[Main]: [Client] Reading out INFO = | 2023-12-12 22:04:33.058298599
2023-12-12 22:04:33: WARNING[Main]: [Client] Reading out REWARD = 0.000000| 2023-12-12 22:04:33.058401277
2023-12-12 22:04:33: WARNING[Main]: [Client] Reading out INFO = | 2023-12-12 22:04:33.086103492
2023-12-12 22:04:33: WARNING[Main]: [Client] Reading out REWARD = 0.000000| 2023-12-12 22:04:33.086185791
2023-12-12 22:04:33: WARNING[Main]: [Client] Reading out INFO = | 2023-12-12 22:04:33.114128426
2023-12-12 22:04:33: WARNING[Main]: [Client] Reading out REWARD = 0.000000| 2023-12-12 22:04:33.114216661
2023-12-12 22:04:33: WARNING[Main]: [Client] Reading out INFO = | 2023-12-12 22:04:33.144344785
2023-12-12 22:04:33: WARNING[Main]: [Client] Reading out REWARD = 0.000000| 2023-12-12 22:04:33.144511701
2023-12-12 22:04:33: WARNING[Main]: [Client] Reading out INFO = | 2023-12-12 22:04:33.179098313
2023-12-12 22:04:33: WARNING[Main]: [Client] Reading out REWARD = 0.000000| 2023-12-12 22:04:33.179188229
2023-12-12 22:04:33: WARNING[Main]: [Client] Reading out INFO = | 2023-12-12 22:04:33.212262044
2023-12-12 22:04:33: WARNING[Main]: [Client] Reading out REWARD = 0.000000| 2023-12-12 22:04:33.212334374
2023-12-12 22:04:33: WARNING[Main]: [Client] Reading out INFO = | 2023-12-12 22:04:33.239950891
2023-12-12 22:04:33: WARNING[Main]: [Client] Reading out REWARD = 0.000000| 2023-12-12 22:04:33.240026273
2023-12-12 22:04:33: WARNING[Main]: [Client] Reading out INFO = | 2023-12-12 22:04:33.270034894
2023-12-12 22:04:33: WARNING[Main]: [Client] Reading out REWARD = 0.000000| 2023-12-12 22:04:33.270138507
2023-12-12 22:04:33: WARNING[Main]: [Client] Reading out INFO = | 2023-12-12 22:04:33.297530522
2023-12-12 22:04:33: WARNING[Main]: [Client] Reading out REWARD = 0.000000| 2023-12-12 22:04:33.297612942
2023-12-12 22:04:33: WARNING[Main]: [Client] Reading out INFO = | 2023-12-12 22:04:33.362609062
2023-12-12 22:04:33: WARNING[Main]: [Client] Reading out REWARD = 0.000000| 2023-12-12 22:04:33.362673335
2023-12-12 22:04:33: WARNING[Main]: [Client] Reading out INFO = | 2023-12-12 22:04:33.426417137
2023-12-12 22:04:33: WARNING[Main]: [Client] Reading out REWARD = 0.000000| 2023-12-12 22:04:33.426521522
2023-12-12 22:04:33: WARNING[Main]: [Client] Reading out INFO = | 2023-12-12 22:04:33.468530783
2023-12-12 22:04:33: WARNING[Main]: [Client] Reading out REWARD = 0.000000| 2023-12-12 22:04:33.468696142
2023-12-12 22:04:33: WARNING[Main]: [Client] Reading out INFO = | 2023-12-12 22:04:33.526134702
2023-12-12 22:04:33: WARNING[Main]: [Client] Reading out REWARD = 0.000000| 2023-12-12 22:04:33.526216592
2023-12-12 22:04:33: WARNING[Main]: [Client] Reading out INFO = | 2023-12-12 22:04:33.564574553
2023-12-12 22:04:33: WARNING[Main]: [Client] Reading out REWARD = 0.000000| 2023-12-12 22:04:33.564712681
2023-12-12 22:04:33: WARNING[Main]: [Client] Reading out INFO = | 2023-12-12 22:04:33.604055746
2023-12-12 22:04:33: WARNING[Main]: [Client] Reading out REWARD = 0.000000| 2023-12-12 22:04:33.604130866
2023-12-12 22:04:33: WARNING[Main]: [Client] Reading out INFO = | 2023-12-12 22:04:33.711046387
2023-12-12 22:04:33: WARNING[Main]: [Client] Reading out REWARD = 0.000000| 2023-12-12 22:04:33.711130355
2023-12-12 22:04:33: WARNING[Main]: [Client] Reading out INFO = | 2023-12-12 22:04:33.805013450
2023-12-12 22:04:33: WARNING[Main]: [Client] Reading out REWARD = 0.000000| 2023-12-12 22:04:33.805113030
2023-12-12 22:04:33: WARNING[Main]: [Client] Reading out INFO = | 2023-12-12 22:04:33.883141404
2023-12-12 22:04:33: WARNING[Main]: [Client] Reading out REWARD = 0.000000| 2023-12-12 22:04:33.883213567
2023-12-12 22:04:34: WARNING[Main]: [Client] Reading out INFO = | 2023-12-12 22:04:34.010422209
2023-12-12 22:04:34: WARNING[Main]: [Client] Reading out REWARD = 0.000000| 2023-12-12 22:04:34.010530132
2023-12-12 22:04:34: WARNING[Main]: [Client] Reading out INFO = | 2023-12-12 22:04:34.139943311
2023-12-12 22:04:34: WARNING[Main]: [Client] Reading out REWARD = 0.000000| 2023-12-12 22:04:34.140088975
2023-12-12 22:04:34: WARNING[Main]: [Client] Reading out INFO = | 2023-12-12 22:04:34.232546256
2023-12-12 22:04:34: WARNING[Main]: [Client] Reading out REWARD = 0.000000| 2023-12-12 22:04:34.232649550
2023-12-12 22:04:34: WARNING[Main]: [Client] Reading out INFO = | 2023-12-12 22:04:34.312573297
2023-12-12 22:04:34: WARNING[Main]: [Client] Reading out REWARD = 0.000000| 2023-12-12 22:04:34.312646723
2023-12-12 22:04:34: WARNING[Main]: [Client] Reading out INFO = | 2023-12-12 22:04:34.387349736
2023-12-12 22:04:34: WARNING[Main]: [Client] Reading out REWARD = 0.000000| 2023-12-12 22:04:34.387438313
2023-12-12 22:04:34: WARNING[Main]: [Client] Reading out INFO = | 2023-12-12 22:04:34.461069037
2023-12-12 22:04:34: WARNING[Main]: [Client] Reading out REWARD = 0.000000| 2023-12-12 22:04:34.461155165
2023-12-12 22:04:34: WARNING[Main]: [Client] Reading out INFO = | 2023-12-12 22:04:34.536803251
2023-12-12 22:04:34: WARNING[Main]: [Client] Reading out REWARD = 0.000000| 2023-12-12 22:04:34.536876600
2023-12-12 22:04:34: WARNING[Main]: [Client] Reading out INFO = | 2023-12-12 22:04:34.616130913
2023-12-12 22:04:34: WARNING[Main]: [Client] Reading out REWARD = 0.000000| 2023-12-12 22:04:34.616199548
2023-12-12 22:04:34: WARNING[Main]: [Client] Reading out INFO = | 2023-12-12 22:04:34.689189572
2023-12-12 22:04:34: WARNING[Main]: [Client] Reading out REWARD = 0.000000| 2023-12-12 22:04:34.689282167
2023-12-12 22:04:34: WARNING[Main]: [Client] Reading out INFO = | 2023-12-12 22:04:34.762668976
2023-12-12 22:04:34: WARNING[Main]: [Client] Reading out REWARD = 0.000000| 2023-12-12 22:04:34.762766476
2023-12-12 22:04:34: WARNING[Main]: [Client] Reading out INFO = | 2023-12-12 22:04:34.835268769
2023-12-12 22:04:34: WARNING[Main]: [Client] Reading out REWARD = 0.000000| 2023-12-12 22:04:34.835351844
2023-12-12 22:04:34: WARNING[Main]: [Client] Reading out INFO = | 2023-12-12 22:04:34.910531178
2023-12-12 22:04:34: WARNING[Main]: [Client] Reading out REWARD = 0.000000| 2023-12-12 22:04:34.910601370
2023-12-12 22:04:34: WARNING[Main]: [Client] Reading out INFO = | 2023-12-12 22:04:34.983203862
2023-12-12 22:04:34: WARNING[Main]: [Client] Reading out REWARD = 0.000000| 2023-12-12 22:04:34.983278079
2023-12-12 22:04:35: WARNING[Main]: [Client] Reading out INFO = | 2023-12-12 22:04:35.056147021
2023-12-12 22:04:35: WARNING[Main]: [Client] Reading out REWARD = 0.000000| 2023-12-12 22:04:35.056232450
2023-12-12 22:04:35: WARNING[Main]: [Client] Reading out INFO = | 2023-12-12 22:04:35.135396070
2023-12-12 22:04:35: WARNING[Main]: [Client] Reading out REWARD = 0.000000| 2023-12-12 22:04:35.135478930
2023-12-12 22:04:35: WARNING[Main]: [Client] Reading out INFO = | 2023-12-12 22:04:35.222640390
2023-12-12 22:04:35: WARNING[Main]: [Client] Reading out REWARD = 0.000000| 2023-12-12 22:04:35.222705655
2023-12-12 22:04:35: WARNING[Main]: [Client] Reading out INFO = | 2023-12-12 22:04:35.301613414
2023-12-12 22:04:35: WARNING[Main]: [Client] Reading out REWARD = 0.000000| 2023-12-12 22:04:35.301680207
2023-12-12 22:04:35: WARNING[Main]: [Client] Reading out INFO = | 2023-12-12 22:04:35.373584574
2023-12-12 22:04:35: WARNING[Main]: [Client] Reading out REWARD = 0.000000| 2023-12-12 22:04:35.373708771
2023-12-12 22:04:35: WARNING[Main]: [Client] Reading out INFO = | 2023-12-12 22:04:35.444795989
2023-12-12 22:04:35: WARNING[Main]: [Client] Reading out REWARD = 0.000000| 2023-12-12 22:04:35.444965117
2023-12-12 22:04:35: WARNING[Main]: [Client] Reading out INFO = | 2023-12-12 22:04:35.516796293
2023-12-12 22:04:35: WARNING[Main]: [Client] Reading out REWARD = 0.000000| 2023-12-12 22:04:35.516881590
2023-12-12 22:04:35: WARNING[Main]: [Client] Reading out INFO = | 2023-12-12 22:04:35.589403279
2023-12-12 22:04:35: WARNING[Main]: [Client] Reading out REWARD = 0.000000| 2023-12-12 22:04:35.589509015
2023-12-12 22:04:35: WARNING[Main]: [Client] Reading out INFO = | 2023-12-12 22:04:35.679067564
2023-12-12 22:04:35: WARNING[Main]: [Client] Reading out REWARD = 0.000000| 2023-12-12 22:04:35.679170069
2023-12-12 22:04:35: WARNING[Main]: [Client] Reading out INFO = | 2023-12-12 22:04:35.769803488
2023-12-12 22:04:35: WARNING[Main]: [Client] Reading out REWARD = 0.000000| 2023-12-12 22:04:35.769902067
2023-12-12 22:04:35: WARNING[Main]: [Client] Reading out INFO = | 2023-12-12 22:04:35.848010032
2023-12-12 22:04:35: WARNING[Main]: [Client] Reading out REWARD = 0.000000| 2023-12-12 22:04:35.848096247
2023-12-12 22:04:35: WARNING[Main]: [Client] Reading out INFO = | 2023-12-12 22:04:35.920537077
2023-12-12 22:04:35: WARNING[Main]: [Client] Reading out REWARD = 0.000000| 2023-12-12 22:04:35.920621612
2023-12-12 22:04:35: WARNING[Main]: [Client] Reading out INFO = | 2023-12-12 22:04:35.944645122
2023-12-12 22:04:35: WARNING[Main]: [Client] Reading out REWARD = 0.000000| 2023-12-12 22:04:35.944720955
2023-12-12 22:04:35: WARNING[Main]: [Client] Reading out INFO = | 2023-12-12 22:04:35.967263347
2023-12-12 22:04:35: WARNING[Main]: [Client] Reading out REWARD = 0.000000| 2023-12-12 22:04:35.967356206
2023-12-12 22:04:35: WARNING[Main]: [Client] Reading out INFO = | 2023-12-12 22:04:35.991319297
2023-12-12 22:04:35: WARNING[Main]: [Client] Reading out REWARD = 0.000000| 2023-12-12 22:04:35.991415408
2023-12-12 22:04:36: WARNING[Main]: [Client] Reading out INFO = | 2023-12-12 22:04:36.015569782
2023-12-12 22:04:36: WARNING[Main]: [Client] Reading out REWARD = 0.000000| 2023-12-12 22:04:36.015666683
2023-12-12 22:04:36: WARNING[Main]: [Client] Reading out INFO = | 2023-12-12 22:04:36.039671993
2023-12-12 22:04:36: WARNING[Main]: [Client] Reading out REWARD = 0.000000| 2023-12-12 22:04:36.039769909
2023-12-12 22:04:36: WARNING[Main]: [Client] Reading out INFO = | 2023-12-12 22:04:36.064713109
2023-12-12 22:04:36: WARNING[Main]: [Client] Reading out REWARD = 0.000000| 2023-12-12 22:04:36.064799854
2023-12-12 22:04:36: WARNING[Main]: [Client] Reading out INFO = | 2023-12-12 22:04:36.087704782
2023-12-12 22:04:36: WARNING[Main]: [Client] Reading out REWARD = 0.000000| 2023-12-12 22:04:36.087790104
2023-12-12 22:04:36: WARNING[Main]: [Client] Reading out INFO = | 2023-12-12 22:04:36.112364101
2023-12-12 22:04:36: WARNING[Main]: [Client] Reading out REWARD = 0.000000| 2023-12-12 22:04:36.112445317
2023-12-12 22:04:36: WARNING[Main]: [Client] Reading out INFO = | 2023-12-12 22:04:36.134710885
2023-12-12 22:04:36: WARNING[Main]: [Client] Reading out REWARD = 0.000000| 2023-12-12 22:04:36.134796873
2023-12-12 22:04:36: WARNING[Main]: [Client] Reading out INFO = | 2023-12-12 22:04:36.155395709
2023-12-12 22:04:36: WARNING[Main]: [Client] Reading out REWARD = 0.000000| 2023-12-12 22:04:36.155486326
2023-12-12 22:04:36: WARNING[Main]: [Client] Reading out INFO = | 2023-12-12 22:04:36.186699086
2023-12-12 22:04:36: WARNING[Main]: [Client] Reading out REWARD = 0.000000| 2023-12-12 22:04:36.186783860
2023-12-12 22:04:36: WARNING[Main]: [Client] Reading out INFO = | 2023-12-12 22:04:36.221757904
2023-12-12 22:04:36: WARNING[Main]: [Client] Reading out REWARD = 0.000000| 2023-12-12 22:04:36.221831151
2023-12-12 22:04:36: WARNING[Main]: [Client] Reading out INFO = | 2023-12-12 22:04:36.258823078
2023-12-12 22:04:36: WARNING[Main]: [Client] Reading out REWARD = 0.000000| 2023-12-12 22:04:36.258915589
2023-12-12 22:04:36: WARNING[Main]: [Client] Reading out INFO = | 2023-12-12 22:04:36.302900911
2023-12-12 22:04:36: WARNING[Main]: [Client] Reading out REWARD = 0.000000| 2023-12-12 22:04:36.303036644
2023-12-12 22:04:36: WARNING[Main]: [Client] Reading out INFO = | 2023-12-12 22:04:36.378008986
2023-12-12 22:04:36: WARNING[Main]: [Client] Reading out REWARD = 0.000000| 2023-12-12 22:04:36.378218936
2023-12-12 22:04:36: WARNING[Main]: [Client] Reading out INFO = | 2023-12-12 22:04:36.435440913
2023-12-12 22:04:36: WARNING[Main]: [Client] Reading out REWARD = 0.000000| 2023-12-12 22:04:36.435626262
2023-12-12 22:04:36: WARNING[Main]: [Client] Reading out INFO = | 2023-12-12 22:04:36.494081010
2023-12-12 22:04:36: WARNING[Main]: [Client] Reading out REWARD = 0.000000| 2023-12-12 22:04:36.494219934
2023-12-12 22:04:36: WARNING[Main]: [Client] Reading out INFO = | 2023-12-12 22:04:36.539367322
2023-12-12 22:04:36: WARNING[Main]: [Client] Reading out REWARD = 0.000000| 2023-12-12 22:04:36.539509154
2023-12-12 22:04:36: WARNING[Main]: [Client] Reading out INFO = | 2023-12-12 22:04:36.584074137
2023-12-12 22:04:36: WARNING[Main]: [Client] Reading out REWARD = 0.000000| 2023-12-12 22:04:36.584198785
2023-12-12 22:04:36: WARNING[Main]: [Client] Reading out INFO = | 2023-12-12 22:04:36.657654046
2023-12-12 22:04:36: WARNING[Main]: [Client] Reading out REWARD = 0.000000| 2023-12-12 22:04:36.657775864
2023-12-12 22:04:36: WARNING[Main]: [Client] Reading out INFO = | 2023-12-12 22:04:36.684847281
2023-12-12 22:04:36: WARNING[Main]: [Client] Reading out REWARD = 0.000000| 2023-12-12 22:04:36.684939936
2023-12-12 22:04:36: WARNING[Main]: [Client] Reading out INFO = | 2023-12-12 22:04:36.710913148
2023-12-12 22:04:36: WARNING[Main]: [Client] Reading out REWARD = 0.000000| 2023-12-12 22:04:36.710997831
2023-12-12 22:04:36: WARNING[Main]: [Client] Reading out INFO = | 2023-12-12 22:04:36.791488606
2023-12-12 22:04:36: WARNING[Main]: [Client] Reading out REWARD = 0.000000| 2023-12-12 22:04:36.791606425
2023-12-12 22:04:36: WARNING[Main]: [Client] Reading out INFO = | 2023-12-12 22:04:36.818945561
2023-12-12 22:04:36: WARNING[Main]: [Client] Reading out REWARD = 0.000000| 2023-12-12 22:04:36.819031088
2023-12-12 22:04:36: WARNING[Main]: [Client] Reading out INFO = | 2023-12-12 22:04:36.847449007
2023-12-12 22:04:36: WARNING[Main]: [Client] Reading out REWARD = 0.000000| 2023-12-12 22:04:36.847539163
2023-12-12 22:04:36: [Main]: INFO: signal_handler(): Ctrl-C pressed, shutting down.
AL lib: (EE) ALCpulsePlayback_contextStateCallback: Received context failure!
AL lib: (EE) ALCpulsePlayback_streamStateCallback: Received stream failure!
