22:19:08,626 root DEBUG Waiting for first obs...
22:19:11,611 root DEBUG Received first obs: (600, 1024, 3)
22:19:11,613 root DEBUG Sending action: OrderedDict([('BACKWARD', 0), ('DIG', 1), ('DROP', 0), ('FORWARD', 0), ('HOTBAR_NEXT', 1), ('HOTBAR_PREV', 1), ('INVENTORY', 1), ('JUMP', 1), ('LEFT', 0), ('MIDDLE', 1), ('MOUSE', [338, 449]), ('PLACE', 0), ('RIGHT', 1), ('SLOT_1', 1), ('SLOT_2', 1), ('SLOT_3', 0), ('SLOT_4', 0), ('SLOT_5', 0), ('SLOT_6', 1), ('SLOT_7', 0), ('SLOT_8', 1), ('SNEAK', 0)])
22:19:11,613 root DEBUG Waiting for obs...
22:19:11,641 root DEBUG Received obs - (600, 1024, 3); reward - 0.0; info - 
22:19:11,641 root DEBUG Sending action: OrderedDict([('BACKWARD', 1), ('DIG', 0), ('DROP', 1), ('FORWARD', 1), ('HOTBAR_NEXT', 1), ('HOTBAR_PREV', 0), ('INVENTORY', 1), ('JUMP', 0), ('LEFT', 1), ('MIDDLE', 1), ('MOUSE', [1010, 556]), ('PLACE', 1), ('RIGHT', 1), ('SLOT_1', 1), ('SLOT_2', 1), ('SLOT_3', 1), ('SLOT_4', 0), ('SLOT_5', 1), ('SLOT_6', 1), ('SLOT_7', 0), ('SLOT_8', 1), ('SNEAK', 1)])
22:19:11,641 root DEBUG Waiting for obs...
22:19:11,663 root DEBUG Received obs - (600, 1024, 3); reward - 0.0; info - 
22:19:11,663 root DEBUG Sending action: OrderedDict([('BACKWARD', 0), ('DIG', 0), ('DROP', 0), ('FORWARD', 0), ('HOTBAR_NEXT', 0), ('HOTBAR_PREV', 0), ('INVENTORY', 1), ('JUMP', 0), ('LEFT', 0), ('MIDDLE', 0), ('MOUSE', [307, 209]), ('PLACE', 0), ('RIGHT', 0), ('SLOT_1', 0), ('SLOT_2', 0), ('SLOT_3', 0), ('SLOT_4', 0), ('SLOT_5', 0), ('SLOT_6', 0), ('SLOT_7', 1), ('SLOT_8', 0), ('SNEAK', 1)])
22:19:11,663 root DEBUG Waiting for obs...
22:19:11,685 root DEBUG Received obs - (600, 1024, 3); reward - 0.0; info - 
22:19:11,685 root DEBUG Sending action: OrderedDict([('BACKWARD', 0), ('DIG', 0), ('DROP', 0), ('FORWARD', 1), ('HOTBAR_NEXT', 1), ('HOTBAR_PREV', 1), ('INVENTORY', 0), ('JUMP', 1), ('LEFT', 1), ('MIDDLE', 0), ('MOUSE', [-621, 585]), ('PLACE', 0), ('RIGHT', 1), ('SLOT_1', 0), ('SLOT_2', 1), ('SLOT_3', 0), ('SLOT_4', 1), ('SLOT_5', 1), ('SLOT_6', 1), ('SLOT_7', 1), ('SLOT_8', 0), ('SNEAK', 1)])
22:19:11,686 root DEBUG Waiting for obs...
22:19:11,706 root DEBUG Received obs - (600, 1024, 3); reward - 0.0; info - 
22:19:11,707 root DEBUG Sending action: OrderedDict([('BACKWARD', 1), ('DIG', 0), ('DROP', 1), ('FORWARD', 1), ('HOTBAR_NEXT', 1), ('HOTBAR_PREV', 0), ('INVENTORY', 0), ('JUMP', 1), ('LEFT', 0), ('MIDDLE', 1), ('MOUSE', [944, 24]), ('PLACE', 0), ('RIGHT', 0), ('SLOT_1', 1), ('SLOT_2', 0), ('SLOT_3', 0), ('SLOT_4', 0), ('SLOT_5', 1), ('SLOT_6', 0), ('SLOT_7', 0), ('SLOT_8', 0), ('SNEAK', 0)])
22:19:11,707 root DEBUG Waiting for obs...
22:19:11,727 root DEBUG Received obs - (600, 1024, 3); reward - 0.0; info - 
22:19:11,728 root DEBUG Sending action: OrderedDict([('BACKWARD', 0), ('DIG', 1), ('DROP', 0), ('FORWARD', 0), ('HOTBAR_NEXT', 0), ('HOTBAR_PREV', 0), ('INVENTORY', 0), ('JUMP', 0), ('LEFT', 0), ('MIDDLE', 0), ('MOUSE', [-108, -160]), ('PLACE', 1), ('RIGHT', 0), ('SLOT_1', 1), ('SLOT_2', 1), ('SLOT_3', 1), ('SLOT_4', 1), ('SLOT_5', 0), ('SLOT_6', 1), ('SLOT_7', 0), ('SLOT_8', 1), ('SNEAK', 0)])
22:19:11,728 root DEBUG Waiting for obs...
22:19:11,748 root DEBUG Received obs - (600, 1024, 3); reward - 0.0; info - 
22:19:11,748 root DEBUG Sending action: OrderedDict([('BACKWARD', 0), ('DIG', 1), ('DROP', 0), ('FORWARD', 0), ('HOTBAR_NEXT', 0), ('HOTBAR_PREV', 1), ('INVENTORY', 1), ('JUMP', 1), ('LEFT', 0), ('MIDDLE', 0), ('MOUSE', [-337, 284]), ('PLACE', 0), ('RIGHT', 1), ('SLOT_1', 0), ('SLOT_2', 0), ('SLOT_3', 0), ('SLOT_4', 0), ('SLOT_5', 1), ('SLOT_6', 0), ('SLOT_7', 1), ('SLOT_8', 1), ('SNEAK', 1)])
22:19:11,748 root DEBUG Waiting for obs...
22:19:11,769 root DEBUG Received obs - (600, 1024, 3); reward - 0.0; info - 
22:19:11,769 root DEBUG Sending action: OrderedDict([('BACKWARD', 0), ('DIG', 1), ('DROP', 1), ('FORWARD', 0), ('HOTBAR_NEXT', 1), ('HOTBAR_PREV', 0), ('INVENTORY', 0), ('JUMP', 0), ('LEFT', 1), ('MIDDLE', 0), ('MOUSE', [639, 577]), ('PLACE', 1), ('RIGHT', 1), ('SLOT_1', 0), ('SLOT_2', 1), ('SLOT_3', 0), ('SLOT_4', 0), ('SLOT_5', 1), ('SLOT_6', 1), ('SLOT_7', 1), ('SLOT_8', 1), ('SNEAK', 0)])
22:19:11,770 root DEBUG Waiting for obs...
22:19:11,791 root DEBUG Received obs - (600, 1024, 3); reward - 0.0; info - 
22:19:11,792 root DEBUG Sending action: OrderedDict([('BACKWARD', 1), ('DIG', 1), ('DROP', 0), ('FORWARD', 0), ('HOTBAR_NEXT', 1), ('HOTBAR_PREV', 1), ('INVENTORY', 0), ('JUMP', 1), ('LEFT', 1), ('MIDDLE', 1), ('MOUSE', [-18, -71]), ('PLACE', 0), ('RIGHT', 0), ('SLOT_1', 0), ('SLOT_2', 0), ('SLOT_3', 1), ('SLOT_4', 0), ('SLOT_5', 0), ('SLOT_6', 1), ('SLOT_7', 1), ('SLOT_8', 1), ('SNEAK', 0)])
22:19:11,792 root DEBUG Waiting for obs...
22:19:11,814 root DEBUG Received obs - (600, 1024, 3); reward - 0.0; info - 
22:19:11,814 root DEBUG Sending action: OrderedDict([('BACKWARD', 1), ('DIG', 1), ('DROP', 0), ('FORWARD', 1), ('HOTBAR_NEXT', 1), ('HOTBAR_PREV', 0), ('INVENTORY', 1), ('JUMP', 0), ('LEFT', 0), ('MIDDLE', 0), ('MOUSE', [-517, -180]), ('PLACE', 0), ('RIGHT', 1), ('SLOT_1', 1), ('SLOT_2', 1), ('SLOT_3', 1), ('SLOT_4', 0), ('SLOT_5', 0), ('SLOT_6', 0), ('SLOT_7', 0), ('SLOT_8', 1), ('SNEAK', 0)])
22:19:11,814 root DEBUG Waiting for obs...
22:19:11,834 root DEBUG Received obs - (600, 1024, 3); reward - 0.0; info - 
22:19:11,834 root DEBUG Sending action: OrderedDict([('BACKWARD', 1), ('DIG', 0), ('DROP', 0), ('FORWARD', 1), ('HOTBAR_NEXT', 1), ('HOTBAR_PREV', 0), ('INVENTORY', 0), ('JUMP', 1), ('LEFT', 0), ('MIDDLE', 1), ('MOUSE', [352, 272]), ('PLACE', 0), ('RIGHT', 0), ('SLOT_1', 1), ('SLOT_2', 1), ('SLOT_3', 1), ('SLOT_4', 0), ('SLOT_5', 0), ('SLOT_6', 1), ('SLOT_7', 0), ('SLOT_8', 0), ('SNEAK', 0)])
22:19:11,835 root DEBUG Waiting for obs...
22:19:11,855 root DEBUG Received obs - (600, 1024, 3); reward - 0.0; info - 
22:19:11,855 root DEBUG Sending action: OrderedDict([('BACKWARD', 0), ('DIG', 1), ('DROP', 1), ('FORWARD', 0), ('HOTBAR_NEXT', 0), ('HOTBAR_PREV', 1), ('INVENTORY', 0), ('JUMP', 0), ('LEFT', 0), ('MIDDLE', 0), ('MOUSE', [-95, 179]), ('PLACE', 1), ('RIGHT', 0), ('SLOT_1', 1), ('SLOT_2', 1), ('SLOT_3', 0), ('SLOT_4', 0), ('SLOT_5', 0), ('SLOT_6', 1), ('SLOT_7', 0), ('SLOT_8', 1), ('SNEAK', 0)])
22:19:11,855 root DEBUG Waiting for obs...
22:19:11,876 root DEBUG Received obs - (600, 1024, 3); reward - 0.0; info - 
22:19:11,876 root DEBUG Sending action: OrderedDict([('BACKWARD', 1), ('DIG', 0), ('DROP', 0), ('FORWARD', 0), ('HOTBAR_NEXT', 1), ('HOTBAR_PREV', 0), ('INVENTORY', 1), ('JUMP', 0), ('LEFT', 1), ('MIDDLE', 1), ('MOUSE', [277, 72]), ('PLACE', 0), ('RIGHT', 0), ('SLOT_1', 1), ('SLOT_2', 0), ('SLOT_3', 0), ('SLOT_4', 1), ('SLOT_5', 0), ('SLOT_6', 0), ('SLOT_7', 0), ('SLOT_8', 0), ('SNEAK', 0)])
22:19:11,876 root DEBUG Waiting for obs...
22:19:11,899 root DEBUG Received obs - (600, 1024, 3); reward - 0.0; info - 
22:19:11,900 root DEBUG Sending action: OrderedDict([('BACKWARD', 1), ('DIG', 1), ('DROP', 0), ('FORWARD', 0), ('HOTBAR_NEXT', 0), ('HOTBAR_PREV', 0), ('INVENTORY', 1), ('JUMP', 0), ('LEFT', 0), ('MIDDLE', 1), ('MOUSE', [-651, -71]), ('PLACE', 0), ('RIGHT', 1), ('SLOT_1', 0), ('SLOT_2', 0), ('SLOT_3', 0), ('SLOT_4', 1), ('SLOT_5', 0), ('SLOT_6', 1), ('SLOT_7', 1), ('SLOT_8', 1), ('SNEAK', 1)])
22:19:11,900 root DEBUG Waiting for obs...
22:19:11,922 root DEBUG Received obs - (600, 1024, 3); reward - 0.0; info - 
22:19:11,922 root DEBUG Sending action: OrderedDict([('BACKWARD', 1), ('DIG', 1), ('DROP', 0), ('FORWARD', 0), ('HOTBAR_NEXT', 1), ('HOTBAR_PREV', 1), ('INVENTORY', 0), ('JUMP', 0), ('LEFT', 0), ('MIDDLE', 1), ('MOUSE', [988, -53]), ('PLACE', 1), ('RIGHT', 0), ('SLOT_1', 1), ('SLOT_2', 1), ('SLOT_3', 1), ('SLOT_4', 0), ('SLOT_5', 1), ('SLOT_6', 0), ('SLOT_7', 0), ('SLOT_8', 1), ('SNEAK', 0)])
22:19:11,923 root DEBUG Waiting for obs...
22:19:11,944 root DEBUG Received obs - (600, 1024, 3); reward - 0.0; info - 
22:19:11,944 root DEBUG Sending action: OrderedDict([('BACKWARD', 1), ('DIG', 0), ('DROP', 0), ('FORWARD', 1), ('HOTBAR_NEXT', 1), ('HOTBAR_PREV', 0), ('INVENTORY', 1), ('JUMP', 1), ('LEFT', 1), ('MIDDLE', 1), ('MOUSE', [824, -52]), ('PLACE', 1), ('RIGHT', 0), ('SLOT_1', 0), ('SLOT_2', 0), ('SLOT_3', 0), ('SLOT_4', 1), ('SLOT_5', 0), ('SLOT_6', 1), ('SLOT_7', 0), ('SLOT_8', 1), ('SNEAK', 0)])
22:19:11,945 root DEBUG Waiting for obs...
22:19:11,966 root DEBUG Received obs - (600, 1024, 3); reward - 0.0; info - 
22:19:11,966 root DEBUG Sending action: OrderedDict([('BACKWARD', 1), ('DIG', 1), ('DROP', 0), ('FORWARD', 0), ('HOTBAR_NEXT', 0), ('HOTBAR_PREV', 0), ('INVENTORY', 0), ('JUMP', 1), ('LEFT', 0), ('MIDDLE', 0), ('MOUSE', [138, 45]), ('PLACE', 1), ('RIGHT', 1), ('SLOT_1', 0), ('SLOT_2', 0), ('SLOT_3', 0), ('SLOT_4', 0), ('SLOT_5', 0), ('SLOT_6', 1), ('SLOT_7', 0), ('SLOT_8', 0), ('SNEAK', 1)])
22:19:11,967 root DEBUG Waiting for obs...
22:19:11,988 root DEBUG Received obs - (600, 1024, 3); reward - 0.0; info - 
22:19:11,988 root DEBUG Sending action: OrderedDict([('BACKWARD', 1), ('DIG', 1), ('DROP', 1), ('FORWARD', 0), ('HOTBAR_NEXT', 0), ('HOTBAR_PREV', 1), ('INVENTORY', 0), ('JUMP', 0), ('LEFT', 1), ('MIDDLE', 1), ('MOUSE', [1004, -411]), ('PLACE', 0), ('RIGHT', 1), ('SLOT_1', 1), ('SLOT_2', 1), ('SLOT_3', 1), ('SLOT_4', 1), ('SLOT_5', 0), ('SLOT_6', 0), ('SLOT_7', 1), ('SLOT_8', 1), ('SNEAK', 1)])
22:19:11,989 root DEBUG Waiting for obs...
22:19:12,10 root DEBUG Received obs - (600, 1024, 3); reward - 0.0; info - 
22:19:12,11 root DEBUG Sending action: OrderedDict([('BACKWARD', 1), ('DIG', 0), ('DROP', 1), ('FORWARD', 1), ('HOTBAR_NEXT', 1), ('HOTBAR_PREV', 0), ('INVENTORY', 0), ('JUMP', 1), ('LEFT', 1), ('MIDDLE', 0), ('MOUSE', [-196, -438]), ('PLACE', 1), ('RIGHT', 1), ('SLOT_1', 0), ('SLOT_2', 1), ('SLOT_3', 1), ('SLOT_4', 0), ('SLOT_5', 1), ('SLOT_6', 0), ('SLOT_7', 0), ('SLOT_8', 0), ('SNEAK', 0)])
22:19:12,11 root DEBUG Waiting for obs...
22:19:12,33 root DEBUG Received obs - (600, 1024, 3); reward - 0.0; info - 
22:19:12,34 root DEBUG Sending action: OrderedDict([('BACKWARD', 0), ('DIG', 1), ('DROP', 0), ('FORWARD', 0), ('HOTBAR_NEXT', 1), ('HOTBAR_PREV', 0), ('INVENTORY', 1), ('JUMP', 0), ('LEFT', 0), ('MIDDLE', 0), ('MOUSE', [568, 255]), ('PLACE', 1), ('RIGHT', 0), ('SLOT_1', 0), ('SLOT_2', 1), ('SLOT_3', 0), ('SLOT_4', 1), ('SLOT_5', 0), ('SLOT_6', 1), ('SLOT_7', 0), ('SLOT_8', 0), ('SNEAK', 1)])
22:19:12,34 root DEBUG Waiting for obs...
22:19:12,56 root DEBUG Received obs - (600, 1024, 3); reward - 0.0; info - 
22:19:12,56 root DEBUG Sending action: OrderedDict([('BACKWARD', 1), ('DIG', 0), ('DROP', 1), ('FORWARD', 0), ('HOTBAR_NEXT', 1), ('HOTBAR_PREV', 0), ('INVENTORY', 1), ('JUMP', 1), ('LEFT', 0), ('MIDDLE', 1), ('MOUSE', [-672, 5]), ('PLACE', 0), ('RIGHT', 1), ('SLOT_1', 0), ('SLOT_2', 0), ('SLOT_3', 1), ('SLOT_4', 0), ('SLOT_5', 1), ('SLOT_6', 0), ('SLOT_7', 0), ('SLOT_8', 1), ('SNEAK', 1)])
22:19:12,57 root DEBUG Waiting for obs...
22:19:12,74 root DEBUG Received obs - (600, 1024, 3); reward - 0.0; info - 
22:19:12,74 root DEBUG Sending action: OrderedDict([('BACKWARD', 0), ('DIG', 0), ('DROP', 0), ('FORWARD', 0), ('HOTBAR_NEXT', 0), ('HOTBAR_PREV', 0), ('INVENTORY', 1), ('JUMP', 1), ('LEFT', 0), ('MIDDLE', 0), ('MOUSE', [1003, -582]), ('PLACE', 1), ('RIGHT', 1), ('SLOT_1', 1), ('SLOT_2', 0), ('SLOT_3', 0), ('SLOT_4', 0), ('SLOT_5', 0), ('SLOT_6', 0), ('SLOT_7', 1), ('SLOT_8', 1), ('SNEAK', 0)])
22:19:12,74 root DEBUG Waiting for obs...
22:19:12,94 root DEBUG Received obs - (600, 1024, 3); reward - 0.0; info - 
22:19:12,95 root DEBUG Sending action: OrderedDict([('BACKWARD', 0), ('DIG', 1), ('DROP', 1), ('FORWARD', 1), ('HOTBAR_NEXT', 0), ('HOTBAR_PREV', 0), ('INVENTORY', 0), ('JUMP', 1), ('LEFT', 1), ('MIDDLE', 1), ('MOUSE', [-446, -457]), ('PLACE', 0), ('RIGHT', 1), ('SLOT_1', 0), ('SLOT_2', 1), ('SLOT_3', 1), ('SLOT_4', 1), ('SLOT_5', 1), ('SLOT_6', 1), ('SLOT_7', 1), ('SLOT_8', 1), ('SNEAK', 1)])
22:19:12,95 root DEBUG Waiting for obs...
22:19:12,136 root DEBUG Received obs - (600, 1024, 3); reward - 0.0; info - 
22:19:12,137 root DEBUG Sending action: OrderedDict([('BACKWARD', 0), ('DIG', 1), ('DROP', 0), ('FORWARD', 0), ('HOTBAR_NEXT', 0), ('HOTBAR_PREV', 0), ('INVENTORY', 1), ('JUMP', 1), ('LEFT', 1), ('MIDDLE', 1), ('MOUSE', [147, 322]), ('PLACE', 0), ('RIGHT', 0), ('SLOT_1', 0), ('SLOT_2', 1), ('SLOT_3', 0), ('SLOT_4', 1), ('SLOT_5', 0), ('SLOT_6', 1), ('SLOT_7', 1), ('SLOT_8', 0), ('SNEAK', 0)])
22:19:12,137 root DEBUG Waiting for obs...
22:19:12,171 root DEBUG Received obs - (600, 1024, 3); reward - 0.0; info - 
22:19:12,172 root DEBUG Sending action: OrderedDict([('BACKWARD', 1), ('DIG', 1), ('DROP', 0), ('FORWARD', 1), ('HOTBAR_NEXT', 0), ('HOTBAR_PREV', 0), ('INVENTORY', 0), ('JUMP', 1), ('LEFT', 0), ('MIDDLE', 0), ('MOUSE', [-490, 472]), ('PLACE', 0), ('RIGHT', 1), ('SLOT_1', 0), ('SLOT_2', 0), ('SLOT_3', 0), ('SLOT_4', 0), ('SLOT_5', 1), ('SLOT_6', 0), ('SLOT_7', 1), ('SLOT_8', 0), ('SNEAK', 1)])
22:19:12,172 root DEBUG Waiting for obs...
22:19:12,207 root DEBUG Received obs - (600, 1024, 3); reward - 0.0; info - 
22:19:12,208 root DEBUG Sending action: OrderedDict([('BACKWARD', 0), ('DIG', 0), ('DROP', 1), ('FORWARD', 1), ('HOTBAR_NEXT', 1), ('HOTBAR_PREV', 0), ('INVENTORY', 1), ('JUMP', 1), ('LEFT', 1), ('MIDDLE', 0), ('MOUSE', [-936, 26]), ('PLACE', 1), ('RIGHT', 0), ('SLOT_1', 1), ('SLOT_2', 0), ('SLOT_3', 1), ('SLOT_4', 0), ('SLOT_5', 1), ('SLOT_6', 1), ('SLOT_7', 1), ('SLOT_8', 0), ('SNEAK', 0)])
22:19:12,208 root DEBUG Waiting for obs...
22:19:12,269 root DEBUG Received obs - (600, 1024, 3); reward - 0.0; info - 
22:19:12,269 root DEBUG Sending action: OrderedDict([('BACKWARD', 0), ('DIG', 1), ('DROP', 0), ('FORWARD', 1), ('HOTBAR_NEXT', 1), ('HOTBAR_PREV', 1), ('INVENTORY', 0), ('JUMP', 1), ('LEFT', 0), ('MIDDLE', 0), ('MOUSE', [314, -225]), ('PLACE', 0), ('RIGHT', 1), ('SLOT_1', 1), ('SLOT_2', 0), ('SLOT_3', 0), ('SLOT_4', 1), ('SLOT_5', 1), ('SLOT_6', 1), ('SLOT_7', 0), ('SLOT_8', 1), ('SNEAK', 1)])
22:19:12,269 root DEBUG Waiting for obs...
22:19:12,310 root DEBUG Received obs - (600, 1024, 3); reward - 0.0; info - 
22:19:12,310 root DEBUG Sending action: OrderedDict([('BACKWARD', 1), ('DIG', 0), ('DROP', 0), ('FORWARD', 0), ('HOTBAR_NEXT', 0), ('HOTBAR_PREV', 1), ('INVENTORY', 0), ('JUMP', 0), ('LEFT', 1), ('MIDDLE', 0), ('MOUSE', [-923, 111]), ('PLACE', 1), ('RIGHT', 0), ('SLOT_1', 1), ('SLOT_2', 0), ('SLOT_3', 1), ('SLOT_4', 0), ('SLOT_5', 1), ('SLOT_6', 0), ('SLOT_7', 0), ('SLOT_8', 0), ('SNEAK', 0)])
22:19:12,311 root DEBUG Waiting for obs...
22:19:12,339 root DEBUG Received obs - (600, 1024, 3); reward - 0.0; info - 
22:19:12,340 root DEBUG Sending action: OrderedDict([('BACKWARD', 0), ('DIG', 0), ('DROP', 0), ('FORWARD', 1), ('HOTBAR_NEXT', 0), ('HOTBAR_PREV', 1), ('INVENTORY', 0), ('JUMP', 1), ('LEFT', 1), ('MIDDLE', 1), ('MOUSE', [-578, 433]), ('PLACE', 1), ('RIGHT', 0), ('SLOT_1', 0), ('SLOT_2', 1), ('SLOT_3', 1), ('SLOT_4', 0), ('SLOT_5', 1), ('SLOT_6', 1), ('SLOT_7', 0), ('SLOT_8', 1), ('SNEAK', 1)])
22:19:12,340 root DEBUG Waiting for obs...
22:19:12,366 root DEBUG Received obs - (600, 1024, 3); reward - 0.0; info - 
22:19:12,366 root DEBUG Sending action: OrderedDict([('BACKWARD', 0), ('DIG', 0), ('DROP', 1), ('FORWARD', 1), ('HOTBAR_NEXT', 0), ('HOTBAR_PREV', 1), ('INVENTORY', 0), ('JUMP', 1), ('LEFT', 1), ('MIDDLE', 0), ('MOUSE', [1014, -517]), ('PLACE', 0), ('RIGHT', 1), ('SLOT_1', 1), ('SLOT_2', 0), ('SLOT_3', 1), ('SLOT_4', 1), ('SLOT_5', 1), ('SLOT_6', 0), ('SLOT_7', 0), ('SLOT_8', 1), ('SNEAK', 0)])
22:19:12,366 root DEBUG Waiting for obs...
22:19:12,395 root DEBUG Received obs - (600, 1024, 3); reward - 0.0; info - 
22:19:12,395 root DEBUG Sending action: OrderedDict([('BACKWARD', 1), ('DIG', 0), ('DROP', 1), ('FORWARD', 0), ('HOTBAR_NEXT', 0), ('HOTBAR_PREV', 0), ('INVENTORY', 1), ('JUMP', 1), ('LEFT', 1), ('MIDDLE', 1), ('MOUSE', [-300, 279]), ('PLACE', 0), ('RIGHT', 0), ('SLOT_1', 0), ('SLOT_2', 0), ('SLOT_3', 1), ('SLOT_4', 1), ('SLOT_5', 0), ('SLOT_6', 0), ('SLOT_7', 1), ('SLOT_8', 0), ('SNEAK', 0)])
22:19:12,395 root DEBUG Waiting for obs...
22:19:12,429 root DEBUG Received obs - (600, 1024, 3); reward - 0.0; info - 
22:19:12,430 root DEBUG Sending action: OrderedDict([('BACKWARD', 1), ('DIG', 1), ('DROP', 0), ('FORWARD', 0), ('HOTBAR_NEXT', 1), ('HOTBAR_PREV', 0), ('INVENTORY', 0), ('JUMP', 1), ('LEFT', 1), ('MIDDLE', 1), ('MOUSE', [-83, 200]), ('PLACE', 1), ('RIGHT', 0), ('SLOT_1', 1), ('SLOT_2', 0), ('SLOT_3', 1), ('SLOT_4', 1), ('SLOT_5', 1), ('SLOT_6', 0), ('SLOT_7', 1), ('SLOT_8', 0), ('SNEAK', 1)])
22:19:12,430 root DEBUG Waiting for obs...
22:19:12,464 root DEBUG Received obs - (600, 1024, 3); reward - 0.0; info - 
22:19:12,464 root DEBUG Sending action: OrderedDict([('BACKWARD', 1), ('DIG', 0), ('DROP', 0), ('FORWARD', 1), ('HOTBAR_NEXT', 0), ('HOTBAR_PREV', 0), ('INVENTORY', 0), ('JUMP', 1), ('LEFT', 0), ('MIDDLE', 0), ('MOUSE', [745, -48]), ('PLACE', 1), ('RIGHT', 0), ('SLOT_1', 0), ('SLOT_2', 1), ('SLOT_3', 1), ('SLOT_4', 0), ('SLOT_5', 0), ('SLOT_6', 1), ('SLOT_7', 0), ('SLOT_8', 1), ('SNEAK', 0)])
22:19:12,464 root DEBUG Waiting for obs...
22:19:12,498 root DEBUG Received obs - (600, 1024, 3); reward - 0.0; info - 
22:19:12,498 root DEBUG Sending action: OrderedDict([('BACKWARD', 1), ('DIG', 1), ('DROP', 0), ('FORWARD', 0), ('HOTBAR_NEXT', 1), ('HOTBAR_PREV', 0), ('INVENTORY', 1), ('JUMP', 0), ('LEFT', 0), ('MIDDLE', 0), ('MOUSE', [-496, -569]), ('PLACE', 0), ('RIGHT', 0), ('SLOT_1', 0), ('SLOT_2', 1), ('SLOT_3', 0), ('SLOT_4', 0), ('SLOT_5', 0), ('SLOT_6', 1), ('SLOT_7', 0), ('SLOT_8', 1), ('SNEAK', 0)])
22:19:12,499 root DEBUG Waiting for obs...
22:19:12,524 root DEBUG Received obs - (600, 1024, 3); reward - 0.0; info - 
22:19:12,524 root DEBUG Sending action: OrderedDict([('BACKWARD', 1), ('DIG', 1), ('DROP', 1), ('FORWARD', 1), ('HOTBAR_NEXT', 1), ('HOTBAR_PREV', 1), ('INVENTORY', 0), ('JUMP', 0), ('LEFT', 1), ('MIDDLE', 1), ('MOUSE', [719, -30]), ('PLACE', 0), ('RIGHT', 0), ('SLOT_1', 1), ('SLOT_2', 1), ('SLOT_3', 1), ('SLOT_4', 1), ('SLOT_5', 0), ('SLOT_6', 1), ('SLOT_7', 0), ('SLOT_8', 0), ('SNEAK', 0)])
22:19:12,525 root DEBUG Waiting for obs...
22:19:12,553 root DEBUG Received obs - (600, 1024, 3); reward - 0.0; info - 
22:19:12,553 root DEBUG Sending action: OrderedDict([('BACKWARD', 1), ('DIG', 1), ('DROP', 1), ('FORWARD', 0), ('HOTBAR_NEXT', 1), ('HOTBAR_PREV', 0), ('INVENTORY', 1), ('JUMP', 1), ('LEFT', 0), ('MIDDLE', 0), ('MOUSE', [397, 441]), ('PLACE', 0), ('RIGHT', 0), ('SLOT_1', 1), ('SLOT_2', 0), ('SLOT_3', 0), ('SLOT_4', 1), ('SLOT_5', 1), ('SLOT_6', 0), ('SLOT_7', 0), ('SLOT_8', 1), ('SNEAK', 1)])
22:19:12,553 root DEBUG Waiting for obs...
22:19:12,594 root DEBUG Received obs - (600, 1024, 3); reward - 0.0; info - 
22:19:12,594 root DEBUG Sending action: OrderedDict([('BACKWARD', 0), ('DIG', 1), ('DROP', 1), ('FORWARD', 1), ('HOTBAR_NEXT', 0), ('HOTBAR_PREV', 1), ('INVENTORY', 1), ('JUMP', 0), ('LEFT', 0), ('MIDDLE', 1), ('MOUSE', [996, 89]), ('PLACE', 1), ('RIGHT', 1), ('SLOT_1', 1), ('SLOT_2', 0), ('SLOT_3', 1), ('SLOT_4', 1), ('SLOT_5', 0), ('SLOT_6', 1), ('SLOT_7', 0), ('SLOT_8', 0), ('SNEAK', 0)])
22:19:12,594 root DEBUG Waiting for obs...
22:19:12,632 root DEBUG Received obs - (600, 1024, 3); reward - 0.0; info - 
22:19:12,632 root DEBUG Sending action: OrderedDict([('BACKWARD', 1), ('DIG', 0), ('DROP', 1), ('FORWARD', 0), ('HOTBAR_NEXT', 0), ('HOTBAR_PREV', 1), ('INVENTORY', 1), ('JUMP', 1), ('LEFT', 1), ('MIDDLE', 1), ('MOUSE', [-115, -444]), ('PLACE', 1), ('RIGHT', 1), ('SLOT_1', 0), ('SLOT_2', 1), ('SLOT_3', 0), ('SLOT_4', 0), ('SLOT_5', 0), ('SLOT_6', 1), ('SLOT_7', 0), ('SLOT_8', 0), ('SNEAK', 1)])
22:19:12,632 root DEBUG Waiting for obs...
22:19:12,660 root DEBUG Received obs - (600, 1024, 3); reward - 0.0; info - 
22:19:12,660 root DEBUG Sending action: OrderedDict([('BACKWARD', 1), ('DIG', 1), ('DROP', 1), ('FORWARD', 0), ('HOTBAR_NEXT', 1), ('HOTBAR_PREV', 0), ('INVENTORY', 1), ('JUMP', 0), ('LEFT', 0), ('MIDDLE', 1), ('MOUSE', [-26, 377]), ('PLACE', 1), ('RIGHT', 0), ('SLOT_1', 0), ('SLOT_2', 0), ('SLOT_3', 0), ('SLOT_4', 1), ('SLOT_5', 1), ('SLOT_6', 0), ('SLOT_7', 0), ('SLOT_8', 1), ('SNEAK', 1)])
22:19:12,660 root DEBUG Waiting for obs...
22:19:12,709 root DEBUG Received obs - (600, 1024, 3); reward - 0.0; info - 
22:19:12,710 root DEBUG Sending action: OrderedDict([('BACKWARD', 0), ('DIG', 0), ('DROP', 0), ('FORWARD', 1), ('HOTBAR_NEXT', 0), ('HOTBAR_PREV', 0), ('INVENTORY', 0), ('JUMP', 1), ('LEFT', 1), ('MIDDLE', 0), ('MOUSE', [927, -446]), ('PLACE', 0), ('RIGHT', 0), ('SLOT_1', 0), ('SLOT_2', 0), ('SLOT_3', 0), ('SLOT_4', 1), ('SLOT_5', 0), ('SLOT_6', 1), ('SLOT_7', 1), ('SLOT_8', 0), ('SNEAK', 1)])
22:19:12,711 root DEBUG Waiting for obs...
22:19:12,756 root DEBUG Received obs - (600, 1024, 3); reward - 0.0; info - 
22:19:12,756 root DEBUG Sending action: OrderedDict([('BACKWARD', 0), ('DIG', 0), ('DROP', 1), ('FORWARD', 0), ('HOTBAR_NEXT', 1), ('HOTBAR_PREV', 1), ('INVENTORY', 1), ('JUMP', 1), ('LEFT', 1), ('MIDDLE', 0), ('MOUSE', [-459, -583]), ('PLACE', 0), ('RIGHT', 1), ('SLOT_1', 1), ('SLOT_2', 1), ('SLOT_3', 1), ('SLOT_4', 1), ('SLOT_5', 1), ('SLOT_6', 0), ('SLOT_7', 1), ('SLOT_8', 1), ('SNEAK', 0)])
22:19:12,757 root DEBUG Waiting for obs...
22:19:12,803 root DEBUG Received obs - (600, 1024, 3); reward - 0.0; info - 
22:19:12,804 root DEBUG Sending action: OrderedDict([('BACKWARD', 0), ('DIG', 1), ('DROP', 0), ('FORWARD', 0), ('HOTBAR_NEXT', 0), ('HOTBAR_PREV', 1), ('INVENTORY', 1), ('JUMP', 0), ('LEFT', 0), ('MIDDLE', 1), ('MOUSE', [161, -337]), ('PLACE', 0), ('RIGHT', 1), ('SLOT_1', 1), ('SLOT_2', 1), ('SLOT_3', 1), ('SLOT_4', 1), ('SLOT_5', 0), ('SLOT_6', 1), ('SLOT_7', 0), ('SLOT_8', 1), ('SNEAK', 1)])
22:19:12,804 root DEBUG Waiting for obs...
22:19:12,847 root DEBUG Received obs - (600, 1024, 3); reward - 0.0; info - 
22:19:12,848 root DEBUG Sending action: OrderedDict([('BACKWARD', 0), ('DIG', 0), ('DROP', 1), ('FORWARD', 1), ('HOTBAR_NEXT', 1), ('HOTBAR_PREV', 0), ('INVENTORY', 1), ('JUMP', 1), ('LEFT', 1), ('MIDDLE', 1), ('MOUSE', [983, -434]), ('PLACE', 1), ('RIGHT', 1), ('SLOT_1', 1), ('SLOT_2', 1), ('SLOT_3', 0), ('SLOT_4', 0), ('SLOT_5', 1), ('SLOT_6', 1), ('SLOT_7', 1), ('SLOT_8', 0), ('SNEAK', 1)])
22:19:12,848 root DEBUG Waiting for obs...
22:19:12,887 root DEBUG Received obs - (600, 1024, 3); reward - 0.0; info - 
22:19:12,887 root DEBUG Sending action: OrderedDict([('BACKWARD', 0), ('DIG', 1), ('DROP', 1), ('FORWARD', 1), ('HOTBAR_NEXT', 0), ('HOTBAR_PREV', 1), ('INVENTORY', 0), ('JUMP', 1), ('LEFT', 1), ('MIDDLE', 0), ('MOUSE', [971, 314]), ('PLACE', 0), ('RIGHT', 1), ('SLOT_1', 1), ('SLOT_2', 1), ('SLOT_3', 1), ('SLOT_4', 1), ('SLOT_5', 0), ('SLOT_6', 0), ('SLOT_7', 1), ('SLOT_8', 0), ('SNEAK', 0)])
22:19:12,888 root DEBUG Waiting for obs...
22:19:12,938 root DEBUG Received obs - (600, 1024, 3); reward - 0.0; info - 
22:19:12,938 root DEBUG Sending action: OrderedDict([('BACKWARD', 1), ('DIG', 0), ('DROP', 1), ('FORWARD', 0), ('HOTBAR_NEXT', 1), ('HOTBAR_PREV', 1), ('INVENTORY', 1), ('JUMP', 0), ('LEFT', 1), ('MIDDLE', 0), ('MOUSE', [334, -46]), ('PLACE', 1), ('RIGHT', 0), ('SLOT_1', 1), ('SLOT_2', 1), ('SLOT_3', 0), ('SLOT_4', 0), ('SLOT_5', 1), ('SLOT_6', 1), ('SLOT_7', 1), ('SLOT_8', 0), ('SNEAK', 0)])
22:19:12,939 root DEBUG Waiting for obs...
22:19:13,15 root DEBUG Received obs - (600, 1024, 3); reward - 0.0; info - 
22:19:13,15 root DEBUG Sending action: OrderedDict([('BACKWARD', 0), ('DIG', 0), ('DROP', 0), ('FORWARD', 1), ('HOTBAR_NEXT', 1), ('HOTBAR_PREV', 0), ('INVENTORY', 1), ('JUMP', 1), ('LEFT', 1), ('MIDDLE', 0), ('MOUSE', [-980, 341]), ('PLACE', 0), ('RIGHT', 0), ('SLOT_1', 1), ('SLOT_2', 1), ('SLOT_3', 1), ('SLOT_4', 0), ('SLOT_5', 1), ('SLOT_6', 0), ('SLOT_7', 0), ('SLOT_8', 1), ('SNEAK', 0)])
22:19:13,15 root DEBUG Waiting for obs...
22:19:13,58 root DEBUG Received obs - (600, 1024, 3); reward - 0.0; info - 
22:19:13,58 root DEBUG Sending action: OrderedDict([('BACKWARD', 1), ('DIG', 0), ('DROP', 0), ('FORWARD', 0), ('HOTBAR_NEXT', 1), ('HOTBAR_PREV', 0), ('INVENTORY', 0), ('JUMP', 0), ('LEFT', 0), ('MIDDLE', 0), ('MOUSE', [693, -348]), ('PLACE', 1), ('RIGHT', 0), ('SLOT_1', 1), ('SLOT_2', 0), ('SLOT_3', 1), ('SLOT_4', 1), ('SLOT_5', 1), ('SLOT_6', 0), ('SLOT_7', 1), ('SLOT_8', 1), ('SNEAK', 0)])
22:19:13,59 root DEBUG Waiting for obs...
22:19:13,92 root DEBUG Received obs - (600, 1024, 3); reward - 0.0; info - 
22:19:13,92 root DEBUG Sending action: OrderedDict([('BACKWARD', 1), ('DIG', 1), ('DROP', 0), ('FORWARD', 0), ('HOTBAR_NEXT', 0), ('HOTBAR_PREV', 1), ('INVENTORY', 0), ('JUMP', 1), ('LEFT', 0), ('MIDDLE', 0), ('MOUSE', [-216, -45]), ('PLACE', 1), ('RIGHT', 1), ('SLOT_1', 0), ('SLOT_2', 1), ('SLOT_3', 1), ('SLOT_4', 1), ('SLOT_5', 0), ('SLOT_6', 0), ('SLOT_7', 1), ('SLOT_8', 0), ('SNEAK', 1)])
22:19:13,93 root DEBUG Waiting for obs...
22:19:13,126 root DEBUG Received obs - (600, 1024, 3); reward - 0.0; info - 
22:19:13,126 root DEBUG Sending action: OrderedDict([('BACKWARD', 0), ('DIG', 1), ('DROP', 1), ('FORWARD', 0), ('HOTBAR_NEXT', 0), ('HOTBAR_PREV', 0), ('INVENTORY', 1), ('JUMP', 0), ('LEFT', 0), ('MIDDLE', 0), ('MOUSE', [793, -343]), ('PLACE', 0), ('RIGHT', 0), ('SLOT_1', 0), ('SLOT_2', 1), ('SLOT_3', 0), ('SLOT_4', 1), ('SLOT_5', 1), ('SLOT_6', 1), ('SLOT_7', 0), ('SLOT_8', 0), ('SNEAK', 0)])
22:19:13,127 root DEBUG Waiting for obs...
22:19:13,158 root DEBUG Received obs - (600, 1024, 3); reward - 0.0; info - 
22:19:13,159 root DEBUG Sending action: OrderedDict([('BACKWARD', 0), ('DIG', 1), ('DROP', 0), ('FORWARD', 1), ('HOTBAR_NEXT', 1), ('HOTBAR_PREV', 0), ('INVENTORY', 0), ('JUMP', 0), ('LEFT', 1), ('MIDDLE', 1), ('MOUSE', [-696, 122]), ('PLACE', 0), ('RIGHT', 0), ('SLOT_1', 0), ('SLOT_2', 0), ('SLOT_3', 1), ('SLOT_4', 0), ('SLOT_5', 0), ('SLOT_6', 1), ('SLOT_7', 1), ('SLOT_8', 1), ('SNEAK', 0)])
22:19:13,159 root DEBUG Waiting for obs...
22:19:13,192 root DEBUG Received obs - (600, 1024, 3); reward - 0.0; info - 
22:19:13,193 root DEBUG Sending action: OrderedDict([('BACKWARD', 1), ('DIG', 1), ('DROP', 0), ('FORWARD', 0), ('HOTBAR_NEXT', 1), ('HOTBAR_PREV', 0), ('INVENTORY', 1), ('JUMP', 0), ('LEFT', 0), ('MIDDLE', 0), ('MOUSE', [28, -244]), ('PLACE', 0), ('RIGHT', 0), ('SLOT_1', 1), ('SLOT_2', 1), ('SLOT_3', 1), ('SLOT_4', 1), ('SLOT_5', 0), ('SLOT_6', 0), ('SLOT_7', 1), ('SLOT_8', 0), ('SNEAK', 1)])
22:19:13,193 root DEBUG Waiting for obs...
22:19:13,224 root DEBUG Received obs - (600, 1024, 3); reward - 0.0; info - 
22:19:13,224 root DEBUG Sending action: OrderedDict([('BACKWARD', 0), ('DIG', 1), ('DROP', 0), ('FORWARD', 0), ('HOTBAR_NEXT', 1), ('HOTBAR_PREV', 1), ('INVENTORY', 1), ('JUMP', 1), ('LEFT', 1), ('MIDDLE', 1), ('MOUSE', [-465, -20]), ('PLACE', 1), ('RIGHT', 1), ('SLOT_1', 0), ('SLOT_2', 1), ('SLOT_3', 0), ('SLOT_4', 0), ('SLOT_5', 1), ('SLOT_6', 0), ('SLOT_7', 1), ('SLOT_8', 0), ('SNEAK', 0)])
22:19:13,224 root DEBUG Waiting for obs...
22:19:13,255 root DEBUG Received obs - (600, 1024, 3); reward - 0.0; info - 
22:19:13,256 root DEBUG Sending action: OrderedDict([('BACKWARD', 0), ('DIG', 0), ('DROP', 0), ('FORWARD', 1), ('HOTBAR_NEXT', 0), ('HOTBAR_PREV', 0), ('INVENTORY', 0), ('JUMP', 1), ('LEFT', 1), ('MIDDLE', 0), ('MOUSE', [266, 554]), ('PLACE', 0), ('RIGHT', 0), ('SLOT_1', 0), ('SLOT_2', 1), ('SLOT_3', 1), ('SLOT_4', 1), ('SLOT_5', 0), ('SLOT_6', 0), ('SLOT_7', 0), ('SLOT_8', 1), ('SNEAK', 1)])
22:19:13,256 root DEBUG Waiting for obs...
22:19:13,284 root DEBUG Received obs - (600, 1024, 3); reward - 0.0; info - 
22:19:13,284 root DEBUG Sending action: OrderedDict([('BACKWARD', 1), ('DIG', 1), ('DROP', 0), ('FORWARD', 0), ('HOTBAR_NEXT', 1), ('HOTBAR_PREV', 0), ('INVENTORY', 0), ('JUMP', 0), ('LEFT', 1), ('MIDDLE', 0), ('MOUSE', [410, 210]), ('PLACE', 0), ('RIGHT', 0), ('SLOT_1', 0), ('SLOT_2', 0), ('SLOT_3', 0), ('SLOT_4', 1), ('SLOT_5', 0), ('SLOT_6', 0), ('SLOT_7', 1), ('SLOT_8', 1), ('SNEAK', 0)])
22:19:13,284 root DEBUG Waiting for obs...
22:19:13,320 root DEBUG Received obs - (600, 1024, 3); reward - 0.0; info - 
22:19:13,321 root DEBUG Sending action: OrderedDict([('BACKWARD', 1), ('DIG', 1), ('DROP', 1), ('FORWARD', 1), ('HOTBAR_NEXT', 1), ('HOTBAR_PREV', 0), ('INVENTORY', 1), ('JUMP', 1), ('LEFT', 0), ('MIDDLE', 1), ('MOUSE', [-37, -435]), ('PLACE', 1), ('RIGHT', 1), ('SLOT_1', 1), ('SLOT_2', 1), ('SLOT_3', 0), ('SLOT_4', 0), ('SLOT_5', 1), ('SLOT_6', 0), ('SLOT_7', 1), ('SLOT_8', 1), ('SNEAK', 1)])
22:19:13,321 root DEBUG Waiting for obs...
22:19:13,362 root DEBUG Received obs - (600, 1024, 3); reward - 0.0; info - 
22:19:13,362 root DEBUG Sending action: OrderedDict([('BACKWARD', 1), ('DIG', 0), ('DROP', 1), ('FORWARD', 1), ('HOTBAR_NEXT', 1), ('HOTBAR_PREV', 1), ('INVENTORY', 1), ('JUMP', 1), ('LEFT', 0), ('MIDDLE', 1), ('MOUSE', [-716, -595]), ('PLACE', 1), ('RIGHT', 1), ('SLOT_1', 1), ('SLOT_2', 0), ('SLOT_3', 1), ('SLOT_4', 0), ('SLOT_5', 1), ('SLOT_6', 1), ('SLOT_7', 1), ('SLOT_8', 0), ('SNEAK', 0)])
22:19:13,362 root DEBUG Waiting for obs...
22:19:13,398 root DEBUG Received obs - (600, 1024, 3); reward - 0.0; info - 
22:19:13,399 root DEBUG Sending action: OrderedDict([('BACKWARD', 0), ('DIG', 0), ('DROP', 1), ('FORWARD', 1), ('HOTBAR_NEXT', 0), ('HOTBAR_PREV', 0), ('INVENTORY', 0), ('JUMP', 0), ('LEFT', 1), ('MIDDLE', 0), ('MOUSE', [-759, 31]), ('PLACE', 1), ('RIGHT', 1), ('SLOT_1', 0), ('SLOT_2', 1), ('SLOT_3', 1), ('SLOT_4', 1), ('SLOT_5', 1), ('SLOT_6', 1), ('SLOT_7', 1), ('SLOT_8', 0), ('SNEAK', 0)])
22:19:13,399 root DEBUG Waiting for obs...
22:19:13,437 root DEBUG Received obs - (600, 1024, 3); reward - 0.0; info - 
22:19:13,438 root DEBUG Sending action: OrderedDict([('BACKWARD', 1), ('DIG', 1), ('DROP', 1), ('FORWARD', 0), ('HOTBAR_NEXT', 0), ('HOTBAR_PREV', 0), ('INVENTORY', 0), ('JUMP', 1), ('LEFT', 0), ('MIDDLE', 0), ('MOUSE', [550, -104]), ('PLACE', 0), ('RIGHT', 0), ('SLOT_1', 0), ('SLOT_2', 1), ('SLOT_3', 0), ('SLOT_4', 1), ('SLOT_5', 0), ('SLOT_6', 0), ('SLOT_7', 0), ('SLOT_8', 1), ('SNEAK', 1)])
22:19:13,438 root DEBUG Waiting for obs...
22:19:13,467 root DEBUG Received obs - (600, 1024, 3); reward - 0.0; info - 
22:19:13,467 root DEBUG Sending action: OrderedDict([('BACKWARD', 0), ('DIG', 0), ('DROP', 1), ('FORWARD', 0), ('HOTBAR_NEXT', 1), ('HOTBAR_PREV', 0), ('INVENTORY', 1), ('JUMP', 1), ('LEFT', 1), ('MIDDLE', 1), ('MOUSE', [-543, 387]), ('PLACE', 0), ('RIGHT', 1), ('SLOT_1', 0), ('SLOT_2', 1), ('SLOT_3', 1), ('SLOT_4', 1), ('SLOT_5', 1), ('SLOT_6', 1), ('SLOT_7', 1), ('SLOT_8', 0), ('SNEAK', 1)])
22:19:13,468 root DEBUG Waiting for obs...
22:19:13,512 root DEBUG Received obs - (600, 1024, 3); reward - 0.0; info - 
22:19:13,513 root DEBUG Sending action: OrderedDict([('BACKWARD', 0), ('DIG', 0), ('DROP', 0), ('FORWARD', 0), ('HOTBAR_NEXT', 0), ('HOTBAR_PREV', 1), ('INVENTORY', 0), ('JUMP', 1), ('LEFT', 1), ('MIDDLE', 0), ('MOUSE', [-56, 505]), ('PLACE', 1), ('RIGHT', 0), ('SLOT_1', 1), ('SLOT_2', 1), ('SLOT_3', 0), ('SLOT_4', 0), ('SLOT_5', 1), ('SLOT_6', 1), ('SLOT_7', 0), ('SLOT_8', 0), ('SNEAK', 0)])
22:19:13,513 root DEBUG Waiting for obs...
22:19:13,536 root DEBUG Received obs - (600, 1024, 3); reward - 0.0; info - 
22:19:13,536 root DEBUG Sending action: OrderedDict([('BACKWARD', 1), ('DIG', 0), ('DROP', 0), ('FORWARD', 1), ('HOTBAR_NEXT', 1), ('HOTBAR_PREV', 1), ('INVENTORY', 0), ('JUMP', 0), ('LEFT', 0), ('MIDDLE', 1), ('MOUSE', [661, 80]), ('PLACE', 1), ('RIGHT', 1), ('SLOT_1', 1), ('SLOT_2', 0), ('SLOT_3', 0), ('SLOT_4', 0), ('SLOT_5', 0), ('SLOT_6', 1), ('SLOT_7', 1), ('SLOT_8', 0), ('SNEAK', 0)])
22:19:13,536 root DEBUG Waiting for obs...
22:19:13,570 root DEBUG Received obs - (600, 1024, 3); reward - 0.0; info - 
22:19:13,570 root DEBUG Sending action: OrderedDict([('BACKWARD', 1), ('DIG', 0), ('DROP', 1), ('FORWARD', 1), ('HOTBAR_NEXT', 1), ('HOTBAR_PREV', 1), ('INVENTORY', 0), ('JUMP', 1), ('LEFT', 1), ('MIDDLE', 1), ('MOUSE', [-722, 179]), ('PLACE', 0), ('RIGHT', 0), ('SLOT_1', 0), ('SLOT_2', 0), ('SLOT_3', 0), ('SLOT_4', 1), ('SLOT_5', 1), ('SLOT_6', 0), ('SLOT_7', 0), ('SLOT_8', 0), ('SNEAK', 1)])
22:19:13,571 root DEBUG Waiting for obs...
22:19:13,617 root DEBUG Received obs - (600, 1024, 3); reward - 0.0; info - 
22:19:13,617 root DEBUG Sending action: OrderedDict([('BACKWARD', 1), ('DIG', 0), ('DROP', 1), ('FORWARD', 0), ('HOTBAR_NEXT', 0), ('HOTBAR_PREV', 1), ('INVENTORY', 0), ('JUMP', 0), ('LEFT', 1), ('MIDDLE', 0), ('MOUSE', [-624, 263]), ('PLACE', 1), ('RIGHT', 1), ('SLOT_1', 0), ('SLOT_2', 1), ('SLOT_3', 0), ('SLOT_4', 1), ('SLOT_5', 0), ('SLOT_6', 0), ('SLOT_7', 0), ('SLOT_8', 0), ('SNEAK', 0)])
22:19:13,618 root DEBUG Waiting for obs...
22:19:13,670 root DEBUG Received obs - (600, 1024, 3); reward - 0.0; info - 
22:19:13,670 root DEBUG Sending action: OrderedDict([('BACKWARD', 1), ('DIG', 0), ('DROP', 1), ('FORWARD', 1), ('HOTBAR_NEXT', 1), ('HOTBAR_PREV', 1), ('INVENTORY', 1), ('JUMP', 0), ('LEFT', 0), ('MIDDLE', 0), ('MOUSE', [-103, 252]), ('PLACE', 0), ('RIGHT', 0), ('SLOT_1', 0), ('SLOT_2', 0), ('SLOT_3', 0), ('SLOT_4', 1), ('SLOT_5', 0), ('SLOT_6', 1), ('SLOT_7', 0), ('SLOT_8', 1), ('SNEAK', 0)])
22:19:13,671 root DEBUG Waiting for obs...
22:19:13,720 root DEBUG Received obs - (600, 1024, 3); reward - 0.0; info - 
22:19:13,720 root DEBUG Sending action: OrderedDict([('BACKWARD', 0), ('DIG', 1), ('DROP', 1), ('FORWARD', 0), ('HOTBAR_NEXT', 0), ('HOTBAR_PREV', 1), ('INVENTORY', 0), ('JUMP', 0), ('LEFT', 0), ('MIDDLE', 0), ('MOUSE', [-556, -104]), ('PLACE', 0), ('RIGHT', 0), ('SLOT_1', 1), ('SLOT_2', 1), ('SLOT_3', 1), ('SLOT_4', 0), ('SLOT_5', 1), ('SLOT_6', 1), ('SLOT_7', 1), ('SLOT_8', 0), ('SNEAK', 0)])
22:19:13,721 root DEBUG Waiting for obs...
22:19:13,754 root DEBUG Received obs - (600, 1024, 3); reward - 0.0; info - 
22:19:13,755 root DEBUG Sending action: OrderedDict([('BACKWARD', 1), ('DIG', 0), ('DROP', 0), ('FORWARD', 0), ('HOTBAR_NEXT', 0), ('HOTBAR_PREV', 1), ('INVENTORY', 1), ('JUMP', 1), ('LEFT', 1), ('MIDDLE', 1), ('MOUSE', [-7, -62]), ('PLACE', 0), ('RIGHT', 1), ('SLOT_1', 0), ('SLOT_2', 1), ('SLOT_3', 0), ('SLOT_4', 1), ('SLOT_5', 0), ('SLOT_6', 0), ('SLOT_7', 0), ('SLOT_8', 0), ('SNEAK', 0)])
22:19:13,756 root DEBUG Waiting for obs...
22:19:13,800 root DEBUG Received obs - (600, 1024, 3); reward - 0.0; info - 
22:19:13,800 root DEBUG Sending action: OrderedDict([('BACKWARD', 1), ('DIG', 0), ('DROP', 0), ('FORWARD', 0), ('HOTBAR_NEXT', 1), ('HOTBAR_PREV', 0), ('INVENTORY', 0), ('JUMP', 0), ('LEFT', 0), ('MIDDLE', 0), ('MOUSE', [552, -480]), ('PLACE', 0), ('RIGHT', 0), ('SLOT_1', 0), ('SLOT_2', 0), ('SLOT_3', 1), ('SLOT_4', 0), ('SLOT_5', 0), ('SLOT_6', 0), ('SLOT_7', 0), ('SLOT_8', 1), ('SNEAK', 1)])
22:19:13,801 root DEBUG Waiting for obs...
22:19:13,853 root DEBUG Received obs - (600, 1024, 3); reward - 0.0; info - 
22:19:13,853 root DEBUG Sending action: OrderedDict([('BACKWARD', 1), ('DIG', 0), ('DROP', 1), ('FORWARD', 0), ('HOTBAR_NEXT', 0), ('HOTBAR_PREV', 1), ('INVENTORY', 0), ('JUMP', 0), ('LEFT', 0), ('MIDDLE', 0), ('MOUSE', [-83, 472]), ('PLACE', 1), ('RIGHT', 0), ('SLOT_1', 0), ('SLOT_2', 1), ('SLOT_3', 1), ('SLOT_4', 0), ('SLOT_5', 1), ('SLOT_6', 0), ('SLOT_7', 0), ('SLOT_8', 1), ('SNEAK', 0)])
22:19:13,853 root DEBUG Waiting for obs...
22:19:13,890 root DEBUG Received obs - (600, 1024, 3); reward - 0.0; info - 
22:19:13,890 root DEBUG Sending action: OrderedDict([('BACKWARD', 1), ('DIG', 1), ('DROP', 1), ('FORWARD', 0), ('HOTBAR_NEXT', 1), ('HOTBAR_PREV', 1), ('INVENTORY', 0), ('JUMP', 0), ('LEFT', 1), ('MIDDLE', 0), ('MOUSE', [-286, -415]), ('PLACE', 0), ('RIGHT', 1), ('SLOT_1', 1), ('SLOT_2', 0), ('SLOT_3', 0), ('SLOT_4', 0), ('SLOT_5', 1), ('SLOT_6', 0), ('SLOT_7', 1), ('SLOT_8', 1), ('SNEAK', 1)])
22:19:13,891 root DEBUG Waiting for obs...
22:19:13,940 root DEBUG Received obs - (600, 1024, 3); reward - 0.0; info - 
22:19:13,941 root DEBUG Sending action: OrderedDict([('BACKWARD', 0), ('DIG', 1), ('DROP', 1), ('FORWARD', 1), ('HOTBAR_NEXT', 1), ('HOTBAR_PREV', 1), ('INVENTORY', 0), ('JUMP', 0), ('LEFT', 1), ('MIDDLE', 0), ('MOUSE', [-571, -212]), ('PLACE', 1), ('RIGHT', 1), ('SLOT_1', 1), ('SLOT_2', 1), ('SLOT_3', 1), ('SLOT_4', 0), ('SLOT_5', 1), ('SLOT_6', 0), ('SLOT_7', 0), ('SLOT_8', 1), ('SNEAK', 0)])
22:19:13,941 root DEBUG Waiting for obs...
22:19:13,970 root DEBUG Received obs - (600, 1024, 3); reward - 0.0; info - 
22:19:13,970 root DEBUG Sending action: OrderedDict([('BACKWARD', 0), ('DIG', 0), ('DROP', 0), ('FORWARD', 1), ('HOTBAR_NEXT', 0), ('HOTBAR_PREV', 0), ('INVENTORY', 1), ('JUMP', 0), ('LEFT', 0), ('MIDDLE', 1), ('MOUSE', [-992, -488]), ('PLACE', 1), ('RIGHT', 0), ('SLOT_1', 1), ('SLOT_2', 1), ('SLOT_3', 0), ('SLOT_4', 1), ('SLOT_5', 0), ('SLOT_6', 1), ('SLOT_7', 1), ('SLOT_8', 1), ('SNEAK', 1)])
22:19:13,970 root DEBUG Waiting for obs...
22:19:13,999 root DEBUG Received obs - (600, 1024, 3); reward - 0.0; info - 
22:19:13,999 root DEBUG Sending action: OrderedDict([('BACKWARD', 1), ('DIG', 1), ('DROP', 0), ('FORWARD', 1), ('HOTBAR_NEXT', 0), ('HOTBAR_PREV', 0), ('INVENTORY', 0), ('JUMP', 1), ('LEFT', 1), ('MIDDLE', 1), ('MOUSE', [253, 248]), ('PLACE', 1), ('RIGHT', 0), ('SLOT_1', 0), ('SLOT_2', 1), ('SLOT_3', 0), ('SLOT_4', 0), ('SLOT_5', 1), ('SLOT_6', 1), ('SLOT_7', 1), ('SLOT_8', 1), ('SNEAK', 1)])
22:19:14,0 root DEBUG Waiting for obs...
22:19:14,36 root DEBUG Received obs - (600, 1024, 3); reward - 0.0; info - 
22:19:14,36 root DEBUG Sending action: OrderedDict([('BACKWARD', 1), ('DIG', 1), ('DROP', 0), ('FORWARD', 0), ('HOTBAR_NEXT', 1), ('HOTBAR_PREV', 0), ('INVENTORY', 1), ('JUMP', 1), ('LEFT', 1), ('MIDDLE', 0), ('MOUSE', [-473, 408]), ('PLACE', 1), ('RIGHT', 1), ('SLOT_1', 1), ('SLOT_2', 1), ('SLOT_3', 1), ('SLOT_4', 1), ('SLOT_5', 1), ('SLOT_6', 0), ('SLOT_7', 1), ('SLOT_8', 1), ('SNEAK', 1)])
22:19:14,36 root DEBUG Waiting for obs...
22:19:14,64 root DEBUG Received obs - (600, 1024, 3); reward - 0.0; info - 
22:19:14,65 root DEBUG Sending action: OrderedDict([('BACKWARD', 0), ('DIG', 1), ('DROP', 0), ('FORWARD', 0), ('HOTBAR_NEXT', 1), ('HOTBAR_PREV', 0), ('INVENTORY', 1), ('JUMP', 1), ('LEFT', 1), ('MIDDLE', 0), ('MOUSE', [586, -445]), ('PLACE', 1), ('RIGHT', 1), ('SLOT_1', 1), ('SLOT_2', 1), ('SLOT_3', 1), ('SLOT_4', 0), ('SLOT_5', 1), ('SLOT_6', 1), ('SLOT_7', 0), ('SLOT_8', 0), ('SNEAK', 1)])
22:19:14,65 root DEBUG Waiting for obs...
22:19:14,98 root DEBUG Received obs - (600, 1024, 3); reward - 0.0; info - 
22:19:14,98 root DEBUG Sending action: OrderedDict([('BACKWARD', 0), ('DIG', 0), ('DROP', 1), ('FORWARD', 1), ('HOTBAR_NEXT', 0), ('HOTBAR_PREV', 1), ('INVENTORY', 1), ('JUMP', 1), ('LEFT', 1), ('MIDDLE', 0), ('MOUSE', [934, 319]), ('PLACE', 0), ('RIGHT', 0), ('SLOT_1', 1), ('SLOT_2', 0), ('SLOT_3', 0), ('SLOT_4', 1), ('SLOT_5', 1), ('SLOT_6', 0), ('SLOT_7', 1), ('SLOT_8', 0), ('SNEAK', 1)])
22:19:14,98 root DEBUG Waiting for obs...
22:19:14,138 root DEBUG Received obs - (600, 1024, 3); reward - 0.0; info - 
22:19:14,138 root DEBUG Sending action: OrderedDict([('BACKWARD', 1), ('DIG', 1), ('DROP', 1), ('FORWARD', 1), ('HOTBAR_NEXT', 1), ('HOTBAR_PREV', 0), ('INVENTORY', 0), ('JUMP', 1), ('LEFT', 0), ('MIDDLE', 1), ('MOUSE', [471, 569]), ('PLACE', 0), ('RIGHT', 1), ('SLOT_1', 1), ('SLOT_2', 0), ('SLOT_3', 1), ('SLOT_4', 0), ('SLOT_5', 0), ('SLOT_6', 1), ('SLOT_7', 0), ('SLOT_8', 0), ('SNEAK', 0)])
22:19:14,139 root DEBUG Waiting for obs...
22:19:14,180 root DEBUG Received obs - (600, 1024, 3); reward - 0.0; info - 
22:19:14,181 root DEBUG Sending action: OrderedDict([('BACKWARD', 0), ('DIG', 1), ('DROP', 1), ('FORWARD', 0), ('HOTBAR_NEXT', 1), ('HOTBAR_PREV', 1), ('INVENTORY', 0), ('JUMP', 0), ('LEFT', 1), ('MIDDLE', 1), ('MOUSE', [-1002, 277]), ('PLACE', 1), ('RIGHT', 0), ('SLOT_1', 1), ('SLOT_2', 0), ('SLOT_3', 1), ('SLOT_4', 1), ('SLOT_5', 0), ('SLOT_6', 1), ('SLOT_7', 0), ('SLOT_8', 1), ('SNEAK', 0)])
22:19:14,181 root DEBUG Waiting for obs...
22:19:14,221 root DEBUG Received obs - (600, 1024, 3); reward - 0.0; info - 
22:19:14,222 root DEBUG Sending action: OrderedDict([('BACKWARD', 1), ('DIG', 1), ('DROP', 0), ('FORWARD', 1), ('HOTBAR_NEXT', 1), ('HOTBAR_PREV', 0), ('INVENTORY', 0), ('JUMP', 0), ('LEFT', 1), ('MIDDLE', 1), ('MOUSE', [-1015, 454]), ('PLACE', 1), ('RIGHT', 1), ('SLOT_1', 1), ('SLOT_2', 0), ('SLOT_3', 0), ('SLOT_4', 1), ('SLOT_5', 0), ('SLOT_6', 1), ('SLOT_7', 1), ('SLOT_8', 0), ('SNEAK', 1)])
22:19:14,222 root DEBUG Waiting for obs...
22:19:14,257 root DEBUG Received obs - (600, 1024, 3); reward - 0.0; info - 
22:19:14,258 root DEBUG Sending action: OrderedDict([('BACKWARD', 1), ('DIG', 0), ('DROP', 1), ('FORWARD', 1), ('HOTBAR_NEXT', 1), ('HOTBAR_PREV', 0), ('INVENTORY', 1), ('JUMP', 0), ('LEFT', 1), ('MIDDLE', 0), ('MOUSE', [360, -502]), ('PLACE', 0), ('RIGHT', 1), ('SLOT_1', 1), ('SLOT_2', 1), ('SLOT_3', 0), ('SLOT_4', 1), ('SLOT_5', 1), ('SLOT_6', 0), ('SLOT_7', 1), ('SLOT_8', 0), ('SNEAK', 1)])
22:19:14,258 root DEBUG Waiting for obs...
22:19:14,289 root DEBUG Received obs - (600, 1024, 3); reward - 0.0; info - 
22:19:14,290 root DEBUG Sending action: OrderedDict([('BACKWARD', 0), ('DIG', 1), ('DROP', 0), ('FORWARD', 0), ('HOTBAR_NEXT', 0), ('HOTBAR_PREV', 1), ('INVENTORY', 1), ('JUMP', 0), ('LEFT', 1), ('MIDDLE', 0), ('MOUSE', [-134, -273]), ('PLACE', 0), ('RIGHT', 0), ('SLOT_1', 1), ('SLOT_2', 0), ('SLOT_3', 0), ('SLOT_4', 0), ('SLOT_5', 0), ('SLOT_6', 0), ('SLOT_7', 0), ('SLOT_8', 0), ('SNEAK', 0)])
22:19:14,290 root DEBUG Waiting for obs...
22:19:14,320 root DEBUG Received obs - (600, 1024, 3); reward - 0.0; info - 
22:19:14,320 root DEBUG Sending action: OrderedDict([('BACKWARD', 1), ('DIG', 0), ('DROP', 0), ('FORWARD', 0), ('HOTBAR_NEXT', 1), ('HOTBAR_PREV', 0), ('INVENTORY', 1), ('JUMP', 0), ('LEFT', 1), ('MIDDLE', 1), ('MOUSE', [-1001, 400]), ('PLACE', 1), ('RIGHT', 0), ('SLOT_1', 1), ('SLOT_2', 1), ('SLOT_3', 0), ('SLOT_4', 1), ('SLOT_5', 1), ('SLOT_6', 1), ('SLOT_7', 0), ('SLOT_8', 1), ('SNEAK', 1)])
22:19:14,320 root DEBUG Waiting for obs...
22:19:14,360 root DEBUG Received obs - (600, 1024, 3); reward - 0.0; info - 
22:19:14,360 root DEBUG Sending action: OrderedDict([('BACKWARD', 1), ('DIG', 1), ('DROP', 1), ('FORWARD', 1), ('HOTBAR_NEXT', 0), ('HOTBAR_PREV', 1), ('INVENTORY', 1), ('JUMP', 0), ('LEFT', 0), ('MIDDLE', 0), ('MOUSE', [118, 134]), ('PLACE', 0), ('RIGHT', 0), ('SLOT_1', 0), ('SLOT_2', 1), ('SLOT_3', 0), ('SLOT_4', 0), ('SLOT_5', 1), ('SLOT_6', 0), ('SLOT_7', 1), ('SLOT_8', 0), ('SNEAK', 0)])
22:19:14,361 root DEBUG Waiting for obs...
22:19:14,413 root DEBUG Received obs - (600, 1024, 3); reward - 0.0; info - 
22:19:14,414 root DEBUG Sending action: OrderedDict([('BACKWARD', 0), ('DIG', 0), ('DROP', 1), ('FORWARD', 1), ('HOTBAR_NEXT', 1), ('HOTBAR_PREV', 1), ('INVENTORY', 0), ('JUMP', 1), ('LEFT', 1), ('MIDDLE', 0), ('MOUSE', [-660, 94]), ('PLACE', 0), ('RIGHT', 1), ('SLOT_1', 0), ('SLOT_2', 0), ('SLOT_3', 1), ('SLOT_4', 0), ('SLOT_5', 1), ('SLOT_6', 0), ('SLOT_7', 0), ('SLOT_8', 0), ('SNEAK', 0)])
22:19:14,415 root DEBUG Waiting for obs...
22:19:14,482 root DEBUG Received obs - (600, 1024, 3); reward - 0.0; info - 
22:19:14,483 root DEBUG Sending action: OrderedDict([('BACKWARD', 0), ('DIG', 0), ('DROP', 1), ('FORWARD', 1), ('HOTBAR_NEXT', 0), ('HOTBAR_PREV', 1), ('INVENTORY', 1), ('JUMP', 1), ('LEFT', 0), ('MIDDLE', 0), ('MOUSE', [-872, -376]), ('PLACE', 1), ('RIGHT', 0), ('SLOT_1', 0), ('SLOT_2', 1), ('SLOT_3', 1), ('SLOT_4', 1), ('SLOT_5', 1), ('SLOT_6', 0), ('SLOT_7', 1), ('SLOT_8', 0), ('SNEAK', 1)])
22:19:14,483 root DEBUG Waiting for obs...
22:19:14,543 root DEBUG Received obs - (600, 1024, 3); reward - 0.0; info - 
22:19:14,544 root DEBUG Sending action: OrderedDict([('BACKWARD', 0), ('DIG', 0), ('DROP', 1), ('FORWARD', 1), ('HOTBAR_NEXT', 0), ('HOTBAR_PREV', 1), ('INVENTORY', 1), ('JUMP', 0), ('LEFT', 0), ('MIDDLE', 0), ('MOUSE', [511, -572]), ('PLACE', 1), ('RIGHT', 1), ('SLOT_1', 0), ('SLOT_2', 1), ('SLOT_3', 0), ('SLOT_4', 1), ('SLOT_5', 0), ('SLOT_6', 1), ('SLOT_7', 0), ('SLOT_8', 1), ('SNEAK', 0)])
22:19:14,544 root DEBUG Waiting for obs...
22:19:14,598 root DEBUG Received obs - (600, 1024, 3); reward - 0.0; info - 
22:19:14,598 root DEBUG Sending action: OrderedDict([('BACKWARD', 1), ('DIG', 1), ('DROP', 1), ('FORWARD', 0), ('HOTBAR_NEXT', 0), ('HOTBAR_PREV', 0), ('INVENTORY', 1), ('JUMP', 1), ('LEFT', 1), ('MIDDLE', 0), ('MOUSE', [-178, 298]), ('PLACE', 1), ('RIGHT', 0), ('SLOT_1', 1), ('SLOT_2', 0), ('SLOT_3', 1), ('SLOT_4', 1), ('SLOT_5', 1), ('SLOT_6', 0), ('SLOT_7', 1), ('SLOT_8', 1), ('SNEAK', 0)])
22:19:14,599 root DEBUG Waiting for obs...
22:19:14,655 root DEBUG Received obs - (600, 1024, 3); reward - 0.0; info - 
22:19:14,655 root DEBUG Sending action: OrderedDict([('BACKWARD', 1), ('DIG', 1), ('DROP', 0), ('FORWARD', 1), ('HOTBAR_NEXT', 0), ('HOTBAR_PREV', 0), ('INVENTORY', 1), ('JUMP', 0), ('LEFT', 0), ('MIDDLE', 0), ('MOUSE', [426, -108]), ('PLACE', 0), ('RIGHT', 0), ('SLOT_1', 0), ('SLOT_2', 1), ('SLOT_3', 1), ('SLOT_4', 0), ('SLOT_5', 0), ('SLOT_6', 0), ('SLOT_7', 1), ('SLOT_8', 1), ('SNEAK', 1)])
22:19:14,655 root DEBUG Waiting for obs...
22:19:14,719 root DEBUG Received obs - (600, 1024, 3); reward - 0.0; info - 
22:19:14,720 root DEBUG Sending action: OrderedDict([('BACKWARD', 1), ('DIG', 0), ('DROP', 0), ('FORWARD', 1), ('HOTBAR_NEXT', 0), ('HOTBAR_PREV', 0), ('INVENTORY', 1), ('JUMP', 0), ('LEFT', 0), ('MIDDLE', 1), ('MOUSE', [-243, 82]), ('PLACE', 1), ('RIGHT', 0), ('SLOT_1', 1), ('SLOT_2', 0), ('SLOT_3', 1), ('SLOT_4', 1), ('SLOT_5', 1), ('SLOT_6', 1), ('SLOT_7', 0), ('SLOT_8', 0), ('SNEAK', 0)])
22:19:14,720 root DEBUG Waiting for obs...
22:19:14,799 root DEBUG Received obs - (600, 1024, 3); reward - 0.0; info - 
22:19:14,802 root DEBUG Sending action: OrderedDict([('BACKWARD', 1), ('DIG', 1), ('DROP', 1), ('FORWARD', 0), ('HOTBAR_NEXT', 0), ('HOTBAR_PREV', 0), ('INVENTORY', 0), ('JUMP', 1), ('LEFT', 1), ('MIDDLE', 0), ('MOUSE', [716, 101]), ('PLACE', 1), ('RIGHT', 0), ('SLOT_1', 1), ('SLOT_2', 0), ('SLOT_3', 1), ('SLOT_4', 0), ('SLOT_5', 1), ('SLOT_6', 0), ('SLOT_7', 1), ('SLOT_8', 1), ('SNEAK', 0)])
22:19:14,804 root DEBUG Waiting for obs...
22:19:14,914 root DEBUG Received obs - (600, 1024, 3); reward - 0.0; info - 
22:19:14,915 root DEBUG Sending action: OrderedDict([('BACKWARD', 0), ('DIG', 0), ('DROP', 0), ('FORWARD', 1), ('HOTBAR_NEXT', 1), ('HOTBAR_PREV', 0), ('INVENTORY', 1), ('JUMP', 1), ('LEFT', 0), ('MIDDLE', 0), ('MOUSE', [-158, 23]), ('PLACE', 0), ('RIGHT', 1), ('SLOT_1', 1), ('SLOT_2', 0), ('SLOT_3', 1), ('SLOT_4', 1), ('SLOT_5', 1), ('SLOT_6', 0), ('SLOT_7', 0), ('SLOT_8', 0), ('SNEAK', 1)])
22:19:14,916 root DEBUG Waiting for obs...
22:19:15,5 root DEBUG Received obs - (600, 1024, 3); reward - 0.0; info - 
22:19:15,6 root DEBUG Sending action: OrderedDict([('BACKWARD', 1), ('DIG', 0), ('DROP', 0), ('FORWARD', 1), ('HOTBAR_NEXT', 0), ('HOTBAR_PREV', 1), ('INVENTORY', 1), ('JUMP', 1), ('LEFT', 1), ('MIDDLE', 1), ('MOUSE', [539, 87]), ('PLACE', 0), ('RIGHT', 1), ('SLOT_1', 0), ('SLOT_2', 1), ('SLOT_3', 0), ('SLOT_4', 1), ('SLOT_5', 1), ('SLOT_6', 0), ('SLOT_7', 0), ('SLOT_8', 1), ('SNEAK', 0)])
22:19:15,6 root DEBUG Waiting for obs...
22:19:15,107 root DEBUG Received obs - (600, 1024, 3); reward - 0.0; info - 
22:19:15,108 root DEBUG Sending action: OrderedDict([('BACKWARD', 0), ('DIG', 0), ('DROP', 0), ('FORWARD', 0), ('HOTBAR_NEXT', 0), ('HOTBAR_PREV', 0), ('INVENTORY', 1), ('JUMP', 0), ('LEFT', 1), ('MIDDLE', 0), ('MOUSE', [-281, 172]), ('PLACE', 1), ('RIGHT', 0), ('SLOT_1', 1), ('SLOT_2', 1), ('SLOT_3', 0), ('SLOT_4', 0), ('SLOT_5', 0), ('SLOT_6', 1), ('SLOT_7', 1), ('SLOT_8', 1), ('SNEAK', 1)])
22:19:15,108 root DEBUG Waiting for obs...
22:19:15,183 root DEBUG Received obs - (600, 1024, 3); reward - 0.0; info - 
22:19:15,184 root DEBUG Sending action: OrderedDict([('BACKWARD', 0), ('DIG', 0), ('DROP', 1), ('FORWARD', 0), ('HOTBAR_NEXT', 0), ('HOTBAR_PREV', 0), ('INVENTORY', 1), ('JUMP', 0), ('LEFT', 0), ('MIDDLE', 0), ('MOUSE', [618, -216]), ('PLACE', 1), ('RIGHT', 1), ('SLOT_1', 1), ('SLOT_2', 1), ('SLOT_3', 1), ('SLOT_4', 0), ('SLOT_5', 1), ('SLOT_6', 0), ('SLOT_7', 1), ('SLOT_8', 1), ('SNEAK', 1)])
22:19:15,184 root DEBUG Waiting for obs...
22:19:15,257 root DEBUG Received obs - (600, 1024, 3); reward - 0.0; info - 
22:19:15,258 root DEBUG Sending action: OrderedDict([('BACKWARD', 1), ('DIG', 1), ('DROP', 1), ('FORWARD', 0), ('HOTBAR_NEXT', 1), ('HOTBAR_PREV', 1), ('INVENTORY', 1), ('JUMP', 1), ('LEFT', 1), ('MIDDLE', 1), ('MOUSE', [-187, -242]), ('PLACE', 1), ('RIGHT', 0), ('SLOT_1', 0), ('SLOT_2', 1), ('SLOT_3', 1), ('SLOT_4', 0), ('SLOT_5', 0), ('SLOT_6', 0), ('SLOT_7', 0), ('SLOT_8', 0), ('SNEAK', 0)])
22:19:15,259 root DEBUG Waiting for obs...
22:19:15,326 root DEBUG Received obs - (600, 1024, 3); reward - 0.0; info - 
22:19:15,327 root DEBUG Sending action: OrderedDict([('BACKWARD', 0), ('DIG', 0), ('DROP', 0), ('FORWARD', 0), ('HOTBAR_NEXT', 0), ('HOTBAR_PREV', 0), ('INVENTORY', 0), ('JUMP', 1), ('LEFT', 0), ('MIDDLE', 0), ('MOUSE', [517, 67]), ('PLACE', 1), ('RIGHT', 1), ('SLOT_1', 0), ('SLOT_2', 1), ('SLOT_3', 1), ('SLOT_4', 0), ('SLOT_5', 1), ('SLOT_6', 0), ('SLOT_7', 1), ('SLOT_8', 0), ('SNEAK', 1)])
22:19:15,327 root DEBUG Waiting for obs...
22:19:15,378 root DEBUG Received obs - (600, 1024, 3); reward - 0.0; info - 
22:19:15,379 root DEBUG Sending action: OrderedDict([('BACKWARD', 0), ('DIG', 0), ('DROP', 0), ('FORWARD', 0), ('HOTBAR_NEXT', 1), ('HOTBAR_PREV', 1), ('INVENTORY', 1), ('JUMP', 1), ('LEFT', 1), ('MIDDLE', 0), ('MOUSE', [-163, -237]), ('PLACE', 1), ('RIGHT', 1), ('SLOT_1', 1), ('SLOT_2', 0), ('SLOT_3', 1), ('SLOT_4', 1), ('SLOT_5', 1), ('SLOT_6', 0), ('SLOT_7', 0), ('SLOT_8', 1), ('SNEAK', 1)])
22:19:15,380 root DEBUG Waiting for obs...
22:19:15,427 root DEBUG Received obs - (600, 1024, 3); reward - 0.0; info - 
22:19:15,427 root DEBUG Sending action: OrderedDict([('BACKWARD', 0), ('DIG', 0), ('DROP', 0), ('FORWARD', 1), ('HOTBAR_NEXT', 1), ('HOTBAR_PREV', 1), ('INVENTORY', 1), ('JUMP', 1), ('LEFT', 0), ('MIDDLE', 1), ('MOUSE', [-481, 502]), ('PLACE', 1), ('RIGHT', 0), ('SLOT_1', 0), ('SLOT_2', 1), ('SLOT_3', 1), ('SLOT_4', 1), ('SLOT_5', 0), ('SLOT_6', 0), ('SLOT_7', 0), ('SLOT_8', 1), ('SNEAK', 1)])
22:19:15,428 root DEBUG Waiting for obs...
22:19:15,467 root DEBUG Received obs - (600, 1024, 3); reward - 0.0; info - 
22:19:15,468 root DEBUG Sending action: OrderedDict([('BACKWARD', 1), ('DIG', 0), ('DROP', 0), ('FORWARD', 0), ('HOTBAR_NEXT', 0), ('HOTBAR_PREV', 0), ('INVENTORY', 1), ('JUMP', 1), ('LEFT', 1), ('MIDDLE', 0), ('MOUSE', [-570, -142]), ('PLACE', 1), ('RIGHT', 0), ('SLOT_1', 1), ('SLOT_2', 0), ('SLOT_3', 1), ('SLOT_4', 0), ('SLOT_5', 1), ('SLOT_6', 0), ('SLOT_7', 0), ('SLOT_8', 0), ('SNEAK', 1)])
22:19:15,468 root DEBUG Waiting for obs...
22:19:15,499 root DEBUG Received obs - (600, 1024, 3); reward - 0.0; info - 
22:19:15,500 root DEBUG Sending action: OrderedDict([('BACKWARD', 1), ('DIG', 0), ('DROP', 0), ('FORWARD', 1), ('HOTBAR_NEXT', 0), ('HOTBAR_PREV', 1), ('INVENTORY', 0), ('JUMP', 1), ('LEFT', 1), ('MIDDLE', 0), ('MOUSE', [-663, -76]), ('PLACE', 1), ('RIGHT', 1), ('SLOT_1', 1), ('SLOT_2', 1), ('SLOT_3', 0), ('SLOT_4', 1), ('SLOT_5', 1), ('SLOT_6', 1), ('SLOT_7', 1), ('SLOT_8', 0), ('SNEAK', 0)])
22:19:15,500 root DEBUG Waiting for obs...
22:19:15,533 root DEBUG Received obs - (600, 1024, 3); reward - 0.0; info - 
22:19:15,533 root DEBUG Sending action: OrderedDict([('BACKWARD', 0), ('DIG', 0), ('DROP', 1), ('FORWARD', 0), ('HOTBAR_NEXT', 1), ('HOTBAR_PREV', 0), ('INVENTORY', 0), ('JUMP', 1), ('LEFT', 0), ('MIDDLE', 0), ('MOUSE', [383, -410]), ('PLACE', 1), ('RIGHT', 0), ('SLOT_1', 1), ('SLOT_2', 1), ('SLOT_3', 1), ('SLOT_4', 0), ('SLOT_5', 1), ('SLOT_6', 0), ('SLOT_7', 0), ('SLOT_8', 0), ('SNEAK', 0)])
22:19:15,534 root DEBUG Waiting for obs...
22:19:15,567 root DEBUG Received obs - (600, 1024, 3); reward - 0.0; info - 
22:19:15,567 root DEBUG Sending action: OrderedDict([('BACKWARD', 0), ('DIG', 0), ('DROP', 0), ('FORWARD', 1), ('HOTBAR_NEXT', 1), ('HOTBAR_PREV', 1), ('INVENTORY', 1), ('JUMP', 0), ('LEFT', 0), ('MIDDLE', 0), ('MOUSE', [213, 524]), ('PLACE', 0), ('RIGHT', 1), ('SLOT_1', 1), ('SLOT_2', 0), ('SLOT_3', 0), ('SLOT_4', 0), ('SLOT_5', 0), ('SLOT_6', 1), ('SLOT_7', 0), ('SLOT_8', 1), ('SNEAK', 0)])
22:19:15,567 root DEBUG Waiting for obs...
