22:05:01,665 root DEBUG Waiting for first obs...
22:05:04,632 root DEBUG Received first obs: (600, 1024, 3)
22:05:04,634 root DEBUG Sending action: OrderedDict([('BACKWARD', 0), ('DIG', 1), ('DROP', 1), ('FORWARD', 1), ('HOTBAR_NEXT', 0), ('HOTBAR_PREV', 1), ('INVENTORY', 0), ('JUMP', 0), ('LEFT', 0), ('MIDDLE', 0), ('MOUSE', [3, 373]), ('PLACE', 0), ('RIGHT', 0), ('SLOT_1', 0), ('SLOT_2', 1), ('SLOT_3', 0), ('SLOT_4', 0), ('SLOT_5', 0), ('SLOT_6', 1), ('SLOT_7', 0), ('SLOT_8', 0), ('SNEAK', 1)])
22:05:04,634 root DEBUG Waiting for obs...
22:05:04,663 root DEBUG Received obs - (600, 1024, 3); reward - 0.0; info - 
22:05:04,663 root DEBUG Sending action: OrderedDict([('BACKWARD', 1), ('DIG', 0), ('DROP', 1), ('FORWARD', 1), ('HOTBAR_NEXT', 0), ('HOTBAR_PREV', 0), ('INVENTORY', 1), ('JUMP', 1), ('LEFT', 0), ('MIDDLE', 0), ('MOUSE', [-552, -581]), ('PLACE', 1), ('RIGHT', 0), ('SLOT_1', 1), ('SLOT_2', 0), ('SLOT_3', 0), ('SLOT_4', 1), ('SLOT_5', 1), ('SLOT_6', 0), ('SLOT_7', 1), ('SLOT_8', 1), ('SNEAK', 0)])
22:05:04,663 root DEBUG Waiting for obs...
22:05:04,685 root DEBUG Received obs - (600, 1024, 3); reward - 0.0; info - 
22:05:04,685 root DEBUG Sending action: OrderedDict([('BACKWARD', 0), ('DIG', 0), ('DROP', 0), ('FORWARD', 1), ('HOTBAR_NEXT', 1), ('HOTBAR_PREV', 1), ('INVENTORY', 1), ('JUMP', 1), ('LEFT', 0), ('MIDDLE', 0), ('MOUSE', [-104, -311]), ('PLACE', 0), ('RIGHT', 0), ('SLOT_1', 0), ('SLOT_2', 1), ('SLOT_3', 0), ('SLOT_4', 0), ('SLOT_5', 1), ('SLOT_6', 1), ('SLOT_7', 1), ('SLOT_8', 1), ('SNEAK', 1)])
22:05:04,685 root DEBUG Waiting for obs...
22:05:04,706 root DEBUG Received obs - (600, 1024, 3); reward - 0.0; info - 
22:05:04,707 root DEBUG Sending action: OrderedDict([('BACKWARD', 1), ('DIG', 1), ('DROP', 0), ('FORWARD', 0), ('HOTBAR_NEXT', 1), ('HOTBAR_PREV', 0), ('INVENTORY', 0), ('JUMP', 0), ('LEFT', 0), ('MIDDLE', 0), ('MOUSE', [-240, 562]), ('PLACE', 0), ('RIGHT', 1), ('SLOT_1', 0), ('SLOT_2', 1), ('SLOT_3', 1), ('SLOT_4', 1), ('SLOT_5', 1), ('SLOT_6', 1), ('SLOT_7', 0), ('SLOT_8', 0), ('SNEAK', 1)])
22:05:04,707 root DEBUG Waiting for obs...
22:05:04,729 root DEBUG Received obs - (600, 1024, 3); reward - 0.0; info - 
22:05:04,729 root DEBUG Sending action: OrderedDict([('BACKWARD', 0), ('DIG', 1), ('DROP', 0), ('FORWARD', 0), ('HOTBAR_NEXT', 0), ('HOTBAR_PREV', 1), ('INVENTORY', 1), ('JUMP', 1), ('LEFT', 1), ('MIDDLE', 1), ('MOUSE', [-796, -147]), ('PLACE', 1), ('RIGHT', 0), ('SLOT_1', 1), ('SLOT_2', 1), ('SLOT_3', 1), ('SLOT_4', 0), ('SLOT_5', 0), ('SLOT_6', 1), ('SLOT_7', 1), ('SLOT_8', 0), ('SNEAK', 1)])
22:05:04,731 root DEBUG Waiting for obs...
22:05:04,753 root DEBUG Received obs - (600, 1024, 3); reward - 0.0; info - 
22:05:04,754 root DEBUG Sending action: OrderedDict([('BACKWARD', 1), ('DIG', 0), ('DROP', 1), ('FORWARD', 1), ('HOTBAR_NEXT', 1), ('HOTBAR_PREV', 1), ('INVENTORY', 0), ('JUMP', 1), ('LEFT', 1), ('MIDDLE', 1), ('MOUSE', [464, 222]), ('PLACE', 1), ('RIGHT', 0), ('SLOT_1', 0), ('SLOT_2', 0), ('SLOT_3', 0), ('SLOT_4', 1), ('SLOT_5', 1), ('SLOT_6', 1), ('SLOT_7', 0), ('SLOT_8', 1), ('SNEAK', 0)])
22:05:04,754 root DEBUG Waiting for obs...
22:05:04,779 root DEBUG Received obs - (600, 1024, 3); reward - 0.0; info - 
22:05:04,780 root DEBUG Sending action: OrderedDict([('BACKWARD', 0), ('DIG', 1), ('DROP', 0), ('FORWARD', 0), ('HOTBAR_NEXT', 1), ('HOTBAR_PREV', 0), ('INVENTORY', 1), ('JUMP', 0), ('LEFT', 0), ('MIDDLE', 1), ('MOUSE', [752, -187]), ('PLACE', 1), ('RIGHT', 0), ('SLOT_1', 1), ('SLOT_2', 1), ('SLOT_3', 1), ('SLOT_4', 1), ('SLOT_5', 0), ('SLOT_6', 0), ('SLOT_7', 0), ('SLOT_8', 1), ('SNEAK', 0)])
22:05:04,781 root DEBUG Waiting for obs...
22:05:04,811 root DEBUG Received obs - (600, 1024, 3); reward - 0.0; info - 
22:05:04,811 root DEBUG Sending action: OrderedDict([('BACKWARD', 0), ('DIG', 0), ('DROP', 1), ('FORWARD', 0), ('HOTBAR_NEXT', 1), ('HOTBAR_PREV', 0), ('INVENTORY', 1), ('JUMP', 0), ('LEFT', 0), ('MIDDLE', 1), ('MOUSE', [996, -438]), ('PLACE', 0), ('RIGHT', 1), ('SLOT_1', 1), ('SLOT_2', 1), ('SLOT_3', 1), ('SLOT_4', 0), ('SLOT_5', 1), ('SLOT_6', 0), ('SLOT_7', 1), ('SLOT_8', 0), ('SNEAK', 0)])
22:05:04,812 root DEBUG Waiting for obs...
22:05:04,850 root DEBUG Received obs - (600, 1024, 3); reward - 0.0; info - 
22:05:04,850 root DEBUG Sending action: OrderedDict([('BACKWARD', 0), ('DIG', 1), ('DROP', 1), ('FORWARD', 1), ('HOTBAR_NEXT', 1), ('HOTBAR_PREV', 0), ('INVENTORY', 1), ('JUMP', 0), ('LEFT', 1), ('MIDDLE', 0), ('MOUSE', [-230, -17]), ('PLACE', 1), ('RIGHT', 1), ('SLOT_1', 0), ('SLOT_2', 1), ('SLOT_3', 0), ('SLOT_4', 1), ('SLOT_5', 1), ('SLOT_6', 0), ('SLOT_7', 0), ('SLOT_8', 1), ('SNEAK', 0)])
22:05:04,850 root DEBUG Waiting for obs...
22:05:04,878 root DEBUG Received obs - (600, 1024, 3); reward - 0.0; info - 
22:05:04,878 root DEBUG Sending action: OrderedDict([('BACKWARD', 1), ('DIG', 0), ('DROP', 0), ('FORWARD', 1), ('HOTBAR_NEXT', 0), ('HOTBAR_PREV', 1), ('INVENTORY', 1), ('JUMP', 1), ('LEFT', 0), ('MIDDLE', 0), ('MOUSE', [604, -394]), ('PLACE', 1), ('RIGHT', 1), ('SLOT_1', 0), ('SLOT_2', 1), ('SLOT_3', 1), ('SLOT_4', 0), ('SLOT_5', 1), ('SLOT_6', 1), ('SLOT_7', 0), ('SLOT_8', 0), ('SNEAK', 0)])
22:05:04,878 root DEBUG Waiting for obs...
22:05:04,903 root DEBUG Received obs - (600, 1024, 3); reward - 0.0; info - 
22:05:04,903 root DEBUG Sending action: OrderedDict([('BACKWARD', 1), ('DIG', 0), ('DROP', 1), ('FORWARD', 1), ('HOTBAR_NEXT', 0), ('HOTBAR_PREV', 0), ('INVENTORY', 0), ('JUMP', 0), ('LEFT', 0), ('MIDDLE', 1), ('MOUSE', [732, -395]), ('PLACE', 1), ('RIGHT', 1), ('SLOT_1', 0), ('SLOT_2', 1), ('SLOT_3', 1), ('SLOT_4', 0), ('SLOT_5', 1), ('SLOT_6', 1), ('SLOT_7', 1), ('SLOT_8', 1), ('SNEAK', 0)])
22:05:04,904 root DEBUG Waiting for obs...
22:05:04,930 root DEBUG Received obs - (600, 1024, 3); reward - 0.0; info - 
22:05:04,930 root DEBUG Sending action: OrderedDict([('BACKWARD', 0), ('DIG', 0), ('DROP', 1), ('FORWARD', 1), ('HOTBAR_NEXT', 0), ('HOTBAR_PREV', 0), ('INVENTORY', 0), ('JUMP', 0), ('LEFT', 1), ('MIDDLE', 1), ('MOUSE', [748, 169]), ('PLACE', 0), ('RIGHT', 0), ('SLOT_1', 1), ('SLOT_2', 1), ('SLOT_3', 1), ('SLOT_4', 0), ('SLOT_5', 1), ('SLOT_6', 1), ('SLOT_7', 1), ('SLOT_8', 0), ('SNEAK', 0)])
22:05:04,931 root DEBUG Waiting for obs...
22:05:04,953 root DEBUG Received obs - (600, 1024, 3); reward - 0.0; info - 
22:05:04,953 root DEBUG Sending action: OrderedDict([('BACKWARD', 0), ('DIG', 0), ('DROP', 0), ('FORWARD', 0), ('HOTBAR_NEXT', 1), ('HOTBAR_PREV', 1), ('INVENTORY', 1), ('JUMP', 1), ('LEFT', 1), ('MIDDLE', 0), ('MOUSE', [-723, 469]), ('PLACE', 0), ('RIGHT', 1), ('SLOT_1', 1), ('SLOT_2', 1), ('SLOT_3', 0), ('SLOT_4', 1), ('SLOT_5', 0), ('SLOT_6', 0), ('SLOT_7', 0), ('SLOT_8', 0), ('SNEAK', 0)])
22:05:04,954 root DEBUG Waiting for obs...
22:05:04,976 root DEBUG Received obs - (600, 1024, 3); reward - 0.0; info - 
22:05:04,976 root DEBUG Sending action: OrderedDict([('BACKWARD', 1), ('DIG', 1), ('DROP', 1), ('FORWARD', 1), ('HOTBAR_NEXT', 1), ('HOTBAR_PREV', 1), ('INVENTORY', 0), ('JUMP', 0), ('LEFT', 0), ('MIDDLE', 0), ('MOUSE', [50, 280]), ('PLACE', 1), ('RIGHT', 0), ('SLOT_1', 0), ('SLOT_2', 1), ('SLOT_3', 0), ('SLOT_4', 1), ('SLOT_5', 1), ('SLOT_6', 0), ('SLOT_7', 1), ('SLOT_8', 1), ('SNEAK', 0)])
22:05:04,977 root DEBUG Waiting for obs...
22:05:05,0 root DEBUG Received obs - (600, 1024, 3); reward - 0.0; info - 
22:05:05,0 root DEBUG Sending action: OrderedDict([('BACKWARD', 0), ('DIG', 1), ('DROP', 1), ('FORWARD', 1), ('HOTBAR_NEXT', 1), ('HOTBAR_PREV', 1), ('INVENTORY', 0), ('JUMP', 0), ('LEFT', 1), ('MIDDLE', 0), ('MOUSE', [-938, -207]), ('PLACE', 1), ('RIGHT', 1), ('SLOT_1', 1), ('SLOT_2', 0), ('SLOT_3', 1), ('SLOT_4', 1), ('SLOT_5', 1), ('SLOT_6', 1), ('SLOT_7', 1), ('SLOT_8', 0), ('SNEAK', 1)])
22:05:05,1 root DEBUG Waiting for obs...
22:05:05,32 root DEBUG Received obs - (600, 1024, 3); reward - 0.0; info - 
22:05:05,33 root DEBUG Sending action: OrderedDict([('BACKWARD', 0), ('DIG', 1), ('DROP', 1), ('FORWARD', 0), ('HOTBAR_NEXT', 1), ('HOTBAR_PREV', 1), ('INVENTORY', 1), ('JUMP', 0), ('LEFT', 0), ('MIDDLE', 1), ('MOUSE', [-357, 364]), ('PLACE', 0), ('RIGHT', 0), ('SLOT_1', 0), ('SLOT_2', 1), ('SLOT_3', 1), ('SLOT_4', 1), ('SLOT_5', 1), ('SLOT_6', 0), ('SLOT_7', 0), ('SLOT_8', 1), ('SNEAK', 0)])
22:05:05,33 root DEBUG Waiting for obs...
22:05:05,76 root DEBUG Received obs - (600, 1024, 3); reward - 0.0; info - 
22:05:05,76 root DEBUG Sending action: OrderedDict([('BACKWARD', 1), ('DIG', 1), ('DROP', 1), ('FORWARD', 0), ('HOTBAR_NEXT', 0), ('HOTBAR_PREV', 0), ('INVENTORY', 1), ('JUMP', 1), ('LEFT', 1), ('MIDDLE', 1), ('MOUSE', [858, -297]), ('PLACE', 1), ('RIGHT', 1), ('SLOT_1', 1), ('SLOT_2', 0), ('SLOT_3', 1), ('SLOT_4', 1), ('SLOT_5', 0), ('SLOT_6', 0), ('SLOT_7', 1), ('SLOT_8', 1), ('SNEAK', 0)])
22:05:05,77 root DEBUG Waiting for obs...
22:05:05,108 root DEBUG Received obs - (600, 1024, 3); reward - 0.0; info - 
22:05:05,109 root DEBUG Sending action: OrderedDict([('BACKWARD', 1), ('DIG', 1), ('DROP', 0), ('FORWARD', 1), ('HOTBAR_NEXT', 0), ('HOTBAR_PREV', 0), ('INVENTORY', 1), ('JUMP', 0), ('LEFT', 1), ('MIDDLE', 0), ('MOUSE', [58, 312]), ('PLACE', 0), ('RIGHT', 1), ('SLOT_1', 0), ('SLOT_2', 0), ('SLOT_3', 0), ('SLOT_4', 0), ('SLOT_5', 0), ('SLOT_6', 0), ('SLOT_7', 1), ('SLOT_8', 1), ('SNEAK', 0)])
22:05:05,109 root DEBUG Waiting for obs...
22:05:05,137 root DEBUG Received obs - (600, 1024, 3); reward - 0.0; info - 
22:05:05,137 root DEBUG Sending action: OrderedDict([('BACKWARD', 1), ('DIG', 1), ('DROP', 0), ('FORWARD', 0), ('HOTBAR_NEXT', 0), ('HOTBAR_PREV', 0), ('INVENTORY', 0), ('JUMP', 0), ('LEFT', 1), ('MIDDLE', 0), ('MOUSE', [54, -345]), ('PLACE', 1), ('RIGHT', 1), ('SLOT_1', 1), ('SLOT_2', 0), ('SLOT_3', 1), ('SLOT_4', 1), ('SLOT_5', 0), ('SLOT_6', 0), ('SLOT_7', 0), ('SLOT_8', 0), ('SNEAK', 1)])
22:05:05,138 root DEBUG Waiting for obs...
22:05:05,172 root DEBUG Received obs - (600, 1024, 3); reward - 0.0; info - 
22:05:05,172 root DEBUG Sending action: OrderedDict([('BACKWARD', 1), ('DIG', 1), ('DROP', 0), ('FORWARD', 0), ('HOTBAR_NEXT', 1), ('HOTBAR_PREV', 0), ('INVENTORY', 0), ('JUMP', 1), ('LEFT', 0), ('MIDDLE', 0), ('MOUSE', [-932, 468]), ('PLACE', 1), ('RIGHT', 1), ('SLOT_1', 1), ('SLOT_2', 1), ('SLOT_3', 1), ('SLOT_4', 1), ('SLOT_5', 1), ('SLOT_6', 1), ('SLOT_7', 0), ('SLOT_8', 0), ('SNEAK', 1)])
22:05:05,172 root DEBUG Waiting for obs...
22:05:05,199 root DEBUG Received obs - (600, 1024, 3); reward - 0.0; info - 
22:05:05,200 root DEBUG Sending action: OrderedDict([('BACKWARD', 0), ('DIG', 0), ('DROP', 1), ('FORWARD', 0), ('HOTBAR_NEXT', 0), ('HOTBAR_PREV', 1), ('INVENTORY', 1), ('JUMP', 1), ('LEFT', 1), ('MIDDLE', 0), ('MOUSE', [815, 569]), ('PLACE', 0), ('RIGHT', 1), ('SLOT_1', 0), ('SLOT_2', 1), ('SLOT_3', 1), ('SLOT_4', 0), ('SLOT_5', 0), ('SLOT_6', 1), ('SLOT_7', 0), ('SLOT_8', 0), ('SNEAK', 0)])
22:05:05,200 root DEBUG Waiting for obs...
22:05:05,234 root DEBUG Received obs - (600, 1024, 3); reward - 0.0; info - 
22:05:05,234 root DEBUG Sending action: OrderedDict([('BACKWARD', 1), ('DIG', 0), ('DROP', 1), ('FORWARD', 1), ('HOTBAR_NEXT', 0), ('HOTBAR_PREV', 0), ('INVENTORY', 0), ('JUMP', 1), ('LEFT', 1), ('MIDDLE', 1), ('MOUSE', [-498, -343]), ('PLACE', 0), ('RIGHT', 0), ('SLOT_1', 0), ('SLOT_2', 0), ('SLOT_3', 1), ('SLOT_4', 1), ('SLOT_5', 0), ('SLOT_6', 1), ('SLOT_7', 0), ('SLOT_8', 1), ('SNEAK', 0)])
22:05:05,235 root DEBUG Waiting for obs...
22:05:05,276 root DEBUG Received obs - (600, 1024, 3); reward - 0.0; info - 
22:05:05,276 root DEBUG Sending action: OrderedDict([('BACKWARD', 0), ('DIG', 0), ('DROP', 1), ('FORWARD', 1), ('HOTBAR_NEXT', 0), ('HOTBAR_PREV', 1), ('INVENTORY', 1), ('JUMP', 1), ('LEFT', 0), ('MIDDLE', 0), ('MOUSE', [-768, 394]), ('PLACE', 1), ('RIGHT', 0), ('SLOT_1', 0), ('SLOT_2', 1), ('SLOT_3', 0), ('SLOT_4', 0), ('SLOT_5', 1), ('SLOT_6', 0), ('SLOT_7', 1), ('SLOT_8', 1), ('SNEAK', 1)])
22:05:05,276 root DEBUG Waiting for obs...
22:05:05,313 root DEBUG Received obs - (600, 1024, 3); reward - 0.0; info - 
22:05:05,313 root DEBUG Sending action: OrderedDict([('BACKWARD', 0), ('DIG', 0), ('DROP', 1), ('FORWARD', 1), ('HOTBAR_NEXT', 1), ('HOTBAR_PREV', 1), ('INVENTORY', 1), ('JUMP', 0), ('LEFT', 0), ('MIDDLE', 1), ('MOUSE', [-652, -175]), ('PLACE', 1), ('RIGHT', 1), ('SLOT_1', 0), ('SLOT_2', 0), ('SLOT_3', 1), ('SLOT_4', 1), ('SLOT_5', 1), ('SLOT_6', 0), ('SLOT_7', 0), ('SLOT_8', 0), ('SNEAK', 1)])
22:05:05,314 root DEBUG Waiting for obs...
22:05:05,372 root DEBUG Received obs - (600, 1024, 3); reward - 0.0; info - 
22:05:05,372 root DEBUG Sending action: OrderedDict([('BACKWARD', 0), ('DIG', 1), ('DROP', 0), ('FORWARD', 0), ('HOTBAR_NEXT', 1), ('HOTBAR_PREV', 0), ('INVENTORY', 0), ('JUMP', 1), ('LEFT', 1), ('MIDDLE', 1), ('MOUSE', [-849, -57]), ('PLACE', 0), ('RIGHT', 0), ('SLOT_1', 1), ('SLOT_2', 1), ('SLOT_3', 1), ('SLOT_4', 0), ('SLOT_5', 0), ('SLOT_6', 0), ('SLOT_7', 1), ('SLOT_8', 1), ('SNEAK', 0)])
22:05:05,372 root DEBUG Waiting for obs...
22:05:05,439 root DEBUG Received obs - (600, 1024, 3); reward - 0.0; info - 
22:05:05,440 root DEBUG Sending action: OrderedDict([('BACKWARD', 1), ('DIG', 0), ('DROP', 0), ('FORWARD', 0), ('HOTBAR_NEXT', 1), ('HOTBAR_PREV', 1), ('INVENTORY', 0), ('JUMP', 0), ('LEFT', 0), ('MIDDLE', 0), ('MOUSE', [530, -75]), ('PLACE', 1), ('RIGHT', 0), ('SLOT_1', 1), ('SLOT_2', 1), ('SLOT_3', 1), ('SLOT_4', 0), ('SLOT_5', 0), ('SLOT_6', 0), ('SLOT_7', 1), ('SLOT_8', 0), ('SNEAK', 1)])
22:05:05,440 root DEBUG Waiting for obs...
22:05:05,523 root DEBUG Received obs - (600, 1024, 3); reward - 0.0; info - 
22:05:05,523 root DEBUG Sending action: OrderedDict([('BACKWARD', 0), ('DIG', 0), ('DROP', 0), ('FORWARD', 0), ('HOTBAR_NEXT', 0), ('HOTBAR_PREV', 1), ('INVENTORY', 1), ('JUMP', 1), ('LEFT', 0), ('MIDDLE', 1), ('MOUSE', [-674, 235]), ('PLACE', 0), ('RIGHT', 0), ('SLOT_1', 1), ('SLOT_2', 0), ('SLOT_3', 0), ('SLOT_4', 1), ('SLOT_5', 0), ('SLOT_6', 0), ('SLOT_7', 0), ('SLOT_8', 0), ('SNEAK', 0)])
22:05:05,523 root DEBUG Waiting for obs...
22:05:05,609 root DEBUG Received obs - (600, 1024, 3); reward - 0.0; info - 
22:05:05,609 root DEBUG Sending action: OrderedDict([('BACKWARD', 0), ('DIG', 0), ('DROP', 0), ('FORWARD', 0), ('HOTBAR_NEXT', 0), ('HOTBAR_PREV', 0), ('INVENTORY', 0), ('JUMP', 0), ('LEFT', 1), ('MIDDLE', 1), ('MOUSE', [-385, -399]), ('PLACE', 1), ('RIGHT', 1), ('SLOT_1', 1), ('SLOT_2', 1), ('SLOT_3', 0), ('SLOT_4', 1), ('SLOT_5', 0), ('SLOT_6', 0), ('SLOT_7', 1), ('SLOT_8', 0), ('SNEAK', 1)])
22:05:05,610 root DEBUG Waiting for obs...
22:05:05,671 root DEBUG Received obs - (600, 1024, 3); reward - 0.0; info - 
22:05:05,672 root DEBUG Sending action: OrderedDict([('BACKWARD', 0), ('DIG', 0), ('DROP', 0), ('FORWARD', 1), ('HOTBAR_NEXT', 1), ('HOTBAR_PREV', 0), ('INVENTORY', 1), ('JUMP', 1), ('LEFT', 0), ('MIDDLE', 1), ('MOUSE', [-832, -60]), ('PLACE', 0), ('RIGHT', 1), ('SLOT_1', 0), ('SLOT_2', 0), ('SLOT_3', 1), ('SLOT_4', 1), ('SLOT_5', 0), ('SLOT_6', 1), ('SLOT_7', 1), ('SLOT_8', 1), ('SNEAK', 1)])
22:05:05,672 root DEBUG Waiting for obs...
22:05:05,717 root DEBUG Received obs - (600, 1024, 3); reward - 0.0; info - 
22:05:05,718 root DEBUG Sending action: OrderedDict([('BACKWARD', 1), ('DIG', 1), ('DROP', 0), ('FORWARD', 1), ('HOTBAR_NEXT', 1), ('HOTBAR_PREV', 0), ('INVENTORY', 0), ('JUMP', 0), ('LEFT', 0), ('MIDDLE', 0), ('MOUSE', [-783, 431]), ('PLACE', 1), ('RIGHT', 1), ('SLOT_1', 0), ('SLOT_2', 0), ('SLOT_3', 1), ('SLOT_4', 1), ('SLOT_5', 0), ('SLOT_6', 0), ('SLOT_7', 1), ('SLOT_8', 0), ('SNEAK', 0)])
22:05:05,718 root DEBUG Waiting for obs...
22:05:05,771 root DEBUG Received obs - (600, 1024, 3); reward - 0.0; info - 
22:05:05,771 root DEBUG Sending action: OrderedDict([('BACKWARD', 1), ('DIG', 1), ('DROP', 0), ('FORWARD', 1), ('HOTBAR_NEXT', 0), ('HOTBAR_PREV', 1), ('INVENTORY', 1), ('JUMP', 1), ('LEFT', 0), ('MIDDLE', 1), ('MOUSE', [-173, -470]), ('PLACE', 1), ('RIGHT', 1), ('SLOT_1', 1), ('SLOT_2', 1), ('SLOT_3', 0), ('SLOT_4', 1), ('SLOT_5', 1), ('SLOT_6', 1), ('SLOT_7', 1), ('SLOT_8', 1), ('SNEAK', 1)])
22:05:05,771 root DEBUG Waiting for obs...
22:05:05,824 root DEBUG Received obs - (600, 1024, 3); reward - 0.0; info - 
22:05:05,824 root DEBUG Sending action: OrderedDict([('BACKWARD', 1), ('DIG', 0), ('DROP', 1), ('FORWARD', 0), ('HOTBAR_NEXT', 0), ('HOTBAR_PREV', 1), ('INVENTORY', 1), ('JUMP', 0), ('LEFT', 1), ('MIDDLE', 0), ('MOUSE', [916, 367]), ('PLACE', 0), ('RIGHT', 0), ('SLOT_1', 1), ('SLOT_2', 1), ('SLOT_3', 1), ('SLOT_4', 1), ('SLOT_5', 1), ('SLOT_6', 1), ('SLOT_7', 0), ('SLOT_8', 0), ('SNEAK', 0)])
22:05:05,825 root DEBUG Waiting for obs...
22:05:05,884 root DEBUG Received obs - (600, 1024, 3); reward - 0.0; info - 
22:05:05,885 root DEBUG Sending action: OrderedDict([('BACKWARD', 1), ('DIG', 0), ('DROP', 1), ('FORWARD', 0), ('HOTBAR_NEXT', 0), ('HOTBAR_PREV', 1), ('INVENTORY', 0), ('JUMP', 1), ('LEFT', 0), ('MIDDLE', 1), ('MOUSE', [-516, 590]), ('PLACE', 0), ('RIGHT', 1), ('SLOT_1', 1), ('SLOT_2', 0), ('SLOT_3', 1), ('SLOT_4', 1), ('SLOT_5', 1), ('SLOT_6', 1), ('SLOT_7', 1), ('SLOT_8', 0), ('SNEAK', 0)])
22:05:05,885 root DEBUG Waiting for obs...
22:05:05,997 root DEBUG Received obs - (600, 1024, 3); reward - 0.0; info - 
22:05:05,998 root DEBUG Sending action: OrderedDict([('BACKWARD', 0), ('DIG', 1), ('DROP', 0), ('FORWARD', 1), ('HOTBAR_NEXT', 1), ('HOTBAR_PREV', 0), ('INVENTORY', 0), ('JUMP', 1), ('LEFT', 0), ('MIDDLE', 0), ('MOUSE', [-820, 558]), ('PLACE', 0), ('RIGHT', 0), ('SLOT_1', 1), ('SLOT_2', 1), ('SLOT_3', 0), ('SLOT_4', 0), ('SLOT_5', 0), ('SLOT_6', 1), ('SLOT_7', 1), ('SLOT_8', 1), ('SNEAK', 0)])
22:05:05,998 root DEBUG Waiting for obs...
22:05:06,58 root DEBUG Received obs - (600, 1024, 3); reward - 0.0; info - 
22:05:06,59 root DEBUG Sending action: OrderedDict([('BACKWARD', 1), ('DIG', 1), ('DROP', 1), ('FORWARD', 0), ('HOTBAR_NEXT', 1), ('HOTBAR_PREV', 0), ('INVENTORY', 0), ('JUMP', 0), ('LEFT', 1), ('MIDDLE', 0), ('MOUSE', [-566, 36]), ('PLACE', 1), ('RIGHT', 0), ('SLOT_1', 0), ('SLOT_2', 0), ('SLOT_3', 0), ('SLOT_4', 1), ('SLOT_5', 0), ('SLOT_6', 1), ('SLOT_7', 0), ('SLOT_8', 0), ('SNEAK', 1)])
22:05:06,59 root DEBUG Waiting for obs...
22:05:06,106 root DEBUG Received obs - (600, 1024, 3); reward - 0.0; info - 
22:05:06,107 root DEBUG Sending action: OrderedDict([('BACKWARD', 1), ('DIG', 0), ('DROP', 1), ('FORWARD', 1), ('HOTBAR_NEXT', 0), ('HOTBAR_PREV', 0), ('INVENTORY', 1), ('JUMP', 1), ('LEFT', 1), ('MIDDLE', 1), ('MOUSE', [197, 136]), ('PLACE', 0), ('RIGHT', 0), ('SLOT_1', 1), ('SLOT_2', 1), ('SLOT_3', 0), ('SLOT_4', 1), ('SLOT_5', 1), ('SLOT_6', 1), ('SLOT_7', 1), ('SLOT_8', 1), ('SNEAK', 1)])
22:05:06,107 root DEBUG Waiting for obs...
22:05:06,140 root DEBUG Received obs - (600, 1024, 3); reward - 0.0; info - 
22:05:06,140 root DEBUG Sending action: OrderedDict([('BACKWARD', 0), ('DIG', 1), ('DROP', 1), ('FORWARD', 0), ('HOTBAR_NEXT', 0), ('HOTBAR_PREV', 1), ('INVENTORY', 1), ('JUMP', 0), ('LEFT', 1), ('MIDDLE', 1), ('MOUSE', [987, 254]), ('PLACE', 1), ('RIGHT', 0), ('SLOT_1', 0), ('SLOT_2', 1), ('SLOT_3', 1), ('SLOT_4', 0), ('SLOT_5', 0), ('SLOT_6', 1), ('SLOT_7', 1), ('SLOT_8', 0), ('SNEAK', 1)])
22:05:06,141 root DEBUG Waiting for obs...
22:05:06,178 root DEBUG Received obs - (600, 1024, 3); reward - 0.0; info - 
22:05:06,179 root DEBUG Sending action: OrderedDict([('BACKWARD', 1), ('DIG', 0), ('DROP', 1), ('FORWARD', 0), ('HOTBAR_NEXT', 1), ('HOTBAR_PREV', 1), ('INVENTORY', 1), ('JUMP', 1), ('LEFT', 0), ('MIDDLE', 0), ('MOUSE', [-93, -460]), ('PLACE', 1), ('RIGHT', 1), ('SLOT_1', 1), ('SLOT_2', 0), ('SLOT_3', 1), ('SLOT_4', 0), ('SLOT_5', 0), ('SLOT_6', 0), ('SLOT_7', 1), ('SLOT_8', 1), ('SNEAK', 1)])
22:05:06,179 root DEBUG Waiting for obs...
22:05:06,301 root DEBUG Received obs - (600, 1024, 3); reward - 0.0; info - 
22:05:06,302 root DEBUG Sending action: OrderedDict([('BACKWARD', 0), ('DIG', 1), ('DROP', 1), ('FORWARD', 0), ('HOTBAR_NEXT', 0), ('HOTBAR_PREV', 1), ('INVENTORY', 0), ('JUMP', 1), ('LEFT', 1), ('MIDDLE', 1), ('MOUSE', [1015, -248]), ('PLACE', 1), ('RIGHT', 1), ('SLOT_1', 1), ('SLOT_2', 0), ('SLOT_3', 0), ('SLOT_4', 1), ('SLOT_5', 1), ('SLOT_6', 0), ('SLOT_7', 0), ('SLOT_8', 0), ('SNEAK', 0)])
22:05:06,302 root DEBUG Waiting for obs...
22:05:06,357 root DEBUG Received obs - (600, 1024, 3); reward - 0.0; info - 
22:05:06,357 root DEBUG Sending action: OrderedDict([('BACKWARD', 0), ('DIG', 1), ('DROP', 1), ('FORWARD', 1), ('HOTBAR_NEXT', 1), ('HOTBAR_PREV', 1), ('INVENTORY', 0), ('JUMP', 1), ('LEFT', 0), ('MIDDLE', 0), ('MOUSE', [-284, 41]), ('PLACE', 0), ('RIGHT', 0), ('SLOT_1', 0), ('SLOT_2', 0), ('SLOT_3', 0), ('SLOT_4', 1), ('SLOT_5', 0), ('SLOT_6', 1), ('SLOT_7', 1), ('SLOT_8', 0), ('SNEAK', 0)])
22:05:06,357 root DEBUG Waiting for obs...
22:05:06,421 root DEBUG Received obs - (600, 1024, 3); reward - 0.0; info - 
22:05:06,422 root DEBUG Sending action: OrderedDict([('BACKWARD', 0), ('DIG', 1), ('DROP', 0), ('FORWARD', 1), ('HOTBAR_NEXT', 1), ('HOTBAR_PREV', 0), ('INVENTORY', 1), ('JUMP', 1), ('LEFT', 0), ('MIDDLE', 1), ('MOUSE', [609, 377]), ('PLACE', 1), ('RIGHT', 1), ('SLOT_1', 1), ('SLOT_2', 0), ('SLOT_3', 0), ('SLOT_4', 1), ('SLOT_5', 1), ('SLOT_6', 0), ('SLOT_7', 1), ('SLOT_8', 1), ('SNEAK', 0)])
22:05:06,422 root DEBUG Waiting for obs...
22:05:06,480 root DEBUG Received obs - (600, 1024, 3); reward - 0.0; info - 
22:05:06,480 root DEBUG Sending action: OrderedDict([('BACKWARD', 0), ('DIG', 1), ('DROP', 1), ('FORWARD', 0), ('HOTBAR_NEXT', 1), ('HOTBAR_PREV', 1), ('INVENTORY', 1), ('JUMP', 0), ('LEFT', 1), ('MIDDLE', 0), ('MOUSE', [168, 546]), ('PLACE', 1), ('RIGHT', 1), ('SLOT_1', 1), ('SLOT_2', 0), ('SLOT_3', 1), ('SLOT_4', 1), ('SLOT_5', 1), ('SLOT_6', 0), ('SLOT_7', 0), ('SLOT_8', 1), ('SNEAK', 1)])
22:05:06,481 root DEBUG Waiting for obs...
22:05:06,517 root DEBUG Received obs - (600, 1024, 3); reward - 0.0; info - 
22:05:06,517 root DEBUG Sending action: OrderedDict([('BACKWARD', 1), ('DIG', 0), ('DROP', 0), ('FORWARD', 1), ('HOTBAR_NEXT', 1), ('HOTBAR_PREV', 1), ('INVENTORY', 0), ('JUMP', 0), ('LEFT', 1), ('MIDDLE', 1), ('MOUSE', [27, 384]), ('PLACE', 0), ('RIGHT', 0), ('SLOT_1', 0), ('SLOT_2', 1), ('SLOT_3', 0), ('SLOT_4', 1), ('SLOT_5', 0), ('SLOT_6', 1), ('SLOT_7', 0), ('SLOT_8', 0), ('SNEAK', 1)])
22:05:06,518 root DEBUG Waiting for obs...
22:05:06,574 root DEBUG Received obs - (600, 1024, 3); reward - 0.0; info - 
22:05:06,575 root DEBUG Sending action: OrderedDict([('BACKWARD', 1), ('DIG', 0), ('DROP', 0), ('FORWARD', 0), ('HOTBAR_NEXT', 0), ('HOTBAR_PREV', 0), ('INVENTORY', 1), ('JUMP', 0), ('LEFT', 1), ('MIDDLE', 1), ('MOUSE', [919, 556]), ('PLACE', 1), ('RIGHT', 0), ('SLOT_1', 1), ('SLOT_2', 1), ('SLOT_3', 0), ('SLOT_4', 1), ('SLOT_5', 0), ('SLOT_6', 0), ('SLOT_7', 0), ('SLOT_8', 1), ('SNEAK', 1)])
22:05:06,576 root DEBUG Waiting for obs...
22:05:06,638 root DEBUG Received obs - (600, 1024, 3); reward - 0.0; info - 
22:05:06,641 root DEBUG Sending action: OrderedDict([('BACKWARD', 1), ('DIG', 1), ('DROP', 0), ('FORWARD', 1), ('HOTBAR_NEXT', 0), ('HOTBAR_PREV', 0), ('INVENTORY', 1), ('JUMP', 1), ('LEFT', 1), ('MIDDLE', 0), ('MOUSE', [-877, -320]), ('PLACE', 1), ('RIGHT', 0), ('SLOT_1', 1), ('SLOT_2', 0), ('SLOT_3', 0), ('SLOT_4', 0), ('SLOT_5', 1), ('SLOT_6', 0), ('SLOT_7', 0), ('SLOT_8', 1), ('SNEAK', 0)])
22:05:06,642 root DEBUG Waiting for obs...
22:05:06,728 root DEBUG Received obs - (600, 1024, 3); reward - 0.0; info - 
22:05:06,729 root DEBUG Sending action: OrderedDict([('BACKWARD', 0), ('DIG', 0), ('DROP', 1), ('FORWARD', 0), ('HOTBAR_NEXT', 1), ('HOTBAR_PREV', 1), ('INVENTORY', 0), ('JUMP', 1), ('LEFT', 1), ('MIDDLE', 0), ('MOUSE', [-597, -282]), ('PLACE', 0), ('RIGHT', 0), ('SLOT_1', 1), ('SLOT_2', 1), ('SLOT_3', 1), ('SLOT_4', 1), ('SLOT_5', 0), ('SLOT_6', 1), ('SLOT_7', 1), ('SLOT_8', 1), ('SNEAK', 0)])
22:05:06,729 root DEBUG Waiting for obs...
22:05:06,803 root DEBUG Received obs - (600, 1024, 3); reward - 0.0; info - 
22:05:06,803 root DEBUG Sending action: OrderedDict([('BACKWARD', 0), ('DIG', 0), ('DROP', 0), ('FORWARD', 0), ('HOTBAR_NEXT', 1), ('HOTBAR_PREV', 1), ('INVENTORY', 1), ('JUMP', 1), ('LEFT', 1), ('MIDDLE', 0), ('MOUSE', [-397, 225]), ('PLACE', 1), ('RIGHT', 1), ('SLOT_1', 1), ('SLOT_2', 1), ('SLOT_3', 1), ('SLOT_4', 0), ('SLOT_5', 1), ('SLOT_6', 0), ('SLOT_7', 1), ('SLOT_8', 1), ('SNEAK', 1)])
22:05:06,803 root DEBUG Waiting for obs...
22:05:06,865 root DEBUG Received obs - (600, 1024, 3); reward - 0.0; info - 
22:05:06,866 root DEBUG Sending action: OrderedDict([('BACKWARD', 0), ('DIG', 1), ('DROP', 1), ('FORWARD', 1), ('HOTBAR_NEXT', 1), ('HOTBAR_PREV', 0), ('INVENTORY', 0), ('JUMP', 0), ('LEFT', 1), ('MIDDLE', 1), ('MOUSE', [-14, -227]), ('PLACE', 0), ('RIGHT', 1), ('SLOT_1', 0), ('SLOT_2', 1), ('SLOT_3', 0), ('SLOT_4', 0), ('SLOT_5', 0), ('SLOT_6', 1), ('SLOT_7', 1), ('SLOT_8', 1), ('SNEAK', 1)])
22:05:06,866 root DEBUG Waiting for obs...
22:05:06,916 root DEBUG Received obs - (600, 1024, 3); reward - 0.0; info - 
22:05:06,917 root DEBUG Sending action: OrderedDict([('BACKWARD', 0), ('DIG', 0), ('DROP', 1), ('FORWARD', 0), ('HOTBAR_NEXT', 0), ('HOTBAR_PREV', 0), ('INVENTORY', 0), ('JUMP', 1), ('LEFT', 0), ('MIDDLE', 1), ('MOUSE', [800, -485]), ('PLACE', 1), ('RIGHT', 0), ('SLOT_1', 1), ('SLOT_2', 1), ('SLOT_3', 1), ('SLOT_4', 1), ('SLOT_5', 0), ('SLOT_6', 1), ('SLOT_7', 0), ('SLOT_8', 0), ('SNEAK', 0)])
22:05:06,917 root DEBUG Waiting for obs...
22:05:06,971 root DEBUG Received obs - (600, 1024, 3); reward - 0.0; info - 
22:05:06,972 root DEBUG Sending action: OrderedDict([('BACKWARD', 1), ('DIG', 0), ('DROP', 1), ('FORWARD', 0), ('HOTBAR_NEXT', 0), ('HOTBAR_PREV', 1), ('INVENTORY', 1), ('JUMP', 1), ('LEFT', 0), ('MIDDLE', 0), ('MOUSE', [-642, -26]), ('PLACE', 1), ('RIGHT', 1), ('SLOT_1', 0), ('SLOT_2', 0), ('SLOT_3', 1), ('SLOT_4', 0), ('SLOT_5', 1), ('SLOT_6', 0), ('SLOT_7', 0), ('SLOT_8', 0), ('SNEAK', 1)])
22:05:06,972 root DEBUG Waiting for obs...
22:05:07,37 root DEBUG Received obs - (600, 1024, 3); reward - 0.0; info - 
22:05:07,37 root DEBUG Sending action: OrderedDict([('BACKWARD', 0), ('DIG', 0), ('DROP', 0), ('FORWARD', 1), ('HOTBAR_NEXT', 0), ('HOTBAR_PREV', 0), ('INVENTORY', 0), ('JUMP', 1), ('LEFT', 0), ('MIDDLE', 1), ('MOUSE', [-563, 261]), ('PLACE', 0), ('RIGHT', 1), ('SLOT_1', 1), ('SLOT_2', 1), ('SLOT_3', 0), ('SLOT_4', 1), ('SLOT_5', 1), ('SLOT_6', 0), ('SLOT_7', 1), ('SLOT_8', 1), ('SNEAK', 0)])
22:05:07,37 root DEBUG Waiting for obs...
22:05:07,91 root DEBUG Received obs - (600, 1024, 3); reward - 0.0; info - 
22:05:07,92 root DEBUG Sending action: OrderedDict([('BACKWARD', 1), ('DIG', 0), ('DROP', 1), ('FORWARD', 0), ('HOTBAR_NEXT', 0), ('HOTBAR_PREV', 1), ('INVENTORY', 0), ('JUMP', 0), ('LEFT', 0), ('MIDDLE', 1), ('MOUSE', [871, 558]), ('PLACE', 1), ('RIGHT', 0), ('SLOT_1', 0), ('SLOT_2', 0), ('SLOT_3', 1), ('SLOT_4', 1), ('SLOT_5', 0), ('SLOT_6', 1), ('SLOT_7', 1), ('SLOT_8', 1), ('SNEAK', 0)])
22:05:07,92 root DEBUG Waiting for obs...
22:05:07,152 root DEBUG Received obs - (600, 1024, 3); reward - 0.0; info - 
22:05:07,152 root DEBUG Sending action: OrderedDict([('BACKWARD', 0), ('DIG', 1), ('DROP', 0), ('FORWARD', 0), ('HOTBAR_NEXT', 1), ('HOTBAR_PREV', 0), ('INVENTORY', 0), ('JUMP', 0), ('LEFT', 0), ('MIDDLE', 1), ('MOUSE', [597, 586]), ('PLACE', 0), ('RIGHT', 0), ('SLOT_1', 1), ('SLOT_2', 1), ('SLOT_3', 0), ('SLOT_4', 0), ('SLOT_5', 0), ('SLOT_6', 0), ('SLOT_7', 1), ('SLOT_8', 1), ('SNEAK', 0)])
22:05:07,152 root DEBUG Waiting for obs...
22:05:07,230 root DEBUG Received obs - (600, 1024, 3); reward - 0.0; info - 
22:05:07,231 root DEBUG Sending action: OrderedDict([('BACKWARD', 0), ('DIG', 0), ('DROP', 0), ('FORWARD', 0), ('HOTBAR_NEXT', 0), ('HOTBAR_PREV', 1), ('INVENTORY', 1), ('JUMP', 0), ('LEFT', 0), ('MIDDLE', 1), ('MOUSE', [715, -124]), ('PLACE', 1), ('RIGHT', 0), ('SLOT_1', 1), ('SLOT_2', 0), ('SLOT_3', 0), ('SLOT_4', 1), ('SLOT_5', 0), ('SLOT_6', 0), ('SLOT_7', 0), ('SLOT_8', 0), ('SNEAK', 0)])
22:05:07,231 root DEBUG Waiting for obs...
22:05:07,340 root DEBUG Received obs - (600, 1024, 3); reward - 0.0; info - 
22:05:07,340 root DEBUG Sending action: OrderedDict([('BACKWARD', 0), ('DIG', 0), ('DROP', 1), ('FORWARD', 0), ('HOTBAR_NEXT', 1), ('HOTBAR_PREV', 1), ('INVENTORY', 0), ('JUMP', 1), ('LEFT', 1), ('MIDDLE', 0), ('MOUSE', [407, -131]), ('PLACE', 0), ('RIGHT', 0), ('SLOT_1', 1), ('SLOT_2', 1), ('SLOT_3', 1), ('SLOT_4', 0), ('SLOT_5', 1), ('SLOT_6', 0), ('SLOT_7', 1), ('SLOT_8', 0), ('SNEAK', 1)])
22:05:07,341 root DEBUG Waiting for obs...
22:05:07,412 root DEBUG Received obs - (600, 1024, 3); reward - 0.0; info - 
22:05:07,412 root DEBUG Sending action: OrderedDict([('BACKWARD', 1), ('DIG', 1), ('DROP', 0), ('FORWARD', 0), ('HOTBAR_NEXT', 0), ('HOTBAR_PREV', 1), ('INVENTORY', 1), ('JUMP', 1), ('LEFT', 0), ('MIDDLE', 1), ('MOUSE', [673, 147]), ('PLACE', 1), ('RIGHT', 1), ('SLOT_1', 0), ('SLOT_2', 1), ('SLOT_3', 0), ('SLOT_4', 1), ('SLOT_5', 1), ('SLOT_6', 1), ('SLOT_7', 0), ('SLOT_8', 1), ('SNEAK', 1)])
22:05:07,412 root DEBUG Waiting for obs...
22:05:07,488 root DEBUG Received obs - (600, 1024, 3); reward - 0.0; info - 
22:05:07,488 root DEBUG Sending action: OrderedDict([('BACKWARD', 1), ('DIG', 1), ('DROP', 0), ('FORWARD', 0), ('HOTBAR_NEXT', 1), ('HOTBAR_PREV', 0), ('INVENTORY', 1), ('JUMP', 1), ('LEFT', 1), ('MIDDLE', 1), ('MOUSE', [-19, -120]), ('PLACE', 1), ('RIGHT', 0), ('SLOT_1', 0), ('SLOT_2', 0), ('SLOT_3', 0), ('SLOT_4', 1), ('SLOT_5', 0), ('SLOT_6', 0), ('SLOT_7', 1), ('SLOT_8', 1), ('SNEAK', 0)])
22:05:07,489 root DEBUG Waiting for obs...
22:05:07,555 root DEBUG Received obs - (600, 1024, 3); reward - 0.0; info - 
22:05:07,555 root DEBUG Sending action: OrderedDict([('BACKWARD', 1), ('DIG', 1), ('DROP', 0), ('FORWARD', 1), ('HOTBAR_NEXT', 0), ('HOTBAR_PREV', 0), ('INVENTORY', 0), ('JUMP', 0), ('LEFT', 0), ('MIDDLE', 0), ('MOUSE', [167, 116]), ('PLACE', 1), ('RIGHT', 1), ('SLOT_1', 0), ('SLOT_2', 1), ('SLOT_3', 1), ('SLOT_4', 1), ('SLOT_5', 0), ('SLOT_6', 0), ('SLOT_7', 0), ('SLOT_8', 1), ('SNEAK', 0)])
22:05:07,555 root DEBUG Waiting for obs...
22:05:07,617 root DEBUG Received obs - (600, 1024, 3); reward - 0.0; info - 
22:05:07,618 root DEBUG Sending action: OrderedDict([('BACKWARD', 0), ('DIG', 1), ('DROP', 0), ('FORWARD', 1), ('HOTBAR_NEXT', 0), ('HOTBAR_PREV', 0), ('INVENTORY', 0), ('JUMP', 0), ('LEFT', 1), ('MIDDLE', 0), ('MOUSE', [237, -437]), ('PLACE', 1), ('RIGHT', 0), ('SLOT_1', 0), ('SLOT_2', 0), ('SLOT_3', 1), ('SLOT_4', 0), ('SLOT_5', 0), ('SLOT_6', 1), ('SLOT_7', 1), ('SLOT_8', 1), ('SNEAK', 1)])
22:05:07,618 root DEBUG Waiting for obs...
22:05:07,694 root DEBUG Received obs - (600, 1024, 3); reward - 0.0; info - 
22:05:07,694 root DEBUG Sending action: OrderedDict([('BACKWARD', 1), ('DIG', 1), ('DROP', 1), ('FORWARD', 1), ('HOTBAR_NEXT', 0), ('HOTBAR_PREV', 1), ('INVENTORY', 1), ('JUMP', 1), ('LEFT', 0), ('MIDDLE', 0), ('MOUSE', [-739, -213]), ('PLACE', 0), ('RIGHT', 1), ('SLOT_1', 0), ('SLOT_2', 0), ('SLOT_3', 0), ('SLOT_4', 1), ('SLOT_5', 1), ('SLOT_6', 1), ('SLOT_7', 0), ('SLOT_8', 1), ('SNEAK', 0)])
22:05:07,694 root DEBUG Waiting for obs...
22:05:07,762 root DEBUG Received obs - (600, 1024, 3); reward - 0.0; info - 
22:05:07,763 root DEBUG Sending action: OrderedDict([('BACKWARD', 0), ('DIG', 0), ('DROP', 0), ('FORWARD', 1), ('HOTBAR_NEXT', 1), ('HOTBAR_PREV', 1), ('INVENTORY', 1), ('JUMP', 1), ('LEFT', 0), ('MIDDLE', 0), ('MOUSE', [-43, 333]), ('PLACE', 0), ('RIGHT', 1), ('SLOT_1', 1), ('SLOT_2', 0), ('SLOT_3', 0), ('SLOT_4', 1), ('SLOT_5', 0), ('SLOT_6', 1), ('SLOT_7', 1), ('SLOT_8', 1), ('SNEAK', 0)])
22:05:07,763 root DEBUG Waiting for obs...
22:05:07,834 root DEBUG Received obs - (600, 1024, 3); reward - 0.0; info - 
22:05:07,834 root DEBUG Sending action: OrderedDict([('BACKWARD', 1), ('DIG', 1), ('DROP', 0), ('FORWARD', 1), ('HOTBAR_NEXT', 1), ('HOTBAR_PREV', 0), ('INVENTORY', 0), ('JUMP', 0), ('LEFT', 0), ('MIDDLE', 0), ('MOUSE', [162, -316]), ('PLACE', 1), ('RIGHT', 0), ('SLOT_1', 0), ('SLOT_2', 0), ('SLOT_3', 0), ('SLOT_4', 0), ('SLOT_5', 1), ('SLOT_6', 1), ('SLOT_7', 1), ('SLOT_8', 0), ('SNEAK', 0)])
22:05:07,834 root DEBUG Waiting for obs...
22:05:07,950 root DEBUG Received obs - (600, 1024, 3); reward - 0.0; info - 
22:05:07,951 root DEBUG Sending action: OrderedDict([('BACKWARD', 0), ('DIG', 1), ('DROP', 0), ('FORWARD', 0), ('HOTBAR_NEXT', 0), ('HOTBAR_PREV', 1), ('INVENTORY', 0), ('JUMP', 1), ('LEFT', 1), ('MIDDLE', 1), ('MOUSE', [560, 326]), ('PLACE', 1), ('RIGHT', 1), ('SLOT_1', 1), ('SLOT_2', 1), ('SLOT_3', 0), ('SLOT_4', 1), ('SLOT_5', 1), ('SLOT_6', 0), ('SLOT_7', 0), ('SLOT_8', 1), ('SNEAK', 1)])
22:05:07,952 root DEBUG Waiting for obs...
22:05:08,130 root DEBUG Received obs - (600, 1024, 3); reward - 0.0; info - 
22:05:08,131 root DEBUG Sending action: OrderedDict([('BACKWARD', 1), ('DIG', 0), ('DROP', 0), ('FORWARD', 1), ('HOTBAR_NEXT', 1), ('HOTBAR_PREV', 1), ('INVENTORY', 0), ('JUMP', 0), ('LEFT', 1), ('MIDDLE', 0), ('MOUSE', [960, -56]), ('PLACE', 0), ('RIGHT', 1), ('SLOT_1', 1), ('SLOT_2', 0), ('SLOT_3', 0), ('SLOT_4', 0), ('SLOT_5', 0), ('SLOT_6', 0), ('SLOT_7', 0), ('SLOT_8', 0), ('SNEAK', 1)])
22:05:08,131 root DEBUG Waiting for obs...
22:05:08,282 root DEBUG Received obs - (600, 1024, 3); reward - 0.0; info - 
22:05:08,283 root DEBUG Sending action: OrderedDict([('BACKWARD', 0), ('DIG', 0), ('DROP', 0), ('FORWARD', 1), ('HOTBAR_NEXT', 1), ('HOTBAR_PREV', 1), ('INVENTORY', 1), ('JUMP', 1), ('LEFT', 0), ('MIDDLE', 1), ('MOUSE', [-976, 109]), ('PLACE', 1), ('RIGHT', 1), ('SLOT_1', 0), ('SLOT_2', 1), ('SLOT_3', 1), ('SLOT_4', 0), ('SLOT_5', 1), ('SLOT_6', 1), ('SLOT_7', 0), ('SLOT_8', 0), ('SNEAK', 1)])
22:05:08,283 root DEBUG Waiting for obs...
22:05:08,443 root DEBUG Received obs - (600, 1024, 3); reward - 0.0; info - 
22:05:08,444 root DEBUG Sending action: OrderedDict([('BACKWARD', 1), ('DIG', 0), ('DROP', 0), ('FORWARD', 0), ('HOTBAR_NEXT', 0), ('HOTBAR_PREV', 0), ('INVENTORY', 1), ('JUMP', 0), ('LEFT', 0), ('MIDDLE', 1), ('MOUSE', [641, -433]), ('PLACE', 0), ('RIGHT', 1), ('SLOT_1', 0), ('SLOT_2', 0), ('SLOT_3', 0), ('SLOT_4', 0), ('SLOT_5', 0), ('SLOT_6', 1), ('SLOT_7', 0), ('SLOT_8', 0), ('SNEAK', 1)])
22:05:08,444 root DEBUG Waiting for obs...
22:05:08,594 root DEBUG Received obs - (600, 1024, 3); reward - 0.0; info - 
22:05:08,595 root DEBUG Sending action: OrderedDict([('BACKWARD', 1), ('DIG', 0), ('DROP', 1), ('FORWARD', 1), ('HOTBAR_NEXT', 0), ('HOTBAR_PREV', 0), ('INVENTORY', 1), ('JUMP', 0), ('LEFT', 0), ('MIDDLE', 0), ('MOUSE', [-951, 570]), ('PLACE', 0), ('RIGHT', 1), ('SLOT_1', 1), ('SLOT_2', 1), ('SLOT_3', 1), ('SLOT_4', 1), ('SLOT_5', 1), ('SLOT_6', 0), ('SLOT_7', 1), ('SLOT_8', 0), ('SNEAK', 0)])
22:05:08,595 root DEBUG Waiting for obs...
22:05:08,736 root DEBUG Received obs - (600, 1024, 3); reward - 0.0; info - 
22:05:08,737 root DEBUG Sending action: OrderedDict([('BACKWARD', 0), ('DIG', 1), ('DROP', 1), ('FORWARD', 0), ('HOTBAR_NEXT', 0), ('HOTBAR_PREV', 1), ('INVENTORY', 0), ('JUMP', 0), ('LEFT', 0), ('MIDDLE', 0), ('MOUSE', [177, 111]), ('PLACE', 1), ('RIGHT', 1), ('SLOT_1', 0), ('SLOT_2', 0), ('SLOT_3', 1), ('SLOT_4', 0), ('SLOT_5', 1), ('SLOT_6', 0), ('SLOT_7', 1), ('SLOT_8', 0), ('SNEAK', 0)])
22:05:08,737 root DEBUG Waiting for obs...
22:05:08,895 root DEBUG Received obs - (600, 1024, 3); reward - 0.0; info - 
22:05:08,896 root DEBUG Sending action: OrderedDict([('BACKWARD', 1), ('DIG', 0), ('DROP', 1), ('FORWARD', 0), ('HOTBAR_NEXT', 1), ('HOTBAR_PREV', 0), ('INVENTORY', 1), ('JUMP', 0), ('LEFT', 0), ('MIDDLE', 1), ('MOUSE', [93, -505]), ('PLACE', 1), ('RIGHT', 0), ('SLOT_1', 0), ('SLOT_2', 0), ('SLOT_3', 0), ('SLOT_4', 0), ('SLOT_5', 0), ('SLOT_6', 1), ('SLOT_7', 0), ('SLOT_8', 1), ('SNEAK', 0)])
22:05:08,896 root DEBUG Waiting for obs...
22:05:09,45 root DEBUG Received obs - (600, 1024, 3); reward - 0.0; info - 
22:05:09,46 root DEBUG Sending action: OrderedDict([('BACKWARD', 0), ('DIG', 0), ('DROP', 0), ('FORWARD', 1), ('HOTBAR_NEXT', 0), ('HOTBAR_PREV', 0), ('INVENTORY', 0), ('JUMP', 0), ('LEFT', 1), ('MIDDLE', 0), ('MOUSE', [-164, -270]), ('PLACE', 0), ('RIGHT', 0), ('SLOT_1', 1), ('SLOT_2', 1), ('SLOT_3', 1), ('SLOT_4', 0), ('SLOT_5', 1), ('SLOT_6', 1), ('SLOT_7', 1), ('SLOT_8', 0), ('SNEAK', 0)])
22:05:09,46 root DEBUG Waiting for obs...
22:05:09,153 root DEBUG Received obs - (600, 1024, 3); reward - 0.0; info - 
22:05:09,154 root DEBUG Sending action: OrderedDict([('BACKWARD', 0), ('DIG', 0), ('DROP', 0), ('FORWARD', 1), ('HOTBAR_NEXT', 1), ('HOTBAR_PREV', 1), ('INVENTORY', 1), ('JUMP', 1), ('LEFT', 0), ('MIDDLE', 1), ('MOUSE', [-451, 92]), ('PLACE', 1), ('RIGHT', 0), ('SLOT_1', 1), ('SLOT_2', 1), ('SLOT_3', 0), ('SLOT_4', 1), ('SLOT_5', 1), ('SLOT_6', 0), ('SLOT_7', 0), ('SLOT_8', 0), ('SNEAK', 1)])
22:05:09,154 root DEBUG Waiting for obs...
