2023-12-12 22:19:08: [Main]: Using game specified by --gameid on the command line
         __.               __.                 __.  
  _____ |__| ____   _____ /  |_  _____  _____ /  |_ 
 /     \|  |/    \ /  __ \    _\/  __ \/   __>    _\
|  Y Y  \  |   |  \   ___/|  | |   ___/\___  \|  |  
|__|_|  /  |___|  /\______>  |  \______>_____/|  |  
      \/ \/     \/         \/                  \/   
2023-12-12 22:19:08: ACTION[Main]: World at [/home/ubuntu/capstone/vpt-minetest/artefacts/265cd5fa-b408-43b1-916c-acdc35dc7f26]
2023-12-12 22:19:08: ACTION[Main]: Server for gameid="minetest" listening on 0.0.0.0:30000.
2023-12-12 22:19:11: ACTION[Server]: minetester [127.0.0.1] joins game. List of players: minetester
2023-12-12 22:19:11: ACTION[Server]: minetester activates 
2023-12-12 22:19:11: ACTION[Server]: minetester activates 
2023-12-12 22:19:12: ACTION[Server]: minetester activates 
2023-12-12 22:19:12: ACTION[Server]: minetester activates 
2023-12-12 22:19:12: WARNING[Server]: active block modifiers took 2ms (processed 9 of 80 active blocks)
2023-12-12 22:19:12: ACTION[Server]: minetester activates 
2023-12-12 22:19:13: WARNING[Server]: active block modifiers took 2ms (processed 14 of 93 active blocks)
2023-12-12 22:19:14: WARNING[Server]: active block modifiers took 2ms (processed 11 of 93 active blocks)
2023-12-12 22:19:15: [Main]: INFO: signal_handler(): Ctrl-C pressed, shutting down.
2023-12-12 22:19:15: ACTION[Main]: Server: Shutting down
2023-12-12 22:19:15: ACTION[Server]: minetester leaves game. List of players: 
