2023-12-12 22:04:22: [Main]: Using game specified by --gameid on the command line
         __.               __.                 __.  
  _____ |__| ____   _____ /  |_  _____  _____ /  |_ 
 /     \|  |/    \ /  __ \    _\/  __ \/   __>    _\
|  Y Y  \  |   |  \   ___/|  | |   ___/\___  \|  |  
|__|_|  /  |___|  /\______>  |  \______>_____/|  |  
      \/ \/     \/         \/                  \/   
2023-12-12 22:04:24: ACTION[Main]: World at [/home/ubuntu/capstone/vpt-minetest/artefacts/8b10e4c9-e3fa-45ab-9c4b-6f2c07052491]
2023-12-12 22:04:24: ACTION[Main]: Server for gameid="minetest" listening on 0.0.0.0:30000.
2023-12-12 22:04:25: ACTION[Server]: minetester [127.0.0.1] joins game. List of players: minetester
2023-12-12 22:04:26: ACTION[Server]: minetester activates 
2023-12-12 22:04:26: ACTION[Server]: minetester activates 
2023-12-12 22:04:29: WARNING[Server]: active block modifiers took 2ms (processed 12 of 93 active blocks)
2023-12-12 22:04:29: ACTION[Server]: minetester activates 
2023-12-12 22:04:31: WARNING[Server]: active block modifiers took 2ms (processed 13 of 93 active blocks)
2023-12-12 22:04:31: WARNING[Server]: active block modifiers took 2ms (processed 12 of 93 active blocks)
2023-12-12 22:04:33: WARNING[Server]: active block modifiers took 2ms (processed 34 of 93 active blocks)
2023-12-12 22:04:33: WARNING[Server]: active block modifiers took 2ms (processed 33 of 93 active blocks)
2023-12-12 22:04:34: WARNING[Server]: active block modifiers took 2ms (processed 45 of 93 active blocks)
2023-12-12 22:04:36: [Main]: INFO: signal_handler(): Ctrl-C pressed, shutting down.
2023-12-12 22:04:36: ACTION[Main]: Server: Shutting down
