2023-12-12 22:05:01: [Main]: Using game specified by --gameid on the command line
         __.               __.                 __.  
  _____ |__| ____   _____ /  |_  _____  _____ /  |_ 
 /     \|  |/    \ /  __ \    _\/  __ \/   __>    _\
|  Y Y  \  |   |  \   ___/|  | |   ___/\___  \|  |  
|__|_|  /  |___|  /\______>  |  \______>_____/|  |  
      \/ \/     \/         \/                  \/   
2023-12-12 22:05:01: ACTION[Main]: World at [/home/ubuntu/capstone/vpt-minetest/artefacts/28c651c6-07d7-454e-9af4-ccaad0631bbf]
2023-12-12 22:05:01: ACTION[Main]: Server for gameid="minetest" listening on 0.0.0.0:30000.
2023-12-12 22:05:04: ACTION[Server]: minetester [127.0.0.1] joins game. List of players: minetester
2023-12-12 22:05:04: ACTION[Server]: minetester activates 
2023-12-12 22:05:04: ACTION[Server]: minetester activates 
2023-12-12 22:05:04: ACTION[Server]: minetester activates 
2023-12-12 22:05:04: ACTION[Server]: minetester activates 
2023-12-12 22:05:05: WARNING[Server]: active block modifiers took 2ms (processed 17 of 93 active blocks)
2023-12-12 22:05:05: ACTION[Server]: minetester activates 
2023-12-12 22:05:07: WARNING[Server]: active block modifiers took 2ms (processed 15 of 93 active blocks)
2023-12-12 22:05:07: WARNING[Server]: active block modifiers took 2ms (processed 17 of 93 active blocks)
2023-12-12 22:05:08: WARNING[Server]: active block modifiers took 2ms (processed 22 of 93 active blocks)
2023-12-12 22:05:08: WARNING[Server]: active block modifiers took 2ms (processed 23 of 93 active blocks)
2023-12-12 22:05:09: [Main]: INFO: signal_handler(): Ctrl-C pressed, shutting down.
2023-12-12 22:05:09: ACTION[Main]: Server: Shutting down
