2023-12-07 04:19:58: [Main]: Using game specified by --gameid on the command line
         __.               __.                 __.  
  _____ |__| ____   _____ /  |_  _____  _____ /  |_ 
 /     \|  |/    \ /  __ \    _\/  __ \/   __>    _\
|  Y Y  \  |   |  \   ___/|  | |   ___/\___  \|  |  
|__|_|  /  |___|  /\______>  |  \______>_____/|  |  
      \/ \/     \/         \/                  \/   
2023-12-07 04:19:59: ACTION[Main]: World at [/home/ubuntu/capstone/vpt-minetest/artefacts/7c7dfec9-4d15-4422-a65c-a05ba39cfee4]
2023-12-07 04:19:59: ACTION[Main]: Server for gameid="minetest" listening on 0.0.0.0:30000.
2023-12-07 04:20:02: ACTION[Server]: minetester [127.0.0.1] joins game. List of players: minetester
2023-12-07 04:20:04: WARNING[Server]: active block modifiers took 2ms (processed 8 of 93 active blocks)
2023-12-07 04:20:06: WARNING[Server]: active block modifiers took 2ms (processed 8 of 93 active blocks)
2023-12-07 04:20:07: WARNING[Server]: active block modifiers took 2ms (processed 5 of 93 active blocks)
2023-12-07 04:20:08: WARNING[Server]: active block modifiers took 2ms (processed 4 of 93 active blocks)
2023-12-07 04:20:08: WARNING[Server]: active block modifiers took 2ms (processed 5 of 93 active blocks)
2023-12-07 04:20:10: WARNING[Server]: active block modifiers took 2ms (processed 9 of 93 active blocks)
2023-12-07 04:20:12: WARNING[Server]: active block modifiers took 2ms (processed 9 of 93 active blocks)
2023-12-07 04:20:13: WARNING[Server]: active block modifiers took 2ms (processed 7 of 93 active blocks)
2023-12-07 04:20:14: WARNING[Server]: active block modifiers took 2ms (processed 10 of 93 active blocks)
2023-12-07 04:20:14: WARNING[Server]: active block modifiers took 2ms (processed 7 of 93 active blocks)
2023-12-07 04:20:15: WARNING[Server]: active block modifiers took 2ms (processed 31 of 93 active blocks)
2023-12-07 04:20:15: WARNING[Server]: active block modifiers took 2ms (processed 13 of 93 active blocks)
2023-12-07 04:20:16: WARNING[Server]: active block modifiers took 2ms (processed 13 of 93 active blocks)
2023-12-07 04:20:18: WARNING[Server]: active block modifiers took 2ms (processed 20 of 93 active blocks)
2023-12-07 04:20:19: WARNING[Server]: active block modifiers took 2ms (processed 32 of 93 active blocks)
2023-12-07 04:20:20: WARNING[Server]: active block modifiers took 2ms (processed 29 of 93 active blocks)
2023-12-07 04:20:20: WARNING[Server]: active block modifiers took 2ms (processed 11 of 93 active blocks)
2023-12-07 04:20:22: WARNING[Server]: active block modifiers took 2ms (processed 48 of 93 active blocks)
2023-12-07 04:20:23: WARNING[Server]: active block modifiers took 2ms (processed 33 of 93 active blocks)
2023-12-07 04:20:26: WARNING[Server]: active block modifiers took 2ms (processed 23 of 93 active blocks)
2023-12-07 04:20:31: WARNING[Server]: active block modifiers took 2ms (processed 43 of 93 active blocks)
2023-12-07 04:20:32: WARNING[Server]: active block modifiers took 2ms (processed 39 of 93 active blocks)
2023-12-07 04:20:38: WARNING[Server]: active block modifiers took 2ms (processed 22 of 93 active blocks)
2023-12-07 04:20:44: WARNING[Server]: active block modifiers took 2ms (processed 32 of 93 active blocks)
2023-12-07 04:20:47: WARNING[Server]: active block modifiers took 2ms (processed 23 of 93 active blocks)
2023-12-07 04:20:50: WARNING[Server]: active block modifiers took 2ms (processed 35 of 93 active blocks)
2023-12-07 04:20:55: WARNING[Server]: active block modifiers took 2ms (processed 40 of 93 active blocks)
2023-12-07 04:20:56: WARNING[Server]: active block modifiers took 2ms (processed 21 of 93 active blocks)
2023-12-07 04:21:02: WARNING[Server]: active block modifiers took 2ms (processed 28 of 93 active blocks)
2023-12-07 04:21:03: WARNING[Server]: active block modifiers took 2ms (processed 82 of 93 active blocks)
2023-12-07 04:21:08: WARNING[Server]: active block modifiers took 2ms (processed 34 of 93 active blocks)
2023-12-07 04:21:11: WARNING[Server]: active block modifiers took 2ms (processed 64 of 93 active blocks)
2023-12-07 04:21:14: WARNING[Server]: active block modifiers took 2ms (processed 15 of 93 active blocks)
2023-12-07 04:21:19: WARNING[Server]: active block modifiers took 2ms (processed 52 of 93 active blocks)
2023-12-07 04:21:20: WARNING[Server]: active block modifiers took 2ms (processed 27 of 93 active blocks)
2023-12-07 04:21:26: WARNING[Server]: active block modifiers took 2ms (processed 34 of 93 active blocks)
2023-12-07 04:21:32: WARNING[Server]: active block modifiers took 2ms (processed 92 of 93 active blocks)
2023-12-07 04:21:35: WARNING[Server]: active block modifiers took 2ms (processed 40 of 93 active blocks)
2023-12-07 04:21:38: WARNING[Server]: active block modifiers took 2ms (processed 40 of 93 active blocks)
2023-12-07 04:21:43: WARNING[Server]: active block modifiers took 2ms (processed 63 of 93 active blocks)
2023-12-07 04:21:44: WARNING[Server]: active block modifiers took 2ms (processed 20 of 93 active blocks)
2023-12-07 04:21:50: WARNING[Server]: active block modifiers took 2ms (processed 49 of 93 active blocks)
2023-12-07 04:21:51: WARNING[Server]: active block modifiers took 2ms (processed 93 of 93 active blocks)
2023-12-07 04:21:56: WARNING[Server]: active block modifiers took 2ms (processed 25 of 93 active blocks)
2023-12-07 04:22:00: ACTION[Server]: Server: Player with name "minetester" tried to connect, but player with same name is already connected
2023-12-07 04:22:02: WARNING[Server]: active block modifiers took 2ms (processed 19 of 93 active blocks)
2023-12-07 04:22:07: WARNING[Server]: active block modifiers took 2ms (processed 28 of 93 active blocks)
2023-12-07 04:22:08: WARNING[Server]: active block modifiers took 2ms (processed 15 of 93 active blocks)
2023-12-07 04:22:15: WARNING[Server]: active block modifiers took 2ms (processed 25 of 93 active blocks)
2023-12-07 04:22:16: WARNING[Server]: active block modifiers took 2ms (processed 23 of 93 active blocks)
2023-12-07 04:22:20: WARNING[Server]: active block modifiers took 2ms (processed 13 of 93 active blocks)
2023-12-07 04:22:24: WARNING[Server]: active block modifiers took 2ms (processed 18 of 93 active blocks)
2023-12-07 04:22:27: WARNING[Server]: active block modifiers took 2ms (processed 26 of 93 active blocks)
2023-12-07 04:22:31: WARNING[Server]: active block modifiers took 2ms (processed 56 of 93 active blocks)
2023-12-07 04:22:33: WARNING[Server]: active block modifiers took 2ms (processed 20 of 93 active blocks)
2023-12-07 04:22:39: WARNING[Server]: active block modifiers took 2ms (processed 18 of 93 active blocks)
2023-12-07 04:22:40: WARNING[Server]: active block modifiers took 2ms (processed 41 of 93 active blocks)
2023-12-07 04:22:45: WARNING[Server]: active block modifiers took 2ms (processed 39 of 93 active blocks)
2023-12-07 04:22:48: WARNING[Server]: active block modifiers took 2ms (processed 24 of 93 active blocks)
2023-12-07 04:22:51: WARNING[Server]: active block modifiers took 2ms (processed 21 of 93 active blocks)
2023-12-07 04:22:56: WARNING[Server]: active block modifiers took 2ms (processed 42 of 93 active blocks)
2023-12-07 04:22:57: WARNING[Server]: active block modifiers took 2ms (processed 16 of 93 active blocks)
2023-12-07 04:23:03: WARNING[Server]: active block modifiers took 2ms (processed 39 of 93 active blocks)
2023-12-07 04:23:04: WARNING[Server]: active block modifiers took 2ms (processed 45 of 93 active blocks)
2023-12-07 04:23:09: WARNING[Server]: active block modifiers took 2ms (processed 30 of 93 active blocks)
2023-12-07 04:23:12: WARNING[Server]: active block modifiers took 2ms (processed 33 of 93 active blocks)
2023-12-07 04:23:15: WARNING[Server]: active block modifiers took 2ms (processed 15 of 93 active blocks)
2023-12-07 04:23:20: WARNING[Server]: active block modifiers took 2ms (processed 28 of 93 active blocks)
2023-12-07 04:23:21: WARNING[Server]: active block modifiers took 2ms (processed 31 of 93 active blocks)
2023-12-07 04:23:27: WARNING[Server]: active block modifiers took 2ms (processed 16 of 93 active blocks)
2023-12-07 04:23:28: WARNING[Server]: active block modifiers took 2ms (processed 36 of 93 active blocks)
2023-12-07 04:23:33: WARNING[Server]: active block modifiers took 2ms (processed 20 of 93 active blocks)
2023-12-07 04:23:36: WARNING[Server]: active block modifiers took 2ms (processed 39 of 93 active blocks)
2023-12-07 04:23:39: WARNING[Server]: active block modifiers took 2ms (processed 22 of 93 active blocks)
2023-12-07 04:23:44: WARNING[Server]: active block modifiers took 2ms (processed 24 of 93 active blocks)
2023-12-07 04:23:45: WARNING[Server]: active block modifiers took 2ms (processed 15 of 93 active blocks)
2023-12-07 04:23:51: WARNING[Server]: active block modifiers took 2ms (processed 13 of 93 active blocks)
2023-12-07 04:23:52: WARNING[Server]: active block modifiers took 2ms (processed 25 of 93 active blocks)
2023-12-07 04:23:57: WARNING[Server]: active block modifiers took 2ms (processed 19 of 93 active blocks)
2023-12-07 04:24:00: WARNING[Server]: active block modifiers took 2ms (processed 29 of 93 active blocks)
2023-12-07 04:24:03: WARNING[Server]: active block modifiers took 2ms (processed 17 of 93 active blocks)
2023-12-07 04:24:08: WARNING[Server]: active block modifiers took 2ms (processed 36 of 93 active blocks)
2023-12-07 04:24:09: WARNING[Server]: active block modifiers took 2ms (processed 22 of 93 active blocks)
2023-12-07 04:24:15: WARNING[Server]: active block modifiers took 2ms (processed 18 of 93 active blocks)
2023-12-07 04:24:16: WARNING[Server]: active block modifiers took 2ms (processed 49 of 93 active blocks)
2023-12-07 04:24:21: WARNING[Server]: active block modifiers took 2ms (processed 31 of 93 active blocks)
2023-12-07 04:24:24: WARNING[Server]: active block modifiers took 2ms (processed 23 of 93 active blocks)
2023-12-07 04:24:27: WARNING[Server]: active block modifiers took 2ms (processed 25 of 93 active blocks)
2023-12-07 04:24:32: WARNING[Server]: active block modifiers took 2ms (processed 24 of 93 active blocks)
2023-12-07 04:24:33: WARNING[Server]: active block modifiers took 2ms (processed 24 of 93 active blocks)
2023-12-07 04:24:39: WARNING[Server]: active block modifiers took 2ms (processed 13 of 93 active blocks)
2023-12-07 04:24:40: WARNING[Server]: active block modifiers took 2ms (processed 27 of 93 active blocks)
2023-12-07 04:24:45: WARNING[Server]: active block modifiers took 2ms (processed 22 of 93 active blocks)
2023-12-07 04:24:48: WARNING[Server]: active block modifiers took 2ms (processed 5 of 93 active blocks)
2023-12-07 04:24:51: WARNING[Server]: active block modifiers took 2ms (processed 13 of 93 active blocks)
2023-12-07 04:24:56: WARNING[Server]: active block modifiers took 2ms (processed 22 of 93 active blocks)
2023-12-07 04:24:57: WARNING[Server]: active block modifiers took 2ms (processed 28 of 93 active blocks)
2023-12-07 04:25:03: WARNING[Server]: active block modifiers took 2ms (processed 25 of 93 active blocks)
2023-12-07 04:25:04: WARNING[Server]: active block modifiers took 2ms (processed 38 of 93 active blocks)
2023-12-07 04:25:09: WARNING[Server]: active block modifiers took 2ms (processed 21 of 93 active blocks)
2023-12-07 04:25:12: WARNING[Server]: active block modifiers took 2ms (processed 31 of 93 active blocks)
2023-12-07 04:25:15: WARNING[Server]: active block modifiers took 2ms (processed 25 of 93 active blocks)
2023-12-07 04:25:20: WARNING[Server]: active block modifiers took 2ms (processed 37 of 93 active blocks)
2023-12-07 04:25:21: WARNING[Server]: active block modifiers took 2ms (processed 19 of 93 active blocks)
2023-12-07 04:25:27: WARNING[Server]: active block modifiers took 2ms (processed 28 of 93 active blocks)
2023-12-07 04:25:28: WARNING[Server]: active block modifiers took 2ms (processed 56 of 93 active blocks)
2023-12-07 04:25:33: WARNING[Server]: active block modifiers took 2ms (processed 67 of 93 active blocks)
